Log file open, 07/24/18 14:00:03
LogWindows: Failed to load 'aqProf.dll' (GetLastError=126)
LogWindows: File 'aqProf.dll' does not exist
LogWindows: Failed to load 'VtuneApi.dll' (GetLastError=126)
LogWindows: File 'VtuneApi.dll' does not exist
LogWindows: Failed to load 'VtuneApi32e.dll' (GetLastError=126)
LogWindows: File 'VtuneApi32e.dll' does not exist
LogInit: Display: Running engine for game: DefenseSurvival
LogPlatformFile: Not using cached read wrapper
LogInit: Display: RandInit(1478894545) SRandInit(1478894545).
LogInit: Read version file with build ID '3944462'
LogInit: Overriding engine version to CL 4033788, compatible CL 3944462
LogInit: Registered custom module enumerator with build ID '3944462'
LogTaskGraph: Started task graph with 5 named threads and 20 total threads with 3 sets of task threads.
LogStats: Stats thread started at 2.060928
LogD3D11RHI: Aftermath initialized
LogICUInternationalization: Display: ICU TimeZone Detection - Raw Offset: +9:00, Platform Override: ''
LogModuleManager: Display: Found up-to-date module file ../../../Engine/Plugins/2D/Paper2D/Binaries/Win64/UE4Editor-Paper2D.dll (API version 3944462).
LogModuleManager: Display: Found up-to-date module file ../../../Engine/Plugins/2D/Paper2D/Binaries/Win64/UE4Editor-Paper2DEditor.dll (API version 3944462).
LogModuleManager: Display: Found up-to-date module file ../../../Engine/Plugins/2D/Paper2D/Binaries/Win64/UE4Editor-PaperSpriteSheetImporter.dll (API version 3944462).
LogModuleManager: Display: Found up-to-date module file ../../../Engine/Plugins/2D/Paper2D/Binaries/Win64/UE4Editor-PaperTiledImporter.dll (API version 3944462).
LogModuleManager: Display: Found up-to-date module file ../../../Engine/Plugins/2D/Paper2D/Binaries/Win64/UE4Editor-SmartSnapping.dll (API version 3944462).
LogModuleManager: Display: Found up-to-date module file ../../../Engine/Plugins/Blendables/LightPropagationVolume/Binaries/Win64/UE4Editor-LightPropagationVolumeRuntime.dll (API version 3944462).
LogModuleManager: Display: Found up-to-date module file ../../../Engine/Plugins/Blendables/LightPropagationVolume/Binaries/Win64/UE4Editor-LightPropagationVolumeEditor.dll (API version 3944462).
LogModuleManager: Display: Found up-to-date module file ../../../Engine/Plugins/Developer/CLionSourceCodeAccess/Binaries/Win64/UE4Editor-CLionSourceCodeAccess.dll (API version 3944462).
LogModuleManager: Display: Found up-to-date module file ../../../Engine/Plugins/Developer/GitSourceControl/Binaries/Win64/UE4Editor-GitSourceControl.dll (API version 3944462).
LogModuleManager: Display: Found up-to-date module file ../../../Engine/Plugins/Developer/PerforceSourceControl/Binaries/Win64/UE4Editor-PerforceSourceControl.dll (API version 3944462).
LogModuleManager: Display: Found up-to-date module file ../../../Engine/Plugins/Developer/SubversionSourceControl/Binaries/Win64/UE4Editor-SubversionSourceControl.dll (API version 3944462).
LogModuleManager: Display: Found up-to-date module file ../../../Engine/Plugins/Developer/UObjectPlugin/Binaries/Win64/UE4Editor-UObjectPlugin.dll (API version 3944462).
LogModuleManager: Display: Found up-to-date module file ../../../Engine/Plugins/Developer/VisualStudioCodeSourceCodeAccess/Binaries/Win64/UE4Editor-VisualStudioCodeSourceCodeAccess.dll (API version 3944462).
LogModuleManager: Display: Found up-to-date module file ../../../Engine/Plugins/Developer/VisualStudioSourceCodeAccess/Binaries/Win64/UE4Editor-VisualStudioSourceCodeAccess.dll (API version 3944462).
LogModuleManager: Display: Found up-to-date module file ../../../Engine/Plugins/Editor/AssetManagerEditor/Binaries/Win64/UE4Editor-AssetManagerEditor.dll (API version 3944462).
LogModuleManager: Display: Found up-to-date module file ../../../Engine/Plugins/Editor/CryptoKeys/Binaries/Win64/UE4Editor-CryptoKeys.dll (API version 3944462).
LogModuleManager: Display: Found up-to-date module file ../../../Engine/Plugins/Editor/CryptoKeys/Binaries/Win64/UE4Editor-CryptoKeysOpenSSL.dll (API version 3944462).
LogModuleManager: Display: Found up-to-date module file ../../../Engine/Plugins/Editor/DataValidation/Binaries/Win64/UE4Editor-DataValidation.dll (API version 3944462).
LogModuleManager: Display: Found up-to-date module file ../../../Engine/Plugins/Editor/FacialAnimation/Binaries/Win64/UE4Editor-FacialAnimation.dll (API version 3944462).
LogModuleManager: Display: Found up-to-date module file ../../../Engine/Plugins/Editor/FacialAnimation/Binaries/Win64/UE4Editor-FacialAnimationEditor.dll (API version 3944462).
LogModuleManager: Display: Found up-to-date module file ../../../Engine/Plugins/Editor/GameplayTagsEditor/Binaries/Win64/UE4Editor-GameplayTagsEditor.dll (API version 3944462).
LogModuleManager: Display: Found up-to-date module file ../../../Engine/Plugins/Editor/MobileLauncherProfileWizard/Binaries/Win64/UE4Editor-MobileLauncherProfileWizard.dll (API version 3944462).
LogModuleManager: Display: Found up-to-date module file ../../../Engine/Plugins/Editor/PluginBrowser/Binaries/Win64/UE4Editor-PluginBrowser.dll (API version 3944462).
LogModuleManager: Display: Found up-to-date module file ../../../Engine/Plugins/Editor/SpeedTreeImporter/Binaries/Win64/UE4Editor-SpeedTreeImporter.dll (API version 3944462).
LogModuleManager: Display: Found up-to-date module file ../../../Engine/Plugins/Enterprise/DatasmithContent/Binaries/Win64/UE4Editor-DatasmithContent.dll (API version 3944462).
LogModuleManager: Display: Found up-to-date module file ../../../Engine/Plugins/Experimental/AlembicImporter/Binaries/Win64/UE4Editor-AlembicImporter.dll (API version 3944462).
LogModuleManager: Display: Found up-to-date module file ../../../Engine/Plugins/Experimental/AlembicImporter/Binaries/Win64/UE4Editor-AlembicLibrary.dll (API version 3944462).
LogModuleManager: Display: Found up-to-date module file ../../../Engine/Plugins/Experimental/CharacterAI/Binaries/Win64/UE4Editor-CharacterAI.dll (API version 3944462).
LogModuleManager: Display: Found up-to-date module file ../../../Engine/Plugins/Experimental/HTML5Networking/Binaries/Win64/UE4Editor-HTML5Networking.dll (API version 3944462).
LogModuleManager: Display: Found up-to-date module file ../../../Engine/Plugins/Media/AndroidMedia/Binaries/Win64/UE4Editor-AndroidMediaEditor.dll (API version 3944462).
LogModuleManager: Display: Found up-to-date module file ../../../Engine/Plugins/Media/AndroidMedia/Binaries/Win64/UE4Editor-AndroidMediaFactory.dll (API version 3944462).
LogModuleManager: Display: Found up-to-date module file ../../../Engine/Plugins/Media/AvfMedia/Binaries/Win64/UE4Editor-AvfMediaEditor.dll (API version 3944462).
LogModuleManager: Display: Found up-to-date module file ../../../Engine/Plugins/Media/AvfMedia/Binaries/Win64/UE4Editor-AvfMediaFactory.dll (API version 3944462).
LogModuleManager: Display: Found up-to-date module file ../../../Engine/Plugins/Media/AvfMedia/Binaries/Win64/UE4Editor-AvfMediaFactory.dll (API version 3944462).
LogModuleManager: Display: Found up-to-date module file ../../../Engine/Plugins/Media/ImgMedia/Binaries/Win64/UE4Editor-ImgMedia.dll (API version 3944462).
LogModuleManager: Display: Found up-to-date module file ../../../Engine/Plugins/Media/ImgMedia/Binaries/Win64/UE4Editor-ImgMediaEditor.dll (API version 3944462).
LogModuleManager: Display: Found up-to-date module file ../../../Engine/Plugins/Media/ImgMedia/Binaries/Win64/UE4Editor-ImgMediaFactory.dll (API version 3944462).
LogModuleManager: Display: Found up-to-date module file ../../../Engine/Plugins/Media/ImgMedia/Binaries/Win64/UE4Editor-ImgMediaFactory.dll (API version 3944462).
LogModuleManager: Display: Found up-to-date module file ../../../Engine/Plugins/Media/ImgMedia/Binaries/Win64/UE4Editor-OpenExrWrapper.dll (API version 3944462).
LogModuleManager: Display: Found up-to-date module file ../../../Engine/Plugins/Media/LinearTimecode/Binaries/Win64/UE4Editor-LinearTimecode.dll (API version 3944462).
LogModuleManager: Display: Found up-to-date module file ../../../Engine/Plugins/Media/MediaCompositing/Binaries/Win64/UE4Editor-MediaCompositing.dll (API version 3944462).
LogModuleManager: Display: Found up-to-date module file ../../../Engine/Plugins/Media/MediaCompositing/Binaries/Win64/UE4Editor-MediaCompositingEditor.dll (API version 3944462).
LogModuleManager: Display: Found up-to-date module file ../../../Engine/Plugins/Media/MediaPlayerEditor/Binaries/Win64/UE4Editor-MediaPlayerEditor.dll (API version 3944462).
LogModuleManager: Display: Found up-to-date module file ../../../Engine/Plugins/Media/WmfMedia/Binaries/Win64/UE4Editor-WmfMedia.dll (API version 3944462).
LogModuleManager: Display: Found up-to-date module file ../../../Engine/Plugins/Media/WmfMedia/Binaries/Win64/UE4Editor-WmfMediaEditor.dll (API version 3944462).
LogModuleManager: Display: Found up-to-date module file ../../../Engine/Plugins/Media/WmfMedia/Binaries/Win64/UE4Editor-WmfMediaFactory.dll (API version 3944462).
LogModuleManager: Display: Found up-to-date module file ../../../Engine/Plugins/Media/WmfMedia/Binaries/Win64/UE4Editor-WmfMediaFactory.dll (API version 3944462).
LogModuleManager: Display: Found up-to-date module file ../../../Engine/Plugins/Messaging/TcpMessaging/Binaries/Win64/UE4Editor-TcpMessaging.dll (API version 3944462).
LogModuleManager: Display: Found up-to-date module file ../../../Engine/Plugins/Messaging/UdpMessaging/Binaries/Win64/UE4Editor-UdpMessaging.dll (API version 3944462).
LogModuleManager: Display: Found up-to-date module file ../../../Engine/Plugins/MovieScene/ActorSequence/Binaries/Win64/UE4Editor-ActorSequence.dll (API version 3944462).
LogModuleManager: Display: Found up-to-date module file ../../../Engine/Plugins/MovieScene/LevelSequenceEditor/Binaries/Win64/UE4Editor-LevelSequenceEditor.dll (API version 3944462).
LogModuleManager: Display: Found up-to-date module file ../../../Engine/Plugins/MovieScene/MatineeToLevelSequence/Binaries/Win64/UE4Editor-MatineeToLevelSequence.dll (API version 3944462).
LogModuleManager: Display: Found up-to-date module file ../../../Engine/Plugins/NetcodeUnitTest/NetcodeUnitTest/Binaries/Win64/UE4Editor-NetcodeUnitTest.dll (API version 3944462).
LogModuleManager: Display: Found up-to-date module file ../../../Engine/Plugins/NetcodeUnitTest/NUTUnrealEngine4/Binaries/Win64/UE4Editor-NUTUnrealEngine4.dll (API version 3944462).
LogModuleManager: Display: Found up-to-date module file ../../../Engine/Plugins/Online/OnlineSubsystem/Binaries/Win64/UE4Editor-OnlineSubsystem.dll (API version 3944462).
LogModuleManager: Display: Found up-to-date module file ../../../Engine/Plugins/Runtime/AndroidPermission/Binaries/Win64/UE4Editor-AndroidPermission.dll (API version 3944462).
LogModuleManager: Display: Found up-to-date module file ../../../Engine/Plugins/Online/OnlineSubsystemNull/Binaries/Win64/UE4Editor-OnlineSubsystemNull.dll (API version 3944462).
LogModuleManager: Display: Found up-to-date module file ../../../Engine/Plugins/Online/OnlineSubsystemUtils/Binaries/Win64/UE4Editor-OnlineSubsystemUtils.dll (API version 3944462).
LogModuleManager: Display: Found up-to-date module file ../../../Engine/Plugins/Online/OnlineSubsystemUtils/Binaries/Win64/UE4Editor-OnlineBlueprintSupport.dll (API version 3944462).
LogModuleManager: Display: Found up-to-date module file ../../../Engine/Plugins/Runtime/AndroidDeviceProfileSelector/Binaries/Win64/UE4Editor-AndroidDeviceProfileSelector.dll (API version 3944462).
LogModuleManager: Display: Found up-to-date module file ../../../Engine/Plugins/Runtime/AppleARKit/Binaries/Win64/UE4Editor-AppleARKit.dll (API version 3944462).
LogModuleManager: Display: Found up-to-date module file ../../../Engine/Plugins/Runtime/ProceduralMeshComponent/Binaries/Win64/UE4Editor-ProceduralMeshComponent.dll (API version 3944462).
LogModuleManager: Display: Found up-to-date module file ../../../Engine/Plugins/Runtime/ProceduralMeshComponent/Binaries/Win64/UE4Editor-ProceduralMeshComponentEditor.dll (API version 3944462).
LogModuleManager: Display: Found up-to-date module file ../../../Engine/Plugins/Animation/LiveLink/Binaries/Win64/UE4Editor-LiveLink.dll (API version 3944462).
LogModuleManager: Display: Found up-to-date module file ../../../Engine/Plugins/Animation/LiveLink/Binaries/Win64/UE4Editor-LiveLinkEditor.dll (API version 3944462).
LogModuleManager: Display: Found up-to-date module file ../../../Engine/Plugins/Runtime/ArchVisCharacter/Binaries/Win64/UE4Editor-ArchVisCharacter.dll (API version 3944462).
LogModuleManager: Display: Found up-to-date module file ../../../Engine/Plugins/Runtime/AudioCapture/Binaries/Win64/UE4Editor-AudioCapture.dll (API version 3944462).
LogModuleManager: Display: Found up-to-date module file ../../../Engine/Plugins/Runtime/AudioCapture/Binaries/Win64/UE4Editor-AudioCaptureEditor.dll (API version 3944462).
LogModuleManager: Display: Found up-to-date module file ../../../Engine/Plugins/Runtime/CableComponent/Binaries/Win64/UE4Editor-CableComponent.dll (API version 3944462).
LogModuleManager: Display: Found up-to-date module file ../../../Engine/Plugins/Runtime/CustomMeshComponent/Binaries/Win64/UE4Editor-CustomMeshComponent.dll (API version 3944462).
LogModuleManager: Display: Found up-to-date module file ../../../Engine/Plugins/Runtime/ExampleDeviceProfileSelector/Binaries/Win64/UE4Editor-ExampleDeviceProfileSelector.dll (API version 3944462).
LogModuleManager: Display: Found up-to-date module file ../../../Engine/Plugins/Runtime/ImmediatePhysics/Binaries/Win64/UE4Editor-ImmediatePhysics.dll (API version 3944462).
LogModuleManager: Display: Found up-to-date module file ../../../Engine/Plugins/Runtime/ImmediatePhysics/Binaries/Win64/UE4Editor-ImmediatePhysicsEditor.dll (API version 3944462).
LogModuleManager: Display: Found up-to-date module file ../../../Engine/Plugins/Runtime/LocationServicesBPLibrary/Binaries/Win64/UE4Editor-LocationServicesBPLibrary.dll (API version 3944462).
LogModuleManager: Display: Found up-to-date module file ../../../Engine/Plugins/Runtime/MobilePatchingUtils/Binaries/Win64/UE4Editor-MobilePatchingUtils.dll (API version 3944462).
LogModuleManager: Display: Found up-to-date module file ../../../Engine/Plugins/Runtime/Oculus/OculusVR/Binaries/Win64/UE4Editor-OculusHMD.dll (API version 3944462).
LogModuleManager: Display: Found up-to-date module file ../../../Engine/Plugins/Runtime/Oculus/OculusVR/Binaries/Win64/UE4Editor-OculusInput.dll (API version 3944462).
LogModuleManager: Display: Found up-to-date module file ../../../Engine/Plugins/Runtime/Oculus/OculusVR/Binaries/Win64/UE4Editor-OculusEditor.dll (API version 3944462).
LogModuleManager: Display: Found up-to-date module file ../../../Engine/Plugins/Runtime/PhysXVehicles/Binaries/Win64/UE4Editor-PhysXVehicles.dll (API version 3944462).
LogModuleManager: Display: Found up-to-date module file ../../../Engine/Plugins/Runtime/PhysXVehicles/Binaries/Win64/UE4Editor-PhysXVehiclesEditor.dll (API version 3944462).
LogModuleManager: Display: Found up-to-date module file ../../../Engine/Plugins/Runtime/RuntimePhysXCooking/Binaries/Win64/UE4Editor-RuntimePhysXCooking.dll (API version 3944462).
LogModuleManager: Display: Found up-to-date module file ../../../Engine/Plugins/Runtime/Steam/SteamVR/Binaries/Win64/UE4Editor-SteamVR.dll (API version 3944462).
LogModuleManager: Display: Found up-to-date module file ../../../Engine/Plugins/Runtime/Steam/SteamVR/Binaries/Win64/UE4Editor-SteamVRController.dll (API version 3944462).
LogModuleManager: Display: Found up-to-date module file ../../../Engine/Plugins/Runtime/WindowsMoviePlayer/Binaries/Win64/UE4Editor-WindowsMoviePlayer.dll (API version 3944462).
LogPluginManager: Mounting plugin Paper2D
LogPluginManager: Mounting plugin LiveLink
LogPluginManager: Mounting plugin LightPropagationVolume
LogPluginManager: Mounting plugin CLionSourceCodeAccess
LogPluginManager: Mounting plugin CodeLiteSourceCodeAccess
LogPluginManager: Mounting plugin GitSourceControl
LogPluginManager: Mounting plugin KDevelopSourceCodeAccess
LogPluginManager: Mounting plugin NullSourceCodeAccess
LogPluginManager: Mounting plugin PerforceSourceControl
LogPluginManager: Mounting plugin SubversionSourceControl
LogPluginManager: Mounting plugin UObjectPlugin
LogPluginManager: Mounting plugin VisualStudioCodeSourceCodeAccess
LogPluginManager: Mounting plugin VisualStudioSourceCodeAccess
LogPluginManager: Mounting plugin XCodeSourceCodeAccess
LogPluginManager: Mounting plugin AssetManagerEditor
LogPluginManager: Mounting plugin CryptoKeys
LogPluginManager: Mounting plugin DataValidation
LogPluginManager: Mounting plugin FacialAnimation
LogPluginManager: Mounting plugin GameplayTagsEditor
LogPluginManager: Mounting plugin MobileLauncherProfileWizard
LogPluginManager: Mounting plugin PluginBrowser
LogPluginManager: Mounting plugin SpeedTreeImporter
LogPluginManager: Mounting plugin DatasmithContent
LogPluginManager: Mounting plugin AlembicImporter
LogPluginManager: Mounting plugin CharacterAI
LogPluginManager: Mounting plugin HTML5Networking
LogPluginManager: Mounting plugin AndroidMedia
LogPluginManager: Mounting plugin AvfMedia
LogPluginManager: Mounting plugin ImgMedia
LogPluginManager: Mounting plugin LinearTimecode
LogPluginManager: Mounting plugin MediaCompositing
LogPluginManager: Mounting plugin MediaPlayerEditor
LogPluginManager: Mounting plugin WmfMedia
LogPluginManager: Mounting plugin TcpMessaging
LogPluginManager: Mounting plugin UdpMessaging
LogPluginManager: Mounting plugin ActorSequence
LogPluginManager: Mounting plugin LevelSequenceEditor
LogPluginManager: Mounting plugin MatineeToLevelSequence
LogPluginManager: Mounting plugin NetcodeUnitTest
LogPluginManager: Mounting plugin NUTUnrealEngine4
LogPluginManager: Mounting plugin OnlineSubsystemGooglePlay
LogPluginManager: Mounting plugin OnlineSubsystemIOS
LogPluginManager: Mounting plugin OnlineSubsystem
LogPluginManager: Mounting plugin OnlineSubsystemNull
LogPluginManager: Mounting plugin OnlineSubsystemUtils
LogPluginManager: Mounting plugin AndroidDeviceProfileSelector
LogPluginManager: Mounting plugin AndroidMoviePlayer
LogPluginManager: Mounting plugin AndroidPermission
LogPluginManager: Mounting plugin AppleARKit
LogPluginManager: Mounting plugin AppleMoviePlayer
LogPluginManager: Mounting plugin ArchVisCharacter
LogPluginManager: Mounting plugin AudioCapture
LogPluginManager: Mounting plugin CableComponent
LogPluginManager: Mounting plugin CustomMeshComponent
LogPluginManager: Mounting plugin ExampleDeviceProfileSelector
LogPluginManager: Mounting plugin GoogleCloudMessaging
LogPluginManager: Mounting plugin ImmediatePhysics
LogPluginManager: Mounting plugin IOSDeviceProfileSelector
LogPluginManager: Mounting plugin LinuxDeviceProfileSelector
LogPluginManager: Mounting plugin LocationServicesBPLibrary
LogPluginManager: Mounting plugin MobilePatchingUtils
LogPluginManager: Mounting plugin OculusVR
LogPluginManager: Plugin shader directory ../../../Engine/Plugins/Runtime/Oculus/OculusVR/Shaders found
LogPluginManager: Mapping shader source directory ../../../Engine/Plugins/Runtime/Oculus/OculusVR/Shaders to virtual directory /Plugin/OculusVR
LogPluginManager: Mounting plugin PhysXVehicles
LogPluginManager: Mounting plugin ProceduralMeshComponent
LogPluginManager: Mounting plugin RuntimePhysXCooking
LogPluginManager: Mounting plugin SteamVR
LogPluginManager: Mounting plugin WindowsMoviePlayer
LogStreaming: Display: Took  2.791s to configure plugins.
LogInit: Using libcurl 7.47.1
LogInit:  - built for x86_64-pc-win32
LogInit:  - supports SSL with OpenSSL/1.0.2g
LogInit:  - supports HTTP deflate (compression) using libz 1.2.8
LogInit:  - other features:
LogInit:      CURL_VERSION_SSL
LogInit:      CURL_VERSION_LIBZ
LogInit:      CURL_VERSION_IPV6
LogInit:      CURL_VERSION_ASYNCHDNS
LogInit:      CURL_VERSION_LARGEFILE
LogInit:      CURL_VERSION_IDN
LogInit:  CurlRequestOptions (configurable via config and command line):
LogInit:  - bVerifyPeer = false  - Libcurl will NOT verify peer certificate
LogInit:  - bUseHttpProxy = false  - Libcurl will NOT use HTTP proxy
LogInit:  - bDontReuseConnections = false  - Libcurl will reuse connections
LogInit:  - CertBundlePath = nullptr  - Libcurl will use whatever was configured at build time.
LogInit:  - MaxHostConnections = 16  - Libcurl will limit the number of connections to a host
LogInit:  - LocalHostAddr = Default
LogInit: WinSock: version 1.1 (2.2), MaxSocks=32767, MaxUdp=65467
LogInit: WinSock: I am JUN-HYOENG-HOME (192.168.1.49:0)
LogInit: Build: ++UE4+Release-4.19-CL-4033788
LogInit: Engine Version: 4.19.2-4033788+++UE4+Release-4.19
LogInit: Compatible Engine Version: 4.19.0-3944462+++UE4+Release-4.19
LogInit: Net CL: 3944462
LogDevObjectVersion: Number of dev versions registered: 18
LogDevObjectVersion:   Dev-Blueprints (B0D832E4-1F89-4F0D-ACCF-7EB736FD4AA2): 10
LogDevObjectVersion:   Dev-Build (E1C64328-A22C-4D53-A36C-8E866417BD8C): 0
LogDevObjectVersion:   Dev-Core (375EC13C-06E4-48FB-B500-84F0262A717E): 2
LogDevObjectVersion:   Dev-Editor (E4B068ED-F494-42E9-A231-DA0B2E46BB41): 23
LogDevObjectVersion:   Dev-Framework (CFFC743F-43B0-4480-9391-14DF171D2073): 33
LogDevObjectVersion:   Dev-Mobile (B02B49B5-BB20-44E9-A304-32B752E40360): 2
LogDevObjectVersion:   Dev-Networking (A4E4105C-59A1-49B5-A7C5-40C4547EDFEE): 0
LogDevObjectVersion:   Dev-Online (39C831C9-5AE6-47DC-9A44-9C173E1C8E7C): 0
LogDevObjectVersion:   Dev-Physics (78F01B33-EBEA-4F98-B9B4-84EACCB95AA2): 0
LogDevObjectVersion:   Dev-Platform (6631380F-2D4D-43E0-8009-CF276956A95A): 0
LogDevObjectVersion:   Dev-Rendering (12F88B9F-8875-4AFC-A67C-D90C383ABD29): 25
LogDevObjectVersion:   Dev-Sequencer (7B5AE74C-D270-4C10-A958-57980B212A5A): 6
LogDevObjectVersion:   Dev-VR (D7296918-1DD6-4BDD-9DE2-64A83CC13884): 1
LogDevObjectVersion:   Dev-LoadTimes (C2A15278-BFE7-4AFE-6C17-90FF531DF755): 1
LogDevObjectVersion:   Private-Geometry (6EACA3D4-40EC-4CC1-B786-8BED09428FC5): 2
LogDevObjectVersion:   Dev-AnimPhys (29E575DD-E0A3-4627-9D10-D276232CDCEA): 16
LogDevObjectVersion:   Dev-ReflectionCapture (6B266CEC-1EC7-4B8F-A30B-E4D90942FC07): 1
LogDevObjectVersion:   Dev-Automation (0DF73D61-A23F-47EA-B727-89E90C41499A): 1
LogInit: Compiled (64-bit): Apr 27 2018 02:06:57
LogInit: Compiled with Visual C++: 19.00.24215.01
LogInit: Build Configuration: Development
LogInit: Branch Name: ++UE4+Release-4.19
LogInit: Command Line:  
LogInit: Base Directory: D:/EpicGames/UE_4.19/Engine/Binaries/Win64/
LogInit: Installed Engine Build: 1
LogStreaming: Display: Took  0.000s to delete old logs.
LogInit: Presizing for max 8388607 objects, including 0 objects not considered by GC, pre-allocating 0 bytes for permanent pool.
LogInit: Object subsystem initialized
[2018.07.24-05.00.07:695][  0]LogInit: Selected Device Profile: [Windows]
[2018.07.24-05.00.07:695][  0]LogInit: Applying CVar settings loaded from the selected device profile: [Windows]
[2018.07.24-05.00.07:821][  0]LogInit: Computer: JUN-HYOENG-HOME
[2018.07.24-05.00.07:821][  0]LogInit: User: user
[2018.07.24-05.00.07:821][  0]LogInit: CPU Page size=4096, Cores=6
[2018.07.24-05.00.07:821][  0]LogInit: High frequency timer resolution =2.929687 MHz
[2018.07.24-05.00.07:821][  0]LogMemory: Memory total: Physical=15.9GB (16GB approx)
[2018.07.24-05.00.07:821][  0]LogMemory: Platform Memory Stats for Windows
[2018.07.24-05.00.07:821][  0]LogMemory: Process Physical Memory: 273.37 MB used, 273.37 MB peak
[2018.07.24-05.00.07:822][  0]LogMemory: Process Virtual Memory: 270.26 MB used, 270.26 MB peak
[2018.07.24-05.00.07:822][  0]LogMemory: Physical Memory: 4569.59 MB used,  11728.38 MB free, 16297.98 MB total
[2018.07.24-05.00.07:822][  0]LogMemory: Virtual Memory: 4796.73 MB used,  11728.38 MB free, 134217728.00 MB total
[2018.07.24-05.00.08:316][  0]LogInit: Using OS detected language (ko-KR).
[2018.07.24-05.00.08:316][  0]LogInit: Using OS detected locale (ko-KR).
[2018.07.24-05.00.08:511][  0]LogTextLocalizationManager: No specific localization for 'ko-KR' exists, so the 'ko' localization will be used.
[2018.07.24-05.00.09:054][  0]LogStreaming: Display: Took  0.722s to EndInitTextLocalization.
[2018.07.24-05.00.09:073][  0]LogInit: Setting process to per monitor DPI aware
[2018.07.24-05.00.09:739][  0]LogSlate: New Slate User Created.  User Index 0, Is Virtual User: 0
[2018.07.24-05.00.09:739][  0]LogSlate: Slate User Registered.  User Index 0, Is Virtual User: 0
[2018.07.24-05.00.11:835][  0]LogD3D11RHI: D3D11 adapters:
[2018.07.24-05.00.11:893][  0]LogD3D11RHI:    0. 'NVIDIA GeForce GTX 1060 6GB' (Feature Level 11_0)
[2018.07.24-05.00.11:893][  0]LogD3D11RHI:       6052/0/8148 MB DedicatedVideo/DedicatedSystem/SharedSystem, Outputs:2, VendorId:0x10de
[2018.07.24-05.00.11:895][  0]LogD3D11RHI:    1. 'Microsoft Basic Render Driver' (Feature Level 11_0)
[2018.07.24-05.00.11:895][  0]LogD3D11RHI:       0/0/8148 MB DedicatedVideo/DedicatedSystem/SharedSystem, Outputs:0, VendorId:0x1414
[2018.07.24-05.00.11:895][  0]LogD3D11RHI: Chosen D3D11 Adapter: 0
[2018.07.24-05.00.11:899][  0]LogD3D11RHI: Creating new Direct3DDevice
[2018.07.24-05.00.11:899][  0]LogD3D11RHI:     GPU DeviceId: 0x1c03 (for the marketing name, search the web for "GPU Device Id")
[2018.07.24-05.00.11:899][  0]LogWindows: EnumDisplayDevices:
[2018.07.24-05.00.11:899][  0]LogWindows:    0. 'NVIDIA GeForce GTX 1060 6GB' (P:1 D:1)
[2018.07.24-05.00.11:900][  0]LogWindows:    1. 'NVIDIA GeForce GTX 1060 6GB' (P:0 D:1)
[2018.07.24-05.00.11:900][  0]LogWindows:    2. 'NVIDIA GeForce GTX 1060 6GB' (P:0 D:0)
[2018.07.24-05.00.11:900][  0]LogWindows:    3. 'NVIDIA GeForce GTX 1060 6GB' (P:0 D:0)
[2018.07.24-05.00.11:900][  0]LogWindows: DebugString: GetVideoDriverDetailsInvalid PrimaryIsNotTheChoosenAdapter GetVideoDriverDetailsInvalid PrimaryIsNotTheChoosenAdapter GetVideoDriverDetailsInvalid PrimaryIsNotTheChoosenAdapter GetVideoDriverDetailsInvalid PrimaryIsNotTheChoosenAdapter FoundDriverCount:0 
[2018.07.24-05.00.11:900][  0]LogD3D11RHI:     Adapter Name: NVIDIA GeForce GTX 1060 6GB
[2018.07.24-05.00.11:900][  0]LogD3D11RHI:   Driver Version: Unknown (internal:Unknown, unified:Unknown)
[2018.07.24-05.00.11:900][  0]LogD3D11RHI:      Driver Date: Unknown
[2018.07.24-05.00.11:900][  0]LogRHI: Texture pool is 4236 MB (70% of 6052 MB)
[2018.07.24-05.00.11:934][  0]LogD3D11RHI: [Aftermath] Aftermath enabled and primed
[2018.07.24-05.00.11:934][  0]LogD3D11RHI: [Aftermath] Aftermath enabled and primed
[2018.07.24-05.00.11:934][  0]LogD3D11RHI: Async texture creation enabled
[2018.07.24-05.00.12:135][  0]LogD3D11RHI: GPU Timing Frequency: 1000.000000 (Debug: 2 2)
[2018.07.24-05.00.12:206][  0]LogShaderCompilers: Guid format shader working directory is 9 characters bigger than the processId version (C:/Users/user/Desktop/DefenseSurvival/Intermediate/Shaders/WorkingDirectory/532/).
[2018.07.24-05.00.12:213][  0]LogShaderCompilers: Cleaned the shader compiler working directory 'C:/Users/user/AppData/Local/Temp/UnrealShaderWorkingDir/A9A62DDA468C19441E05829AF74BB020/'.
[2018.07.24-05.00.13:183][  0]LogTemp: Display: Loaded TP AllDesktopTargetPlatform
[2018.07.24-05.00.13:193][  0]LogTemp: Display: Loaded TP MacClientTargetPlatform
[2018.07.24-05.00.13:204][  0]LogTemp: Display: Loaded TP MacNoEditorTargetPlatform
[2018.07.24-05.00.13:215][  0]LogTemp: Display: Loaded TP MacServerTargetPlatform
[2018.07.24-05.00.13:247][  0]LogTemp: Display: Loaded TP MacTargetPlatform
[2018.07.24-05.00.13:258][  0]LogTemp: Display: Loaded TP WindowsClientTargetPlatform
[2018.07.24-05.00.13:269][  0]LogTemp: Display: Loaded TP WindowsNoEditorTargetPlatform
[2018.07.24-05.00.13:312][  0]LogTemp: Display: Loaded TP WindowsServerTargetPlatform
[2018.07.24-05.00.13:317][  0]LogTemp: Display: Loaded TP WindowsTargetPlatform
[2018.07.24-05.00.13:328][  0]LogTemp: Display: Loaded TP Android_ASTCTargetPlatform
[2018.07.24-05.00.13:338][  0]LogTemp: Display: Loaded TP Android_ATCTargetPlatform
[2018.07.24-05.00.13:348][  0]LogTemp: Display: Loaded TP Android_DXTTargetPlatform
[2018.07.24-05.00.13:358][  0]LogTemp: Display: Loaded TP Android_ETC1aTargetPlatform
[2018.07.24-05.00.13:368][  0]LogTemp: Display: Loaded TP Android_ETC1TargetPlatform
[2018.07.24-05.00.13:378][  0]LogTemp: Display: Loaded TP Android_ETC2TargetPlatform
[2018.07.24-05.00.13:398][  0]LogTemp: Display: Loaded TP Android_MultiTargetPlatform
[2018.07.24-05.00.13:399][  0]LogTemp: Display: Loaded TP Android_PVRTCTargetPlatform
[2018.07.24-05.00.13:422][  0]LogTemp: Display: Loaded TP AndroidTargetPlatform
[2018.07.24-05.00.13:423][  0]LogTemp: Display: Loaded TP HTML5TargetPlatform
[2018.07.24-05.00.13:501][  0]LogTemp: Display: Loaded TP IOSTargetPlatform
[2018.07.24-05.00.13:511][  0]LogTemp: Display: Loaded TP TVOSTargetPlatform
[2018.07.24-05.00.13:521][  0]LogTemp: Display: Loaded TP LinuxClientTargetPlatform
[2018.07.24-05.00.13:531][  0]LogTemp: Display: Loaded TP LinuxNoEditorTargetPlatform
[2018.07.24-05.00.13:541][  0]LogTemp: Display: Loaded TP LinuxServerTargetPlatform
[2018.07.24-05.00.13:554][  0]LogTemp: Display: Loaded TP LinuxTargetPlatform
[2018.07.24-05.00.13:554][  0]LogTargetPlatformManager: Display: Building Assets For Windows
[2018.07.24-05.00.14:135][  0]LogXGEController: Cleaning working directory: C:/Users/user/AppData/Local/Temp/UnrealXGEWorkingDir/
[2018.07.24-05.00.14:135][  0]LogXGEController: Cannot use XGE Controller as Incredibuild is not installed on this machine.
[2018.07.24-05.00.14:138][  0]LogShaderCompilers: Cannot use XGE Shader Compiler as Incredibuild is not installed on this machine.
[2018.07.24-05.00.14:138][  0]LogShaderCompilers: Display: Using Local Shader Compiler.
[2018.07.24-05.00.16:067][  0]LogDerivedDataCache: Display: Max Cache Size: 512 MB
[2018.07.24-05.00.16:354][  0]LogDerivedDataCache: Loaded boot cache 0.29s 74MB C:/Users/user/AppData/Local/UnrealEngine/4.19/DerivedDataCache/Boot.ddc.
[2018.07.24-05.00.16:354][  0]LogDerivedDataCache: Display: Loaded Boot cache: C:/Users/user/AppData/Local/UnrealEngine/4.19/DerivedDataCache/Boot.ddc
[2018.07.24-05.00.16:354][  0]LogDerivedDataCache: FDerivedDataBackendGraph:  Pak pak cache file C:/Users/user/Desktop/DefenseSurvival/DerivedDataCache/DDC.ddp not found, will not use a pak cache.
[2018.07.24-05.00.16:355][  0]LogDerivedDataCache: Unable to find inner node Pak for hierarchical cache Hierarchy.
[2018.07.24-05.00.16:355][  0]LogDerivedDataCache: FDerivedDataBackendGraph:  CompressedPak pak cache file C:/Users/user/Desktop/DefenseSurvival/DerivedDataCache/Compressed.ddp not found, will not use a pak cache.
[2018.07.24-05.00.16:355][  0]LogDerivedDataCache: Unable to find inner node CompressedPak for hierarchical cache Hierarchy.
[2018.07.24-05.00.16:423][  0]LogDerivedDataCache: Display: Pak cache opened for reading ../../../Engine/DerivedDataCache/Compressed.ddp.
[2018.07.24-05.00.16:435][  0]LogDerivedDataCache: Using Local data cache path C:/Users/user/AppData/Local/UnrealEngine/Common/DerivedDataCache: Writable
[2018.07.24-05.00.16:435][  0]LogDerivedDataCache: Shared data cache path not found in *engine.ini, will not use an Shared cache.
[2018.07.24-05.00.16:435][  0]LogDerivedDataCache: Unable to find inner node Shared for hierarchical cache Hierarchy.
[2018.07.24-05.00.16:452][  0]LogMaterial: Verifying Global Shaders for PCD3D_SM5
[2018.07.24-05.00.16:471][  0]LogSlate: Using Freetype 2.6.0
[2018.07.24-05.00.16:559][  0]LogSlate: SlateFontCache - WITH_FREETYPE: 1, WITH_HARFBUZZ: 1
[2018.07.24-05.00.16:560][  0]LogSlate: SlateFontCache - WITH_FREETYPE: 1, WITH_HARFBUZZ: 1
[2018.07.24-05.00.20:186][  0]LogAssetRegistry: FAssetRegistry took 0.0273 seconds to start up
[2018.07.24-05.00.22:378][  0]LogInit: Selected Device Profile: [Windows]
[2018.07.24-05.00.23:232][  0]LogSimplygon: Simplygon DLL not present - disabling.
[2018.07.24-05.00.23:253][  0]LogMeshReduction: Using SimplygonSwarm for distributed automatic mesh merging
[2018.07.24-05.00.23:259][  0]LogMeshReduction: Using QuadricMeshReduction for automatic static mesh reduction
[2018.07.24-05.00.23:259][  0]LogMeshReduction: No automatic skeletal mesh reduction module available
[2018.07.24-05.00.23:259][  0]LogMeshReduction: No automatic mesh merging module available
[2018.07.24-05.00.23:259][  0]LogMeshMerging: No automatic mesh merging module available
[2018.07.24-05.00.23:504][  0]LogNetVersion: DefenseSurvival , NetCL: 3944462, EngineNetVer: 2, GameNetVer: 0 (Checksum: 3696840644)
[2018.07.24-05.00.26:010][  0]LogPackageLocalizationCache: Processed 9 localized package path(s) for 2 prioritized culture(s) in 0.081791 seconds
[2018.07.24-05.00.26:022][  0]LogUObjectArray: 36728 objects as part of root set at end of initial load.
[2018.07.24-05.00.26:022][  0]LogUObjectAllocator: 7314304 out of 0 bytes used by permanent object pool.
[2018.07.24-05.00.26:022][  0]LogUObjectArray: CloseDisregardForGC: 0/0 objects in disregard for GC pool
[2018.07.24-05.00.33:214][  0]LogTcpMessaging: Initializing TcpMessaging bridge
[2018.07.24-05.00.33:246][  0]LogUdpMessaging: Initializing bridge on interface 0.0.0.0:0 to multicast group 230.0.0.1:6666.
[2018.07.24-05.00.33:818][  0]SourceControl: 소스 콘트롤이 꺼졌습니다.
[2018.07.24-05.00.33:818][  0]SourceControl: 소스 콘트롤이 꺼졌습니다.
[2018.07.24-05.00.33:839][  0]SourceControl: 소스 콘트롤이 꺼졌습니다.
[2018.07.24-05.00.33:858][  0]SourceControl: 소스 콘트롤이 꺼졌습니다.
[2018.07.24-05.00.34:526][  0]LogAndroidPermission: UAndroidPermissionCallbackProxy::GetInstance
[2018.07.24-05.00.34:681][  0]LogOcInput: OculusInput pre-init called
[2018.07.24-05.00.34:992][  0]LogEngine: Initializing Engine...
[2018.07.24-05.00.35:005][  0]LogHMD: Failed to initialize OpenVR with code 110
[2018.07.24-05.00.35:022][  0]LogStats: UGameplayTagsManager::ConstructGameplayTagTree: Construct from data asset -  0.000 s
[2018.07.24-05.00.35:023][  0]LogStats: UGameplayTagsManager::ConstructGameplayTagTree: GameplayTagTreeChangedEvent.Broadcast -  0.000 s
[2018.07.24-05.00.35:670][  0]LogAIModule: Creating AISystem for world Untitled
[2018.07.24-05.00.35:751][  0]LogInit: XAudio2 using '스피커(Realtek High Definition Audio)' : 2 channels at 48 kHz using 32 bits per sample (channel mask 0x3)
[2018.07.24-05.00.35:770][  0]LogInit: FAudioDevice initialized.
[2018.07.24-05.00.35:839][  0]LogDerivedDataCache: Saved boot cache 0.07s 74MB C:/Users/user/AppData/Local/UnrealEngine/4.19/DerivedDataCache/Boot.ddc.
[2018.07.24-05.00.35:849][  0]LogInit: Texture streaming: Enabled
[2018.07.24-05.00.35:888][  0]LogEngineSessionManager: EngineSessionManager initialized
[2018.07.24-05.00.35:967][  0]LogInit: Transaction tracking system initialized
[2018.07.24-05.00.36:156][  0]BlueprintLog: New page: 에디터 로드
[2018.07.24-05.00.36:677][  0]LocalizationService: 현지화 서비스가 비활성화되었습니다.
[2018.07.24-05.00.37:051][  0]LogConsoleResponse: Display: 
[2018.07.24-05.00.38:432][  0]LogFileCache: Scanning file cache for directory 'C:/Users/user/Desktop/DefenseSurvival/Content/' took 0.02s
[2018.07.24-05.00.38:432][  0]LogCook: Display: Max memory allowance for cook 16384mb min free memory 0mb
[2018.07.24-05.00.38:432][  0]LogCook: Display: Mobile HDR setting 1
[2018.07.24-05.00.38:433][  0]LogGameplayTags: Display: UGameplayTagsManager::DoneAddingNativeTags. DelegateIsBound: 0
[2018.07.24-05.00.38:433][  0]LogStats: UGameplayTagsManager::ConstructGameplayTagTree: Construct from data asset -  0.000 s
[2018.07.24-05.00.38:433][  0]LogStats: UGameplayTagsManager::ConstructGameplayTagTree: GameplayTagTreeChangedEvent.Broadcast -  0.000 s
[2018.07.24-05.00.39:505][  0]SourceControl: 소스 콘트롤이 꺼졌습니다.
[2018.07.24-05.00.39:541][  0]Cmd: MAP LOAD FILE="C:/Users/user/Desktop/DefenseSurvival/Content/TopDownBP/Maps/TopDownExampleMap.umap" TEMPLATE=0 SHOWPROGRESS=1 FEATURELEVEL=3
[2018.07.24-05.00.39:549][  0]LightingResults: New page: 라이팅 빌드
[2018.07.24-05.00.39:619][  0]MapCheck: New page: 맵 체크
[2018.07.24-05.00.39:619][  0]LightingResults: New page: 라이팅 빌드
[2018.07.24-05.00.39:891][  0]LogUObjectGlobals: Created PersistentFrame Addr=0x000002b70bb67380, Size=144, Default__UE4ASP_HeroTPP_AnimBlueprint_C Function /Game/AnimStarterPack/UE4ASP_HeroTPP_AnimBlueprint.UE4ASP_HeroTPP_AnimBlueprint_C:ExecuteUbergraph_UE4ASP_HeroTPP_AnimBlueprint
[2018.07.24-05.00.39:895][  0]LogUObjectGlobals: Created PersistentFrame Addr=0x000002b70cdc4500, Size=120, Default__Ue4ASP_Character_C Function /Game/AnimStarterPack/Ue4ASP_Character.Ue4ASP_Character_C:ExecuteUbergraph_Ue4ASP_Character
[2018.07.24-05.00.40:203][  0]LogUObjectGlobals: Destroyed PersistentFrame Addr=0x000002b70bb67380, Size=144
[2018.07.24-05.00.40:204][  0]LogUObjectGlobals: Created PersistentFrame Addr=0x000002b70bdae840, Size=144, Default__UE4ASP_HeroTPP_AnimBlueprint_C Function /Engine/Transient.REINST_UE4ASP_HeroTPP_AnimBlueprint_C_0:ExecuteUbergraph_UE4ASP_HeroTPP_AnimBlueprint
[2018.07.24-05.00.40:204][  0]LogUObjectGlobals: Destroyed PersistentFrame Addr=0x000002b70cdc4500, Size=120
[2018.07.24-05.00.40:204][  0]LogUObjectGlobals: Created PersistentFrame Addr=0x000002b70bd7b780, Size=120, Default__Ue4ASP_Character_C Function /Engine/Transient.REINST_Ue4ASP_Character_C_1:ExecuteUbergraph_Ue4ASP_Character
[2018.07.24-05.00.40:276][  0]LogBlueprint: Warning: [Compiler Ue4ASP_Character] InputAction Event 가  Crouch 입력 액션  에 대해 알려지지 않은 'Crouch' 액션을 레퍼런싱합니다.
[2018.07.24-05.00.40:276][  0]LogBlueprint: Warning: [Compiler Ue4ASP_Character] InputAction Event 가  Jump 입력 액션  에 대해 알려지지 않은 'Jump' 액션을 레퍼런싱합니다.
[2018.07.24-05.00.40:276][  0]LogBlueprint: Warning: [Compiler Ue4ASP_Character] Input Axis Event 가  LookUp 입력 축  에 대해 알려지지 않은 'LookUp' 축을 레퍼런싱합니다.
[2018.07.24-05.00.40:276][  0]LogBlueprint: Warning: [Compiler Ue4ASP_Character] Input Axis Event 가  Turn 입력 축  에 대해 알려지지 않은 'Turn' 축을 레퍼런싱합니다.
[2018.07.24-05.00.40:279][  0]LogUObjectGlobals: Created PersistentFrame Addr=0x000002b70bec9620, Size=144, Default__UE4ASP_HeroTPP_AnimBlueprint_C Function /Game/AnimStarterPack/UE4ASP_HeroTPP_AnimBlueprint.UE4ASP_HeroTPP_AnimBlueprint_C:ExecuteUbergraph_UE4ASP_HeroTPP_AnimBlueprint
[2018.07.24-05.00.40:281][  0]LogUObjectGlobals: Created PersistentFrame Addr=0x000002b70becf9c0, Size=320, Default__Ue4ASP_Character_C Function /Game/AnimStarterPack/Ue4ASP_Character.Ue4ASP_Character_C:ExecuteUbergraph_Ue4ASP_Character
[2018.07.24-05.00.40:304][  0]LogBlueprint: Warning: [Compiler Ue4ASP_Character] [0044.45] Ue4ASP_Character 컴파일에 성공했습니다만, 경고가 4 회 있습니다. [소요시간 152 ms] (/Game/AnimStarterPack/Ue4ASP_Character.Ue4ASP_Character)
[2018.07.24-05.00.40:311][  0]LogUObjectGlobals: Created PersistentFrame Addr=0x000002b70be66370, Size=12, Default__TopDownCharacter_C Function /Game/TopDownBP/Blueprints/TopDownCharacter.TopDownCharacter_C:ExecuteUbergraph_TopDownCharacter
[2018.07.24-05.00.40:314][  0]LogUObjectGlobals: Destroyed PersistentFrame Addr=0x000002b70be66370, Size=12
[2018.07.24-05.00.40:314][  0]LogUObjectGlobals: Created PersistentFrame Addr=0x000002b70be66370, Size=12, Default__TopDownCharacter_C Function /Engine/Transient.REINST_TopDownCharacter_C_4:ExecuteUbergraph_TopDownCharacter
[2018.07.24-05.00.40:317][  0]LogUObjectGlobals: Created PersistentFrame Addr=0x000002b70be66360, Size=12, Default__TopDownCharacter_C Function /Game/TopDownBP/Blueprints/TopDownCharacter.TopDownCharacter_C:ExecuteUbergraph_TopDownCharacter
[2018.07.24-05.00.40:824][  0]LogSkeletalMesh: Skeletal Mesh found in DDC [16.648195ms] /Game/AnimStarterPack/UE4_Mannequin/Mesh/SK_Mannequin.SK_Mannequin
[2018.07.24-05.00.41:175][  0]LogAIModule: Creating AISystem for world TopDownExampleMap
[2018.07.24-05.00.41:451][  0]LogEditorServer: Finished looking for orphan Actors (0.000 secs)
[2018.07.24-05.00.41:496][  0]LogUObjectGlobals: Destroyed PersistentFrame Addr=0x000002b70bdae840, Size=144
[2018.07.24-05.00.41:497][  0]LogUObjectGlobals: Destroyed PersistentFrame Addr=0x000002b70bd7b780, Size=120
[2018.07.24-05.00.41:497][  0]LogUObjectGlobals: Destroyed PersistentFrame Addr=0x000002b70be66370, Size=12
[2018.07.24-05.00.41:502][  0]Cmd: MAP CHECKDEP NOCLEARLOG
[2018.07.24-05.00.41:558][  0]MapCheck: 맵 체크 완료: 오류 0 회, 경고 0 회, 소요 시간 56.593ms.
[2018.07.24-05.00.41:558][  0]LogFileHelpers: Loading map 'TopDownExampleMap' took 2.035
[2018.07.24-05.00.42:241][  0]LogCollectionManager: Loaded 0 collections in 0.000959 seconds
[2018.07.24-05.00.42:320][  0]LogFileCache: Scanning file cache for directory 'C:/Users/user/Desktop/DefenseSurvival/Saved/Collections/' took 0.01s
[2018.07.24-05.00.42:320][  0]LogFileCache: Scanning file cache for directory 'C:/Users/user/Desktop/DefenseSurvival/Content/Developers/user/Collections/' took 0.01s
[2018.07.24-05.00.42:320][  0]LogFileCache: Scanning file cache for directory 'C:/Users/user/Desktop/DefenseSurvival/Content/Collections/' took 0.01s
[2018.07.24-05.00.42:320][  0]LogCollectionManager: Rebuilt the GUID cache for 0 collections in 0.000000 seconds
[2018.07.24-05.00.42:341][  0]LogContentBrowser: Native class hierarchy populated in 0.0103 seconds. Added 2452 classes and 558 folders.
[2018.07.24-05.00.42:368][  0]LogContentBrowser: Native class hierarchy updated for 'WidgetCarousel' in 0.0002 seconds. Added 0 classes and 0 folders.
[2018.07.24-05.00.43:061][  0]LogContentBrowser: Native class hierarchy updated for 'AddContentDialog' in 0.0002 seconds. Added 0 classes and 0 folders.
[2018.07.24-05.00.43:079][  0]LogContentBrowser: Native class hierarchy updated for 'SceneOutliner' in 0.0002 seconds. Added 1 classes and 2 folders.
[2018.07.24-05.00.43:617][  0]LogSlate: Took 0.026384 seconds to synchronously load lazily loaded font '../../../Engine/Content/Slate/Fonts/Roboto-Regular.ttf' (155K)
[2018.07.24-05.00.43:660][  0]LogSlate: Took 0.041844 seconds to synchronously load lazily loaded font '../../../Engine/Content/Editor/Slate/Fonts/NanumGothic.ttf' (4243K)
[2018.07.24-05.00.43:693][  0]LogSlate: Took 0.033444 seconds to synchronously load lazily loaded font '../../../Engine/Content/Editor/Slate/Fonts/NanumGothicBold.ttf' (4188K)
[2018.07.24-05.00.43:724][  0]LogSlate: Took 0.029379 seconds to synchronously load lazily loaded font '../../../Engine/Content/Slate/Fonts/Roboto-Bold.ttf' (160K)
[2018.07.24-05.00.43:754][  0]LogSlate: Took 0.013078 seconds to synchronously load lazily loaded font '../../../Engine/Content/Editor/Slate/Fonts/FontAwesome.ttf' (139K)
[2018.07.24-05.00.44:014][  0]LogRenderer: Reallocating scene render targets to support 1312x604 Format 10 NumSamples 1 (Frame:1).
[2018.07.24-05.00.44:345][  0]LogContentBrowser: Native class hierarchy updated for 'HierarchicalLODOutliner' in 0.0002 seconds. Added 0 classes and 0 folders.
[2018.07.24-05.00.44:345][  0]LogLoad: (Engine Initialization) Total time: 48.49 seconds
[2018.07.24-05.00.44:345][  0]LogLoad: (Engine Initialization) Total Blueprint compile time: 0.00 seconds
[2018.07.24-05.00.44:748][  0]LogContentStreaming: Texture pool size now 1000 MB
[2018.07.24-05.00.44:897][  0]LogSlate: Took 0.016076 seconds to synchronously load lazily loaded font '../../../Engine/Content/Slate/Fonts/Roboto-Light.ttf' (167K)
[2018.07.24-05.00.45:191][  1]LogAssetRegistry: Asset discovery search completed in 25.0269 seconds
[2018.07.24-05.00.45:192][  1]LogCollectionManager: Rebuilt the object cache for 0 collections in 0.000000 seconds (found 0 objects)
[2018.07.24-05.00.45:192][  1]LogCollectionManager: Fixed up redirectors for 0 collections in 0.000035 seconds (updated 0 objects)
[2018.07.24-05.02.06:377][245]LogSlate: FSceneViewport::OnFocusLost() reason 0
[2018.07.24-05.02.06:377][245]LogTemp: Repeating last play command: 선택된 뷰포트
[2018.07.24-05.02.06:432][245]LogBlueprintUserMessages: Early PlayInEditor Detection: Level '/Game/TopDownBP/Maps/TopDownExampleMap.TopDownExampleMap:PersistentLevel' has LevelScriptBlueprint '/Game/TopDownBP/Maps/TopDownExampleMap.TopDownExampleMap:PersistentLevel.TopDownExampleMap' with GeneratedClass '/Game/TopDownBP/Maps/TopDownExampleMap.TopDownExampleMap_C' with ClassGeneratedBy '/Game/TopDownBP/Maps/TopDownExampleMap.TopDownExampleMap:PersistentLevel.TopDownExampleMap'
[2018.07.24-05.02.06:432][245]LogPlayLevel: PlayLevel: No blueprints needed recompiling
[2018.07.24-05.02.06:443][245]PIE: New page: PIE 세션: TopDownExampleMap (2018. 7. 24. 오후 11:02:06)
[2018.07.24-05.02.06:443][245]LogPlayLevel: Creating play world package: /Game/TopDownBP/Maps/UEDPIE_0_TopDownExampleMap
[2018.07.24-05.02.06:481][245]LogPlayLevel: PIE: StaticDuplicateObject took: (0.038121s)
[2018.07.24-05.02.06:482][245]LogAIModule: Creating AISystem for world TopDownExampleMap
[2018.07.24-05.02.06:488][245]LogPlayLevel: PIE: World Init took: (0.007064s)
[2018.07.24-05.02.06:488][245]LogPlayLevel: PIE: Created PIE world by copying editor world from /Game/TopDownBP/Maps/TopDownExampleMap.TopDownExampleMap to /Game/TopDownBP/Maps/UEDPIE_0_TopDownExampleMap.TopDownExampleMap (0.045418s)
[2018.07.24-05.02.06:512][245]LogInit: XAudio2 using '스피커(Realtek High Definition Audio)' : 2 channels at 48 kHz using 32 bits per sample (channel mask 0x3)
[2018.07.24-05.02.06:534][245]LogInit: FAudioDevice initialized.
[2018.07.24-05.02.06:585][245]LogLoad: Game class is 'TopDownGameMode_C'
[2018.07.24-05.02.06:607][245]LogWorld: Bringing World /Game/TopDownBP/Maps/UEDPIE_0_TopDownExampleMap.TopDownExampleMap up for play (max tick rate 0) at 2018.07.24-14.02.06
[2018.07.24-05.02.06:607][245]LogWorld: Bringing up level for play took: 0.006177
[2018.07.24-05.02.06:655][245]LogContentBrowser: Native class hierarchy updated for 'MovieSceneCapture' in 0.0003 seconds. Added 11 classes and 0 folders.
[2018.07.24-05.02.06:656][245]PIE: /Game/TopDownBP/Maps/UEDPIE_0_TopDownExampleMap 에 대한 에디터에서 플레이 시작 시간: -0.261
[2018.07.24-05.02.06:656][245]LogBlueprintUserMessages: Late PlayInEditor Detection: Level '/Game/TopDownBP/Maps/TopDownExampleMap.TopDownExampleMap:PersistentLevel' has LevelScriptBlueprint '/Game/TopDownBP/Maps/TopDownExampleMap.TopDownExampleMap:PersistentLevel.TopDownExampleMap' with GeneratedClass '/Game/TopDownBP/Maps/TopDownExampleMap.TopDownExampleMap_C' with ClassGeneratedBy '/Game/TopDownBP/Maps/TopDownExampleMap.TopDownExampleMap:PersistentLevel.TopDownExampleMap'
[2018.07.24-05.02.34:097][524]LogBlueprintUserMessages: Early EndPlayMap Detection: Level '/Game/TopDownBP/Maps/TopDownExampleMap.TopDownExampleMap:PersistentLevel' has LevelScriptBlueprint '/Game/TopDownBP/Maps/TopDownExampleMap.TopDownExampleMap:PersistentLevel.TopDownExampleMap' with GeneratedClass '/Game/TopDownBP/Maps/TopDownExampleMap.TopDownExampleMap_C' with ClassGeneratedBy '/Game/TopDownBP/Maps/TopDownExampleMap.TopDownExampleMap:PersistentLevel.TopDownExampleMap'
[2018.07.24-05.02.34:170][524]LogBlueprintUserMessages: Late EndPlayMap Detection: Level '/Game/TopDownBP/Maps/TopDownExampleMap.TopDownExampleMap:PersistentLevel' has LevelScriptBlueprint '/Game/TopDownBP/Maps/TopDownExampleMap.TopDownExampleMap:PersistentLevel.TopDownExampleMap' with GeneratedClass '/Game/TopDownBP/Maps/TopDownExampleMap.TopDownExampleMap_C' with ClassGeneratedBy '/Game/TopDownBP/Maps/TopDownExampleMap.TopDownExampleMap:PersistentLevel.TopDownExampleMap'
[2018.07.24-05.02.35:262][650]LogSlate: FSceneViewport::OnFocusLost() reason 0
[2018.07.24-05.02.35:328][658]LogSlate: Window '메시지 로그' being destroyed
[2018.07.24-05.02.35:331][658]LogSlate: Window '메시지 로그' being destroyed
[2018.07.24-05.02.41:922][846]LogSlate: FSceneViewport::OnFocusLost() reason 0
