Log file open, 04/11/19 01:46:13
LogWindows: Failed to load 'aqProf.dll' (GetLastError=126)
LogWindows: File 'aqProf.dll' does not exist
LogWindows: Failed to load 'VtuneApi.dll' (GetLastError=126)
LogWindows: File 'VtuneApi.dll' does not exist
LogWindows: Failed to load 'VtuneApi32e.dll' (GetLastError=126)
LogWindows: File 'VtuneApi32e.dll' does not exist
LogInit: Display: Running engine for game: DefenseSurvival
LogPlatformFile: Not using cached read wrapper
LogInit: Display: RandInit(1466167968) SRandInit(1466167968).
LogInit: Read version file with build ID '3944462'
LogInit: Overriding engine version to CL 4033788, compatible CL 3944462
LogInit: Registered custom module enumerator with build ID '3944462'
LogTaskGraph: Started task graph with 5 named threads and 20 total threads with 3 sets of task threads.
LogStats: Stats thread started at 0.245192
LogD3D11RHI: Aftermath initialized
LogICUInternationalization: Display: ICU TimeZone Detection - Raw Offset: +9:00, Platform Override: ''
LogModuleManager: Display: Found up-to-date module file ../../../Engine/Plugins/Runtime/ApexDestruction/Binaries/Win64/UE4Editor-ApexDestruction.dll (API version 3944462).
LogModuleManager: Display: Found up-to-date module file ../../../Engine/Plugins/Runtime/ApexDestruction/Binaries/Win64/UE4Editor-ApexDestructionEditor.dll (API version 3944462).
LogModuleManager: Display: Found up-to-date module file ../../../Engine/Plugins/2D/Paper2D/Binaries/Win64/UE4Editor-Paper2D.dll (API version 3944462).
LogModuleManager: Display: Found up-to-date module file ../../../Engine/Plugins/2D/Paper2D/Binaries/Win64/UE4Editor-Paper2DEditor.dll (API version 3944462).
LogModuleManager: Display: Found up-to-date module file ../../../Engine/Plugins/2D/Paper2D/Binaries/Win64/UE4Editor-PaperSpriteSheetImporter.dll (API version 3944462).
LogModuleManager: Display: Found up-to-date module file ../../../Engine/Plugins/2D/Paper2D/Binaries/Win64/UE4Editor-PaperTiledImporter.dll (API version 3944462).
LogModuleManager: Display: Found up-to-date module file ../../../Engine/Plugins/2D/Paper2D/Binaries/Win64/UE4Editor-SmartSnapping.dll (API version 3944462).
LogModuleManager: Display: Found up-to-date module file ../../../Engine/Plugins/Blendables/LightPropagationVolume/Binaries/Win64/UE4Editor-LightPropagationVolumeRuntime.dll (API version 3944462).
LogModuleManager: Display: Found up-to-date module file ../../../Engine/Plugins/Blendables/LightPropagationVolume/Binaries/Win64/UE4Editor-LightPropagationVolumeEditor.dll (API version 3944462).
LogModuleManager: Display: Found up-to-date module file ../../../Engine/Plugins/Developer/CLionSourceCodeAccess/Binaries/Win64/UE4Editor-CLionSourceCodeAccess.dll (API version 3944462).
LogModuleManager: Display: Found up-to-date module file ../../../Engine/Plugins/Developer/GitSourceControl/Binaries/Win64/UE4Editor-GitSourceControl.dll (API version 3944462).
LogModuleManager: Display: Found up-to-date module file ../../../Engine/Plugins/Developer/PerforceSourceControl/Binaries/Win64/UE4Editor-PerforceSourceControl.dll (API version 3944462).
LogModuleManager: Display: Found up-to-date module file ../../../Engine/Plugins/Developer/SubversionSourceControl/Binaries/Win64/UE4Editor-SubversionSourceControl.dll (API version 3944462).
LogModuleManager: Display: Found up-to-date module file ../../../Engine/Plugins/Developer/UObjectPlugin/Binaries/Win64/UE4Editor-UObjectPlugin.dll (API version 3944462).
LogModuleManager: Display: Found up-to-date module file ../../../Engine/Plugins/Developer/VisualStudioCodeSourceCodeAccess/Binaries/Win64/UE4Editor-VisualStudioCodeSourceCodeAccess.dll (API version 3944462).
LogModuleManager: Display: Found up-to-date module file ../../../Engine/Plugins/Developer/VisualStudioSourceCodeAccess/Binaries/Win64/UE4Editor-VisualStudioSourceCodeAccess.dll (API version 3944462).
LogModuleManager: Display: Found up-to-date module file ../../../Engine/Plugins/Editor/AssetManagerEditor/Binaries/Win64/UE4Editor-AssetManagerEditor.dll (API version 3944462).
LogModuleManager: Display: Found up-to-date module file ../../../Engine/Plugins/Editor/CryptoKeys/Binaries/Win64/UE4Editor-CryptoKeys.dll (API version 3944462).
LogModuleManager: Display: Found up-to-date module file ../../../Engine/Plugins/Editor/CryptoKeys/Binaries/Win64/UE4Editor-CryptoKeysOpenSSL.dll (API version 3944462).
LogModuleManager: Display: Found up-to-date module file ../../../Engine/Plugins/Editor/DataValidation/Binaries/Win64/UE4Editor-DataValidation.dll (API version 3944462).
LogModuleManager: Display: Found up-to-date module file ../../../Engine/Plugins/Editor/FacialAnimation/Binaries/Win64/UE4Editor-FacialAnimation.dll (API version 3944462).
LogModuleManager: Display: Found up-to-date module file ../../../Engine/Plugins/Editor/FacialAnimation/Binaries/Win64/UE4Editor-FacialAnimationEditor.dll (API version 3944462).
LogModuleManager: Display: Found up-to-date module file ../../../Engine/Plugins/Editor/GameplayTagsEditor/Binaries/Win64/UE4Editor-GameplayTagsEditor.dll (API version 3944462).
LogModuleManager: Display: Found up-to-date module file ../../../Engine/Plugins/Editor/MobileLauncherProfileWizard/Binaries/Win64/UE4Editor-MobileLauncherProfileWizard.dll (API version 3944462).
LogModuleManager: Display: Found up-to-date module file ../../../Engine/Plugins/Editor/PluginBrowser/Binaries/Win64/UE4Editor-PluginBrowser.dll (API version 3944462).
LogModuleManager: Display: Found up-to-date module file ../../../Engine/Plugins/Editor/SpeedTreeImporter/Binaries/Win64/UE4Editor-SpeedTreeImporter.dll (API version 3944462).
LogModuleManager: Display: Found up-to-date module file ../../../Engine/Plugins/Enterprise/DatasmithContent/Binaries/Win64/UE4Editor-DatasmithContent.dll (API version 3944462).
LogModuleManager: Display: Found up-to-date module file ../../../Engine/Plugins/Experimental/AlembicImporter/Binaries/Win64/UE4Editor-AlembicImporter.dll (API version 3944462).
LogModuleManager: Display: Found up-to-date module file ../../../Engine/Plugins/Experimental/AlembicImporter/Binaries/Win64/UE4Editor-AlembicLibrary.dll (API version 3944462).
LogModuleManager: Display: Found up-to-date module file ../../../Engine/Plugins/Experimental/CharacterAI/Binaries/Win64/UE4Editor-CharacterAI.dll (API version 3944462).
LogModuleManager: Display: Found up-to-date module file ../../../Engine/Plugins/Experimental/HTML5Networking/Binaries/Win64/UE4Editor-HTML5Networking.dll (API version 3944462).
LogModuleManager: Display: Found up-to-date module file ../../../Engine/Plugins/Media/AndroidMedia/Binaries/Win64/UE4Editor-AndroidMediaEditor.dll (API version 3944462).
LogModuleManager: Display: Found up-to-date module file ../../../Engine/Plugins/Media/AndroidMedia/Binaries/Win64/UE4Editor-AndroidMediaFactory.dll (API version 3944462).
LogModuleManager: Display: Found up-to-date module file ../../../Engine/Plugins/Media/AvfMedia/Binaries/Win64/UE4Editor-AvfMediaEditor.dll (API version 3944462).
LogModuleManager: Display: Found up-to-date module file ../../../Engine/Plugins/Media/AvfMedia/Binaries/Win64/UE4Editor-AvfMediaFactory.dll (API version 3944462).
LogModuleManager: Display: Found up-to-date module file ../../../Engine/Plugins/Media/AvfMedia/Binaries/Win64/UE4Editor-AvfMediaFactory.dll (API version 3944462).
LogModuleManager: Display: Found up-to-date module file ../../../Engine/Plugins/Media/ImgMedia/Binaries/Win64/UE4Editor-ImgMedia.dll (API version 3944462).
LogModuleManager: Display: Found up-to-date module file ../../../Engine/Plugins/Media/ImgMedia/Binaries/Win64/UE4Editor-ImgMediaEditor.dll (API version 3944462).
LogModuleManager: Display: Found up-to-date module file ../../../Engine/Plugins/Media/ImgMedia/Binaries/Win64/UE4Editor-ImgMediaFactory.dll (API version 3944462).
LogModuleManager: Display: Found up-to-date module file ../../../Engine/Plugins/Media/ImgMedia/Binaries/Win64/UE4Editor-ImgMediaFactory.dll (API version 3944462).
LogModuleManager: Display: Found up-to-date module file ../../../Engine/Plugins/Media/ImgMedia/Binaries/Win64/UE4Editor-OpenExrWrapper.dll (API version 3944462).
LogModuleManager: Display: Found up-to-date module file ../../../Engine/Plugins/Media/LinearTimecode/Binaries/Win64/UE4Editor-LinearTimecode.dll (API version 3944462).
LogModuleManager: Display: Found up-to-date module file ../../../Engine/Plugins/Media/MediaCompositing/Binaries/Win64/UE4Editor-MediaCompositing.dll (API version 3944462).
LogModuleManager: Display: Found up-to-date module file ../../../Engine/Plugins/Media/MediaCompositing/Binaries/Win64/UE4Editor-MediaCompositingEditor.dll (API version 3944462).
LogModuleManager: Display: Found up-to-date module file ../../../Engine/Plugins/Media/MediaPlayerEditor/Binaries/Win64/UE4Editor-MediaPlayerEditor.dll (API version 3944462).
LogModuleManager: Display: Found up-to-date module file ../../../Engine/Plugins/Media/WmfMedia/Binaries/Win64/UE4Editor-WmfMedia.dll (API version 3944462).
LogModuleManager: Display: Found up-to-date module file ../../../Engine/Plugins/Media/WmfMedia/Binaries/Win64/UE4Editor-WmfMediaEditor.dll (API version 3944462).
LogModuleManager: Display: Found up-to-date module file ../../../Engine/Plugins/Media/WmfMedia/Binaries/Win64/UE4Editor-WmfMediaFactory.dll (API version 3944462).
LogModuleManager: Display: Found up-to-date module file ../../../Engine/Plugins/Media/WmfMedia/Binaries/Win64/UE4Editor-WmfMediaFactory.dll (API version 3944462).
LogModuleManager: Display: Found up-to-date module file ../../../Engine/Plugins/Messaging/TcpMessaging/Binaries/Win64/UE4Editor-TcpMessaging.dll (API version 3944462).
LogModuleManager: Display: Found up-to-date module file ../../../Engine/Plugins/Messaging/UdpMessaging/Binaries/Win64/UE4Editor-UdpMessaging.dll (API version 3944462).
LogModuleManager: Display: Found up-to-date module file ../../../Engine/Plugins/MovieScene/ActorSequence/Binaries/Win64/UE4Editor-ActorSequence.dll (API version 3944462).
LogModuleManager: Display: Found up-to-date module file ../../../Engine/Plugins/MovieScene/LevelSequenceEditor/Binaries/Win64/UE4Editor-LevelSequenceEditor.dll (API version 3944462).
LogModuleManager: Display: Found up-to-date module file ../../../Engine/Plugins/MovieScene/MatineeToLevelSequence/Binaries/Win64/UE4Editor-MatineeToLevelSequence.dll (API version 3944462).
LogModuleManager: Display: Found up-to-date module file ../../../Engine/Plugins/NetcodeUnitTest/NetcodeUnitTest/Binaries/Win64/UE4Editor-NetcodeUnitTest.dll (API version 3944462).
LogModuleManager: Display: Found up-to-date module file ../../../Engine/Plugins/NetcodeUnitTest/NUTUnrealEngine4/Binaries/Win64/UE4Editor-NUTUnrealEngine4.dll (API version 3944462).
LogModuleManager: Display: Found up-to-date module file ../../../Engine/Plugins/Online/OnlineSubsystem/Binaries/Win64/UE4Editor-OnlineSubsystem.dll (API version 3944462).
LogModuleManager: Display: Found up-to-date module file ../../../Engine/Plugins/Runtime/AndroidPermission/Binaries/Win64/UE4Editor-AndroidPermission.dll (API version 3944462).
LogModuleManager: Display: Found up-to-date module file ../../../Engine/Plugins/Online/OnlineSubsystemNull/Binaries/Win64/UE4Editor-OnlineSubsystemNull.dll (API version 3944462).
LogModuleManager: Display: Found up-to-date module file ../../../Engine/Plugins/Online/OnlineSubsystemUtils/Binaries/Win64/UE4Editor-OnlineSubsystemUtils.dll (API version 3944462).
LogModuleManager: Display: Found up-to-date module file ../../../Engine/Plugins/Online/OnlineSubsystemUtils/Binaries/Win64/UE4Editor-OnlineBlueprintSupport.dll (API version 3944462).
LogModuleManager: Display: Found up-to-date module file ../../../Engine/Plugins/Runtime/AndroidDeviceProfileSelector/Binaries/Win64/UE4Editor-AndroidDeviceProfileSelector.dll (API version 3944462).
LogModuleManager: Display: Found up-to-date module file ../../../Engine/Plugins/Runtime/AppleARKit/Binaries/Win64/UE4Editor-AppleARKit.dll (API version 3944462).
LogModuleManager: Display: Found up-to-date module file ../../../Engine/Plugins/Runtime/ProceduralMeshComponent/Binaries/Win64/UE4Editor-ProceduralMeshComponent.dll (API version 3944462).
LogModuleManager: Display: Found up-to-date module file ../../../Engine/Plugins/Runtime/ProceduralMeshComponent/Binaries/Win64/UE4Editor-ProceduralMeshComponentEditor.dll (API version 3944462).
LogModuleManager: Display: Found up-to-date module file ../../../Engine/Plugins/Animation/LiveLink/Binaries/Win64/UE4Editor-LiveLink.dll (API version 3944462).
LogModuleManager: Display: Found up-to-date module file ../../../Engine/Plugins/Animation/LiveLink/Binaries/Win64/UE4Editor-LiveLinkEditor.dll (API version 3944462).
LogModuleManager: Display: Found up-to-date module file ../../../Engine/Plugins/Runtime/ArchVisCharacter/Binaries/Win64/UE4Editor-ArchVisCharacter.dll (API version 3944462).
LogModuleManager: Display: Found up-to-date module file ../../../Engine/Plugins/Runtime/AudioCapture/Binaries/Win64/UE4Editor-AudioCapture.dll (API version 3944462).
LogModuleManager: Display: Found up-to-date module file ../../../Engine/Plugins/Runtime/AudioCapture/Binaries/Win64/UE4Editor-AudioCaptureEditor.dll (API version 3944462).
LogModuleManager: Display: Found up-to-date module file ../../../Engine/Plugins/Runtime/CableComponent/Binaries/Win64/UE4Editor-CableComponent.dll (API version 3944462).
LogModuleManager: Display: Found up-to-date module file ../../../Engine/Plugins/Runtime/CustomMeshComponent/Binaries/Win64/UE4Editor-CustomMeshComponent.dll (API version 3944462).
LogModuleManager: Display: Found up-to-date module file ../../../Engine/Plugins/Runtime/ExampleDeviceProfileSelector/Binaries/Win64/UE4Editor-ExampleDeviceProfileSelector.dll (API version 3944462).
LogModuleManager: Display: Found up-to-date module file ../../../Engine/Plugins/Runtime/ImmediatePhysics/Binaries/Win64/UE4Editor-ImmediatePhysics.dll (API version 3944462).
LogModuleManager: Display: Found up-to-date module file ../../../Engine/Plugins/Runtime/ImmediatePhysics/Binaries/Win64/UE4Editor-ImmediatePhysicsEditor.dll (API version 3944462).
LogModuleManager: Display: Found up-to-date module file ../../../Engine/Plugins/Runtime/LocationServicesBPLibrary/Binaries/Win64/UE4Editor-LocationServicesBPLibrary.dll (API version 3944462).
LogModuleManager: Display: Found up-to-date module file ../../../Engine/Plugins/Runtime/MobilePatchingUtils/Binaries/Win64/UE4Editor-MobilePatchingUtils.dll (API version 3944462).
LogModuleManager: Display: Found up-to-date module file ../../../Engine/Plugins/Runtime/Oculus/OculusVR/Binaries/Win64/UE4Editor-OculusHMD.dll (API version 3944462).
LogModuleManager: Display: Found up-to-date module file ../../../Engine/Plugins/Runtime/Oculus/OculusVR/Binaries/Win64/UE4Editor-OculusInput.dll (API version 3944462).
LogModuleManager: Display: Found up-to-date module file ../../../Engine/Plugins/Runtime/Oculus/OculusVR/Binaries/Win64/UE4Editor-OculusEditor.dll (API version 3944462).
LogModuleManager: Display: Found up-to-date module file ../../../Engine/Plugins/Runtime/PhysXVehicles/Binaries/Win64/UE4Editor-PhysXVehicles.dll (API version 3944462).
LogModuleManager: Display: Found up-to-date module file ../../../Engine/Plugins/Runtime/PhysXVehicles/Binaries/Win64/UE4Editor-PhysXVehiclesEditor.dll (API version 3944462).
LogModuleManager: Display: Found up-to-date module file ../../../Engine/Plugins/Runtime/RuntimePhysXCooking/Binaries/Win64/UE4Editor-RuntimePhysXCooking.dll (API version 3944462).
LogModuleManager: Display: Found up-to-date module file ../../../Engine/Plugins/Runtime/Steam/SteamVR/Binaries/Win64/UE4Editor-SteamVR.dll (API version 3944462).
LogModuleManager: Display: Found up-to-date module file ../../../Engine/Plugins/Runtime/Steam/SteamVR/Binaries/Win64/UE4Editor-SteamVRController.dll (API version 3944462).
LogModuleManager: Display: Found up-to-date module file ../../../Engine/Plugins/Runtime/WindowsMoviePlayer/Binaries/Win64/UE4Editor-WindowsMoviePlayer.dll (API version 3944462).
LogPluginManager: Mounting plugin Paper2D
LogPluginManager: Mounting plugin LiveLink
LogPluginManager: Mounting plugin LightPropagationVolume
LogPluginManager: Mounting plugin CLionSourceCodeAccess
LogPluginManager: Mounting plugin CodeLiteSourceCodeAccess
LogPluginManager: Mounting plugin GitSourceControl
LogPluginManager: Mounting plugin KDevelopSourceCodeAccess
LogPluginManager: Mounting plugin NullSourceCodeAccess
LogPluginManager: Mounting plugin PerforceSourceControl
LogPluginManager: Mounting plugin SubversionSourceControl
LogPluginManager: Mounting plugin UObjectPlugin
LogPluginManager: Mounting plugin VisualStudioCodeSourceCodeAccess
LogPluginManager: Mounting plugin VisualStudioSourceCodeAccess
LogPluginManager: Mounting plugin XCodeSourceCodeAccess
LogPluginManager: Mounting plugin AssetManagerEditor
LogPluginManager: Mounting plugin CryptoKeys
LogPluginManager: Mounting plugin DataValidation
LogPluginManager: Mounting plugin FacialAnimation
LogPluginManager: Mounting plugin GameplayTagsEditor
LogPluginManager: Mounting plugin MobileLauncherProfileWizard
LogPluginManager: Mounting plugin PluginBrowser
LogPluginManager: Mounting plugin SpeedTreeImporter
LogPluginManager: Mounting plugin DatasmithContent
LogPluginManager: Mounting plugin AlembicImporter
LogPluginManager: Mounting plugin CharacterAI
LogPluginManager: Mounting plugin HTML5Networking
LogPluginManager: Mounting plugin AndroidMedia
LogPluginManager: Mounting plugin AvfMedia
LogPluginManager: Mounting plugin ImgMedia
LogPluginManager: Mounting plugin LinearTimecode
LogPluginManager: Mounting plugin MediaCompositing
LogPluginManager: Mounting plugin MediaPlayerEditor
LogPluginManager: Mounting plugin WmfMedia
LogPluginManager: Mounting plugin TcpMessaging
LogPluginManager: Mounting plugin UdpMessaging
LogPluginManager: Mounting plugin ActorSequence
LogPluginManager: Mounting plugin LevelSequenceEditor
LogPluginManager: Mounting plugin MatineeToLevelSequence
LogPluginManager: Mounting plugin NetcodeUnitTest
LogPluginManager: Mounting plugin NUTUnrealEngine4
LogPluginManager: Mounting plugin OnlineSubsystemGooglePlay
LogPluginManager: Mounting plugin OnlineSubsystemIOS
LogPluginManager: Mounting plugin OnlineSubsystem
LogPluginManager: Mounting plugin OnlineSubsystemNull
LogPluginManager: Mounting plugin OnlineSubsystemUtils
LogPluginManager: Mounting plugin AndroidDeviceProfileSelector
LogPluginManager: Mounting plugin AndroidMoviePlayer
LogPluginManager: Mounting plugin AndroidPermission
LogPluginManager: Mounting plugin ApexDestruction
LogPluginManager: Mounting plugin AppleARKit
LogPluginManager: Mounting plugin AppleMoviePlayer
LogPluginManager: Mounting plugin ArchVisCharacter
LogPluginManager: Mounting plugin AudioCapture
LogPluginManager: Mounting plugin CableComponent
LogPluginManager: Mounting plugin CustomMeshComponent
LogPluginManager: Mounting plugin ExampleDeviceProfileSelector
LogPluginManager: Mounting plugin GoogleCloudMessaging
LogPluginManager: Mounting plugin ImmediatePhysics
LogPluginManager: Mounting plugin IOSDeviceProfileSelector
LogPluginManager: Mounting plugin LinuxDeviceProfileSelector
LogPluginManager: Mounting plugin LocationServicesBPLibrary
LogPluginManager: Mounting plugin MobilePatchingUtils
LogPluginManager: Mounting plugin OculusVR
LogPluginManager: Plugin shader directory ../../../Engine/Plugins/Runtime/Oculus/OculusVR/Shaders found
LogPluginManager: Mapping shader source directory ../../../Engine/Plugins/Runtime/Oculus/OculusVR/Shaders to virtual directory /Plugin/OculusVR
LogPluginManager: Mounting plugin PhysXVehicles
LogPluginManager: Mounting plugin ProceduralMeshComponent
LogPluginManager: Mounting plugin RuntimePhysXCooking
LogPluginManager: Mounting plugin SteamVR
LogPluginManager: Mounting plugin WindowsMoviePlayer
LogStreaming: Display: Took  1.709s to configure plugins.
LogInit: Using libcurl 7.47.1
LogInit:  - built for x86_64-pc-win32
LogInit:  - supports SSL with OpenSSL/1.0.2g
LogInit:  - supports HTTP deflate (compression) using libz 1.2.8
LogInit:  - other features:
LogInit:      CURL_VERSION_SSL
LogInit:      CURL_VERSION_LIBZ
LogInit:      CURL_VERSION_IPV6
LogInit:      CURL_VERSION_ASYNCHDNS
LogInit:      CURL_VERSION_LARGEFILE
LogInit:      CURL_VERSION_IDN
LogInit:  CurlRequestOptions (configurable via config and command line):
LogInit:  - bVerifyPeer = false  - Libcurl will NOT verify peer certificate
LogInit:  - bUseHttpProxy = false  - Libcurl will NOT use HTTP proxy
LogInit:  - bDontReuseConnections = false  - Libcurl will reuse connections
LogInit:  - CertBundlePath = nullptr  - Libcurl will use whatever was configured at build time.
LogInit:  - MaxHostConnections = 16  - Libcurl will limit the number of connections to a host
LogInit:  - LocalHostAddr = Default
LogInit: WinSock: version 1.1 (2.2), MaxSocks=32767, MaxUdp=65467
LogInit: WinSock: I am DESKTOP-OCEV6JO (192.168.25.12:0)
LogInit: Build: ++UE4+Release-4.19-CL-4033788
LogInit: Engine Version: 4.19.2-4033788+++UE4+Release-4.19
LogInit: Compatible Engine Version: 4.19.0-3944462+++UE4+Release-4.19
LogInit: Net CL: 3944462
LogDevObjectVersion: Number of dev versions registered: 18
LogDevObjectVersion:   Dev-Blueprints (B0D832E4-1F89-4F0D-ACCF-7EB736FD4AA2): 10
LogDevObjectVersion:   Dev-Build (E1C64328-A22C-4D53-A36C-8E866417BD8C): 0
LogDevObjectVersion:   Dev-Core (375EC13C-06E4-48FB-B500-84F0262A717E): 2
LogDevObjectVersion:   Dev-Editor (E4B068ED-F494-42E9-A231-DA0B2E46BB41): 23
LogDevObjectVersion:   Dev-Framework (CFFC743F-43B0-4480-9391-14DF171D2073): 33
LogDevObjectVersion:   Dev-Mobile (B02B49B5-BB20-44E9-A304-32B752E40360): 2
LogDevObjectVersion:   Dev-Networking (A4E4105C-59A1-49B5-A7C5-40C4547EDFEE): 0
LogDevObjectVersion:   Dev-Online (39C831C9-5AE6-47DC-9A44-9C173E1C8E7C): 0
LogDevObjectVersion:   Dev-Physics (78F01B33-EBEA-4F98-B9B4-84EACCB95AA2): 0
LogDevObjectVersion:   Dev-Platform (6631380F-2D4D-43E0-8009-CF276956A95A): 0
LogDevObjectVersion:   Dev-Rendering (12F88B9F-8875-4AFC-A67C-D90C383ABD29): 25
LogDevObjectVersion:   Dev-Sequencer (7B5AE74C-D270-4C10-A958-57980B212A5A): 6
LogDevObjectVersion:   Dev-VR (D7296918-1DD6-4BDD-9DE2-64A83CC13884): 1
LogDevObjectVersion:   Dev-LoadTimes (C2A15278-BFE7-4AFE-6C17-90FF531DF755): 1
LogDevObjectVersion:   Private-Geometry (6EACA3D4-40EC-4CC1-B786-8BED09428FC5): 2
LogDevObjectVersion:   Dev-AnimPhys (29E575DD-E0A3-4627-9D10-D276232CDCEA): 16
LogDevObjectVersion:   Dev-ReflectionCapture (6B266CEC-1EC7-4B8F-A30B-E4D90942FC07): 1
LogDevObjectVersion:   Dev-Automation (0DF73D61-A23F-47EA-B727-89E90C41499A): 1
LogInit: Compiled (64-bit): Apr 27 2018 02:06:57
LogInit: Compiled with Visual C++: 19.00.24215.01
LogInit: Build Configuration: Development
LogInit: Branch Name: ++UE4+Release-4.19
LogInit: Command Line:  /Game/TopDownBP/Maps/TopDownExampleMap -game -PIEVIACONSOLE -ResX=1920 -ResY=1080  -Multiprocess -messaging -SessionName="Play in Standalone Game" -windowed 
LogInit: Base Directory: C:/Program Files/Epic Games/UE_4.19/Engine/Binaries/Win64/
LogInit: Installed Engine Build: 1
LogStreaming: Display: Took  0.004s to delete old logs.
LogInit: Presizing for max 8388607 objects, including 0 objects not considered by GC, pre-allocating 0 bytes for permanent pool.
LogInit: Object subsystem initialized
[2019.04.10-16.46.15:779][  0]LogInit: Selected Device Profile: [Windows]
[2019.04.10-16.46.15:779][  0]LogInit: Applying CVar settings loaded from the selected device profile: [Windows]
[2019.04.10-16.46.15:783][  0]LogInit: Computer: DESKTOP-OCEV6JO
[2019.04.10-16.46.15:783][  0]LogInit: User: joono
[2019.04.10-16.46.15:783][  0]LogInit: CPU Page size=4096, Cores=6
[2019.04.10-16.46.15:783][  0]LogInit: High frequency timer resolution =2.742186 MHz
[2019.04.10-16.46.15:783][  0]LogMemory: Memory total: Physical=15.9GB (16GB approx)
[2019.04.10-16.46.15:783][  0]LogMemory: Platform Memory Stats for Windows
[2019.04.10-16.46.15:783][  0]LogMemory: Process Physical Memory: 278.38 MB used, 278.38 MB peak
[2019.04.10-16.46.15:783][  0]LogMemory: Process Virtual Memory: 280.63 MB used, 280.63 MB peak
[2019.04.10-16.46.15:783][  0]LogMemory: Physical Memory: 8552.89 MB used,  7773.78 MB free, 16326.67 MB total
[2019.04.10-16.46.15:783][  0]LogMemory: Virtual Memory: 4808.20 MB used,  7773.78 MB free, 134217728.00 MB total
[2019.04.10-16.46.15:810][  0]LogInit: Using OS detected language (ko-KR).
[2019.04.10-16.46.15:810][  0]LogInit: Using OS detected locale (ko-KR).
[2019.04.10-16.46.15:810][  0]LogTextLocalizationManager: No localization for 'ko-KR' exists, so 'en' will be used for the language.
[2019.04.10-16.46.15:811][  0]LogTextLocalizationManager: No localization for 'ko-KR' exists, so 'en' will be used for the locale.
[2019.04.10-16.46.16:208][  0]LogStreaming: Display: Took  0.399s to EndInitTextLocalization.
[2019.04.10-16.46.16:246][  0]LogSlate: New Slate User Created.  User Index 0, Is Virtual User: 0
[2019.04.10-16.46.16:246][  0]LogSlate: Slate User Registered.  User Index 0, Is Virtual User: 0
[2019.04.10-16.46.16:254][  0]LogD3D11RHI: D3D11 adapters:
[2019.04.10-16.46.16:329][  0]LogD3D11RHI:    0. 'NVIDIA GeForce GTX 1050' (Feature Level 11_0)
[2019.04.10-16.46.16:330][  0]LogD3D11RHI:       1977/0/8163 MB DedicatedVideo/DedicatedSystem/SharedSystem, Outputs:2, VendorId:0x10de
[2019.04.10-16.46.16:332][  0]LogD3D11RHI:    1. 'Microsoft Basic Render Driver' (Feature Level 11_0)
[2019.04.10-16.46.16:332][  0]LogD3D11RHI:       0/0/8163 MB DedicatedVideo/DedicatedSystem/SharedSystem, Outputs:0, VendorId:0x1414
[2019.04.10-16.46.16:332][  0]LogD3D11RHI: Chosen D3D11 Adapter: 0
[2019.04.10-16.46.16:338][  0]LogD3D11RHI: Creating new Direct3DDevice
[2019.04.10-16.46.16:338][  0]LogD3D11RHI:     GPU DeviceId: 0x1c81 (for the marketing name, search the web for "GPU Device Id")
[2019.04.10-16.46.16:338][  0]LogWindows: EnumDisplayDevices:
[2019.04.10-16.46.16:338][  0]LogWindows:    0. 'NVIDIA GeForce GTX 1050' (P:1 D:1)
[2019.04.10-16.46.16:338][  0]LogWindows:    1. 'NVIDIA GeForce GTX 1050' (P:0 D:1)
[2019.04.10-16.46.16:339][  0]LogWindows:    2. 'NVIDIA GeForce GTX 1050' (P:0 D:0)
[2019.04.10-16.46.16:339][  0]LogWindows:    3. 'NVIDIA GeForce GTX 1050' (P:0 D:0)
[2019.04.10-16.46.16:340][  0]LogWindows: DebugString: GetVideoDriverDetailsInvalid PrimaryIsNotTheChoosenAdapter GetVideoDriverDetailsInvalid PrimaryIsNotTheChoosenAdapter GetVideoDriverDetailsInvalid PrimaryIsNotTheChoosenAdapter GetVideoDriverDetailsInvalid PrimaryIsNotTheChoosenAdapter FoundDriverCount:0 
[2019.04.10-16.46.16:340][  0]LogD3D11RHI:     Adapter Name: NVIDIA GeForce GTX 1050
[2019.04.10-16.46.16:340][  0]LogD3D11RHI:   Driver Version: Unknown (internal:Unknown, unified:Unknown)
[2019.04.10-16.46.16:340][  0]LogD3D11RHI:      Driver Date: Unknown
[2019.04.10-16.46.16:340][  0]LogRHI: Texture pool is 1384 MB (70% of 1977 MB)
[2019.04.10-16.46.16:381][  0]LogD3D11RHI: [Aftermath] Aftermath enabled and primed
[2019.04.10-16.46.16:381][  0]LogD3D11RHI: [Aftermath] Aftermath enabled and primed
[2019.04.10-16.46.16:381][  0]LogD3D11RHI: Async texture creation enabled
[2019.04.10-16.46.16:400][  0]LogD3D11RHI: GPU Timing Frequency: 1000.000000 (Debug: 2 2)
[2019.04.10-16.46.16:501][  0]LogShaderCompilers: Guid format shader working directory is -13 characters bigger than the processId version (../../../../../../CapstoneDesign/DefOffGame/DefenseSurvival/Intermediate/Shaders/WorkingDirectory/8360/).
[2019.04.10-16.46.16:501][  0]LogShaderCompilers: Cleaned the shader compiler working directory 'C:/Users/joono/AppData/Local/Temp/UnrealShaderWorkingDir/0C329E24490F42D2FFF506907B50D3A9/'.
[2019.04.10-16.46.16:720][  0]LogTemp: Display: Loaded TP WindowsClientTargetPlatform
[2019.04.10-16.46.16:735][  0]LogTemp: Display: Loaded TP WindowsNoEditorTargetPlatform
[2019.04.10-16.46.16:749][  0]LogTemp: Display: Loaded TP WindowsServerTargetPlatform
[2019.04.10-16.46.16:763][  0]LogTemp: Display: Loaded TP WindowsTargetPlatform
[2019.04.10-16.46.16:763][  0]LogTargetPlatformManager: Display: Building Assets For Windows
[2019.04.10-16.46.16:930][  0]LogXGEController: Cannot use XGE Controller as Incredibuild is not installed on this machine.
[2019.04.10-16.46.16:931][  0]LogShaderCompilers: Cannot use XGE Shader Compiler as Incredibuild is not installed on this machine.
[2019.04.10-16.46.16:931][  0]LogShaderCompilers: Display: Using Local Shader Compiler.
[2019.04.10-16.46.17:684][  0]LogDerivedDataCache: Display: Max Cache Size: 512 MB
[2019.04.10-16.46.17:741][  0]LogDerivedDataCache: Loaded boot cache 0.06s 75MB C:/Users/joono/AppData/Local/UnrealEngine/4.19/DerivedDataCache/Boot.ddc.
[2019.04.10-16.46.17:741][  0]LogDerivedDataCache: Display: Loaded Boot cache: C:/Users/joono/AppData/Local/UnrealEngine/4.19/DerivedDataCache/Boot.ddc
[2019.04.10-16.46.17:741][  0]LogDerivedDataCache: FDerivedDataBackendGraph:  Pak pak cache file ../../../../../../CapstoneDesign/DefOffGame/DefenseSurvival/DerivedDataCache/DDC.ddp not found, will not use a pak cache.
[2019.04.10-16.46.17:741][  0]LogDerivedDataCache: Unable to find inner node Pak for hierarchical cache Hierarchy.
[2019.04.10-16.46.17:741][  0]LogDerivedDataCache: FDerivedDataBackendGraph:  CompressedPak pak cache file ../../../../../../CapstoneDesign/DefOffGame/DefenseSurvival/DerivedDataCache/Compressed.ddp not found, will not use a pak cache.
[2019.04.10-16.46.17:741][  0]LogDerivedDataCache: Unable to find inner node CompressedPak for hierarchical cache Hierarchy.
[2019.04.10-16.46.17:754][  0]LogDerivedDataCache: Display: Pak cache opened for reading ../../../Engine/DerivedDataCache/Compressed.ddp.
[2019.04.10-16.46.17:767][  0]LogDerivedDataCache: Using Local data cache path C:/Users/joono/AppData/Local/UnrealEngine/Common/DerivedDataCache: Writable
[2019.04.10-16.46.17:767][  0]LogDerivedDataCache: Shared data cache path not found in *engine.ini, will not use an Shared cache.
[2019.04.10-16.46.17:767][  0]LogDerivedDataCache: Unable to find inner node Shared for hierarchical cache Hierarchy.
[2019.04.10-16.46.17:776][  0]LogMaterial: Verifying Global Shaders for PCD3D_SM5
[2019.04.10-16.46.17:777][  0]LogSlate: Using Freetype 2.6.0
[2019.04.10-16.46.17:781][  0]LogSlate: SlateFontCache - WITH_FREETYPE: 1, WITH_HARFBUZZ: 1
[2019.04.10-16.46.17:781][  0]LogSlate: SlateFontCache - WITH_FREETYPE: 1, WITH_HARFBUZZ: 1
[2019.04.10-16.46.17:943][  0]LogAssetRegistry: FAssetRegistry took 0.0041 seconds to start up
[2019.04.10-16.46.18:110][  0]LogPackageLocalizationCache: Processed 9 localized package path(s) for 1 prioritized culture(s) in 0.011205 seconds
[2019.04.10-16.46.18:227][  0]LogInit: Selected Device Profile: [Windows]
[2019.04.10-16.46.18:374][  0]LogSimplygon: Simplygon DLL not present - disabling.
[2019.04.10-16.46.18:377][  0]LogMeshReduction: Using SimplygonSwarm for distributed automatic mesh merging
[2019.04.10-16.46.18:378][  0]LogMeshReduction: Using QuadricMeshReduction for automatic static mesh reduction
[2019.04.10-16.46.18:378][  0]LogMeshReduction: No automatic skeletal mesh reduction module available
[2019.04.10-16.46.18:378][  0]LogMeshReduction: No automatic mesh merging module available
[2019.04.10-16.46.18:378][  0]LogMeshMerging: No automatic mesh merging module available
[2019.04.10-16.46.18:424][  0]LogNetVersion: DefenseSurvival , NetCL: 3944462, EngineNetVer: 2, GameNetVer: 0 (Checksum: 3696840644)
[2019.04.10-16.46.19:080][  0]LogMoviePlayer: Initializing movie player
[2019.04.10-16.46.19:492][  0]LogTcpMessaging: Initializing TcpMessaging bridge
[2019.04.10-16.46.19:535][  0]LogUdpMessaging: Initializing bridge on interface 0.0.0.0:0 to multicast group 230.0.0.1:6666.
[2019.04.10-16.46.19:696][  0]LogCollectionManager: Loaded 0 collections in 0.002383 seconds
[2019.04.10-16.46.19:735][  0]LogFileCache: Scanning file cache for directory 'C:/CapstoneDesign/DefOffGame/DefenseSurvival/Saved/Collections/' took 0.01s
[2019.04.10-16.46.19:735][  0]LogFileCache: Scanning file cache for directory 'C:/CapstoneDesign/DefOffGame/DefenseSurvival/Content/Developers/joono/Collections/' took 0.01s
[2019.04.10-16.46.19:735][  0]LogFileCache: Scanning file cache for directory 'C:/CapstoneDesign/DefOffGame/DefenseSurvival/Content/Collections/' took 0.01s
[2019.04.10-16.46.19:735][  0]LogCollectionManager: Rebuilt the object cache for 0 collections in 0.000000 seconds (found 0 objects)
[2019.04.10-16.46.19:735][  0]LogCollectionManager: Fixed up redirectors for 0 collections in 0.000073 seconds (updated 0 objects)
[2019.04.10-16.46.20:008][  0]SourceControl: Source control is disabled
[2019.04.10-16.46.20:008][  0]SourceControl: Source control is disabled
[2019.04.10-16.46.20:039][  0]SourceControl: Source control is disabled
[2019.04.10-16.46.20:580][  0]LogAndroidPermission: UAndroidPermissionCallbackProxy::GetInstance
[2019.04.10-16.46.20:953][  0]LogOcInput: OculusInput pre-init called
[2019.04.10-16.46.21:019][  0]LogUObjectArray: 40283 objects as part of root set at end of initial load.
[2019.04.10-16.46.21:019][  0]LogUObjectAllocator: 8397680 out of 0 bytes used by permanent object pool.
[2019.04.10-16.46.21:019][  0]LogUObjectArray: CloseDisregardForGC: 0/0 objects in disregard for GC pool
[2019.04.10-16.46.21:069][  0]LogEngine: Initializing Engine...
[2019.04.10-16.46.21:071][  0]LogHMD: Failed to initialize OpenVR with code 110
[2019.04.10-16.46.21:083][  0]LogStats: UGameplayTagsManager::ConstructGameplayTagTree: Construct from data asset -  0.000 s
[2019.04.10-16.46.21:083][  0]LogStats: UGameplayTagsManager::ConstructGameplayTagTree: GameplayTagTreeChangedEvent.Broadcast -  0.000 s
[2019.04.10-16.46.21:343][  0]LogInit: XAudio2 using '스피커(High Definition Audio 장치)' : 2 channels at 48 kHz using 16 bits per sample (channel mask 0x3)
[2019.04.10-16.46.21:378][  0]LogInit: FAudioDevice initialized.
[2019.04.10-16.46.21:400][  0]LogInit: Texture streaming: Enabled
[2019.04.10-16.46.21:529][  0]LogInit: Display: Game Engine Initialized.
[2019.04.10-16.46.21:529][  0]LogGameplayTags: Display: UGameplayTagsManager::DoneAddingNativeTags. DelegateIsBound: 0
[2019.04.10-16.46.21:529][  0]LogStats: UGameplayTagsManager::ConstructGameplayTagTree: Construct from data asset -  0.000 s
[2019.04.10-16.46.21:529][  0]LogStats: UGameplayTagsManager::ConstructGameplayTagTree: GameplayTagTreeChangedEvent.Broadcast -  0.000 s
[2019.04.10-16.46.21:702][  0]LogInit: Display: Starting Game.
[2019.04.10-16.46.21:702][  0]LogNet: Browse: /Game/TopDownBP/Maps/TopDownExampleMap?Name=Player
[2019.04.10-16.46.21:702][  0]LogLoad: LoadMap: /Game/TopDownBP/Maps/TopDownExampleMap?Name=Player
[2019.04.10-16.46.21:719][  0]LogUObjectGlobals: Created PersistentFrame Addr=0x00000160ed65fb20, Size=96, Default__TopDownExampleMap_C Function /Game/TopDownBP/Maps/TopDownExampleMap.TopDownExampleMap_C:ExecuteUbergraph_TopDownExampleMap
[2019.04.10-16.46.21:723][  0]LogUObjectGlobals: Created PersistentFrame Addr=0x00000160fa0deb00, Size=736, Default__사슴_C Function /Game/TopDownBP/Blueprints/사슴.사슴_C:ExecuteUbergraph_사슴
[2019.04.10-16.46.21:734][  0]LogUObjectGlobals: Created PersistentFrame Addr=0x00000160fa0f9600, Size=4688, Default__TopDownCharacter_C Function /Game/TopDownBP/Character/TopDownCharacter.TopDownCharacter_C:ExecuteUbergraph_TopDownCharacter
[2019.04.10-16.46.21:736][  0]LogUObjectGlobals: Created PersistentFrame Addr=0x00000160fa0eaf80, Size=48, Default__TempAnim_C Function /Game/TopDownBP/Character/MixamoAnim/TempAnim.TempAnim_C:ExecuteUbergraph_TempAnim
[2019.04.10-16.46.21:759][  0]LogUObjectGlobals: Created PersistentFrame Addr=0x00000160fa0ead40, Size=48, Default__MainAnim_C Function /Game/TopDownBP/Character/Model/Animation/MainAnim.MainAnim_C:ExecuteUbergraph_MainAnim
[2019.04.10-16.46.21:776][  0]LogUObjectGlobals: Created PersistentFrame Addr=0x00000160ed694700, Size=656, Default__Campfire_C Function /Game/TopDownBP/Blueprints/Campfire.Campfire_C:ExecuteUbergraph_Campfire
[2019.04.10-16.46.21:778][  0]LogUObjectGlobals: Created PersistentFrame Addr=0x00000160ed65e020, Size=96, Default__DayAndNight_C Function /Game/TopDownBP/Blueprints/DayAndNight.DayAndNight_C:ExecuteUbergraph_DayAndNight
[2019.04.10-16.46.21:816][  0]LogUObjectGlobals: Created PersistentFrame Addr=0x00000160f80e6b00, Size=1600, Default__멧돼지_C Function /Game/TopDownBP/Blueprints/멧돼지.멧돼지_C:ExecuteUbergraph_멧돼지
[2019.04.10-16.46.21:822][  0]LogUObjectGlobals: Created PersistentFrame Addr=0x00000160f832e588, Size=8, Default__아이템마스터_C Function /Game/TopDownBP/인벤토리시스템/아이템/아이템마스터.아이템마스터_C:ExecuteUbergraph_아이템마스터
[2019.04.10-16.46.21:827][  0]LogUObjectGlobals: Created PersistentFrame Addr=0x00000160fa0e4100, Size=256, Default__인벤토리BP_C Function /Game/TopDownBP/인벤토리시스템/인벤토리BP.인벤토리BP_C:ExecuteUbergraph_인벤토리BP
[2019.04.10-16.46.21:852][  0]LogUObjectGlobals: Created PersistentFrame Addr=0x00000160f8351700, Size=16, Default__상자BP_C Function /Game/TopDownBP/인벤토리시스템/상자BP.상자BP_C:ExecuteUbergraph_상자BP
[2019.04.10-16.46.21:854][  0]LogUObjectGlobals: Created PersistentFrame Addr=0x00000160f82b4680, Size=560, Default__보관상자_C Function /Game/TopDownBP/Blueprints/건물/보관상자.보관상자_C:ExecuteUbergraph_보관상자
[2019.04.10-16.46.21:881][  0]LogUObjectGlobals: Created PersistentFrame Addr=0x00000160f82ce940, Size=392, Default__InGameUI_C Function /Game/TopDownBP/인벤토리시스템/위젯/InGameUI.InGameUI_C:ExecuteUbergraph_InGameUI
[2019.04.10-16.46.21:885][  0]LogUObjectGlobals: Created PersistentFrame Addr=0x00000160f832e530, Size=4, Default__경고문UI_C Function /Game/TopDownBP/인벤토리시스템/위젯/경고문UI.경고문UI_C:ExecuteUbergraph_경고문UI
[2019.04.10-16.46.21:887][  0]LogUObjectGlobals: Created PersistentFrame Addr=0x00000160fa0e9150, Size=48, Default__상자UI_C Function /Game/TopDownBP/인벤토리시스템/위젯/상자UI.상자UI_C:ExecuteUbergraph_상자UI
[2019.04.10-16.46.21:891][  0]LogUObjectGlobals: Created PersistentFrame Addr=0x0000016088628c00, Size=480, Default__인벤토리슬롯UI_C Function /Game/TopDownBP/인벤토리시스템/위젯/인벤토리슬롯UI.인벤토리슬롯UI_C:ExecuteUbergraph_인벤토리슬롯UI
[2019.04.10-16.46.21:895][  0]LogUObjectGlobals: Created PersistentFrame Addr=0x00000160885e6980, Size=312, Default__상자슬롯UI_C Function /Game/TopDownBP/인벤토리시스템/위젯/상자슬롯UI.상자슬롯UI_C:ExecuteUbergraph_상자슬롯UI
[2019.04.10-16.46.21:898][  0]LogUObjectGlobals: Created PersistentFrame Addr=0x00000160f832e498, Size=4, Default__DetailWidget_C Function /Game/TopDownBP/인벤토리시스템/위젯/DetailWidget.DetailWidget_C:ExecuteUbergraph_DetailWidget
[2019.04.10-16.46.21:901][  0]LogUObjectGlobals: Created PersistentFrame Addr=0x000001608874bd80, Size=136, Default__DraggedItem_C Function /Game/TopDownBP/인벤토리시스템/위젯/DraggedItem.DraggedItem_C:ExecuteUbergraph_DraggedItem
[2019.04.10-16.46.21:918][  0]LogUObjectGlobals: Created PersistentFrame Addr=0x00000160eddfb000, Size=496, Default__PickupItem_C Function /Game/TopDownBP/인벤토리시스템/아이템/PickupItem.PickupItem_C:ExecuteUbergraph_PickupItem
[2019.04.10-16.46.21:928][  0]LogUObjectGlobals: Created PersistentFrame Addr=0x0000016087926890, Size=72, Default__집UI_C Function /Game/TopDownBP/인벤토리시스템/위젯/집UI.집UI_C:ExecuteUbergraph_집UI
[2019.04.10-16.46.21:930][  0]LogUObjectGlobals: Created PersistentFrame Addr=0x00000160eddc9ec0, Size=448, Default__집_C Function /Game/TopDownBP/Blueprints/건물/집.집_C:ExecuteUbergraph_집
[2019.04.10-16.46.21:932][  0]LogUObjectGlobals: Created PersistentFrame Addr=0x00000160eddc9980, Size=448, Default__집_C Function /Game/TopDownBP/Blueprints/건물/집.집_C:ExecuteUbergraph_집
[2019.04.10-16.46.21:932][  0]LogUObjectGlobals: Created PersistentFrame Addr=0x0000016088b5d300, Size=560, Default__보관상자_C Function /Game/TopDownBP/Blueprints/건물/보관상자.보관상자_C:ExecuteUbergraph_보관상자
[2019.04.10-16.46.21:949][  0]LogUObjectGlobals: Created PersistentFrame Addr=0x000001608887a5c0, Size=304, Default__BuildingGhost_C Function /Game/TopDownBP/Blueprints/건물/BuildingGhost.BuildingGhost_C:ExecuteUbergraph_BuildingGhost
[2019.04.10-16.46.21:951][  0]LogUObjectGlobals: Created PersistentFrame Addr=0x0000016088877640, Size=96, Default__메인위젯UI_C Function /Game/TopDownBP/인벤토리시스템/위젯/메인위젯UI.메인위젯UI_C:ExecuteUbergraph_메인위젯UI
[2019.04.10-16.46.21:953][  0]LogUObjectGlobals: Created PersistentFrame Addr=0x0000016088869ec0, Size=424, Default__ThrowWidget_C Function /Game/TopDownBP/인벤토리시스템/위젯/ThrowWidget.ThrowWidget_C:ExecuteUbergraph_ThrowWidget
[2019.04.10-16.46.21:960][  0]LogUObjectGlobals: Created PersistentFrame Addr=0x00000160888602c0, Size=216, Default__T건물카드UI_C Function /Game/TopDownBP/인벤토리시스템/위젯/T건물카드UI.T건물카드UI_C:ExecuteUbergraph_T건물카드UI
[2019.04.10-16.46.21:970][  0]LogUObjectGlobals: Created PersistentFrame Addr=0x0000016089063060, Size=136, Default__T건물제작UI_C Function /Game/TopDownBP/인벤토리시스템/위젯/T건물제작UI.T건물제작UI_C:ExecuteUbergraph_T건물제작UI
[2019.04.10-16.46.21:979][  0]LogUObjectGlobals: Created PersistentFrame Addr=0x0000016089040f00, Size=1392, Default__대포_C Function /Game/TopDownBP/Blueprints/건물/대포.대포_C:ExecuteUbergraph_대포
[2019.04.10-16.46.21:980][  0]LogUObjectGlobals: Created PersistentFrame Addr=0x00000160f832de18, Size=4, Default__대포_D_C Function /Game/TopDownBP/Blueprints/건물/대포_D.대포_D_C:ExecuteUbergraph_대포_D
[2019.04.10-16.46.21:986][  0]LogUObjectGlobals: Created PersistentFrame Addr=0x000001608903dc00, Size=736, Default__곰_C Function /Game/TopDownBP/Blueprints/곰.곰_C:ExecuteUbergraph_곰
[2019.04.10-16.46.21:988][  0]LogUObjectGlobals: Created PersistentFrame Addr=0x0000016088876b00, Size=96, Default__BloodEffect_Warnning_C Function /Game/TopDownBP/Blueprints/UI/BloodEffect_Warnning.BloodEffect_Warnning_C:ExecuteUbergraph_BloodEffect_Warnning
[2019.04.10-16.46.21:998][  0]LogUObjectGlobals: Created PersistentFrame Addr=0x0000016088ffeb00, Size=1424, Default__박격포_C Function /Game/TopDownBP/Blueprints/건물/박격포.박격포_C:ExecuteUbergraph_박격포
[2019.04.10-16.46.21:999][  0]LogUObjectGlobals: Created PersistentFrame Addr=0x00000160f832dd10, Size=4, Default__박격포_D_C Function /Game/TopDownBP/Blueprints/건물/박격포_D.박격포_D_C:ExecuteUbergraph_박격포_D
[2019.04.10-16.46.22:022][  0]LogUObjectGlobals: Created PersistentFrame Addr=0x0000016088876500, Size=88, Default__BoarAnimBP_C Function /Game/TopDownBP/Blueprints/BPAnum/BoarAnimBP.BoarAnimBP_C:ExecuteUbergraph_BoarAnimBP
[2019.04.10-16.46.22:028][  0]LogUObjectGlobals: Created PersistentFrame Addr=0x0000016089c6c800, Size=1392, Default__석궁_C Function /Game/TopDownBP/Blueprints/건물/석궁.석궁_C:ExecuteUbergraph_석궁
[2019.04.10-16.46.22:029][  0]LogUObjectGlobals: Created PersistentFrame Addr=0x00000160f832dbf0, Size=4, Default__석궁_D_C Function /Game/TopDownBP/Blueprints/건물/석궁_D.석궁_D_C:ExecuteUbergraph_석궁_D
[2019.04.10-16.46.22:033][  0]LogUObjectGlobals: Created PersistentFrame Addr=0x0000016089c6abe0, Size=216, Default__석궁화살_C Function /Game/TopDownBP/Blueprints/타워/석궁화살.석궁화살_C:ExecuteUbergraph_석궁화살
[2019.04.10-16.46.22:044][  0]LogUObjectGlobals: Created PersistentFrame Addr=0x0000016089c34d00, Size=648, Default__용광로_C Function /Game/TopDownBP/Blueprints/건물/용광로.용광로_C:ExecuteUbergraph_용광로
[2019.04.10-16.46.22:051][  0]LogUObjectGlobals: Created PersistentFrame Addr=0x00000160888761a0, Size=96, Default__튜토리얼UI_C Function /Game/TopDownBP/인벤토리시스템/위젯/튜토리얼UI.튜토리얼UI_C:ExecuteUbergraph_튜토리얼UI
[2019.04.10-16.46.22:052][  0]LogUObjectGlobals: Created PersistentFrame Addr=0x00000160eaf3f340, Size=48, Default__도구_돌곡괭이_C Function /Game/TopDownBP/인벤토리시스템/아이템/도구_돌곡괭이.도구_돌곡괭이_C:ExecuteUbergraph_도구_돌곡괭이
[2019.04.10-16.46.22:052][  0]LogUObjectGlobals: Created PersistentFrame Addr=0x00000160f832daf8, Size=8, Default__도구_돌곡괭이_C Function /Game/TopDownBP/인벤토리시스템/아이템/아이템마스터.아이템마스터_C:ExecuteUbergraph_아이템마스터
[2019.04.10-16.46.22:058][  0]LogUObjectGlobals: Created PersistentFrame Addr=0x00000160eaf3f070, Size=48, Default__핫키UI_C Function /Game/TopDownBP/인벤토리시스템/위젯/핫키UI.핫키UI_C:ExecuteUbergraph_핫키UI
[2019.04.10-16.46.22:066][  0]LogUObjectGlobals: Created PersistentFrame Addr=0x0000016088feb790, Size=16, Default__인벤토리UI_C Function /Game/TopDownBP/인벤토리시스템/위젯/인벤토리UI.인벤토리UI_C:ExecuteUbergraph_인벤토리UI
[2019.04.10-16.46.22:068][  0]LogUObjectGlobals: Created PersistentFrame Addr=0x0000016088feb750, Size=12, Default__액션메뉴UI_C Function /Game/TopDownBP/인벤토리시스템/위젯/액션메뉴UI.액션메뉴UI_C:ExecuteUbergraph_액션메뉴UI
[2019.04.10-16.46.22:078][  0]LogUObjectGlobals: Created PersistentFrame Addr=0x000001608906a818, Size=40, Default__T장비제작UI_C Function /Game/TopDownBP/인벤토리시스템/위젯/T장비제작UI.T장비제작UI_C:ExecuteUbergraph_T장비제작UI
[2019.04.10-16.46.22:091][  0]LogUObjectGlobals: Created PersistentFrame Addr=0x00000160894d9b40, Size=208, Default__T장비카드UI_C Function /Game/TopDownBP/인벤토리시스템/위젯/T장비카드UI.T장비카드UI_C:ExecuteUbergraph_T장비카드UI
[2019.04.10-16.46.22:092][  0]LogUObjectGlobals: Created PersistentFrame Addr=0x000001608906a778, Size=40, Default__도구_돌도끼_C Function /Game/TopDownBP/인벤토리시스템/아이템/도구_돌도끼.도구_돌도끼_C:ExecuteUbergraph_도구_돌도끼
[2019.04.10-16.46.22:092][  0]LogUObjectGlobals: Created PersistentFrame Addr=0x00000160f832da50, Size=8, Default__도구_돌도끼_C Function /Game/TopDownBP/인벤토리시스템/아이템/아이템마스터.아이템마스터_C:ExecuteUbergraph_아이템마스터
[2019.04.10-16.46.22:092][  0]LogUObjectGlobals: Created PersistentFrame Addr=0x000001608906a750, Size=40, Default__도구_돌도끼_C Function /Game/TopDownBP/인벤토리시스템/아이템/도구_돌도끼.도구_돌도끼_C:ExecuteUbergraph_도구_돌도끼
[2019.04.10-16.46.22:092][  0]LogUObjectGlobals: Created PersistentFrame Addr=0x00000160f832da58, Size=8, Default__도구_돌도끼_C Function /Game/TopDownBP/인벤토리시스템/아이템/아이템마스터.아이템마스터_C:ExecuteUbergraph_아이템마스터
[2019.04.10-16.46.22:092][  0]LogUObjectGlobals: Created PersistentFrame Addr=0x00000160eaf3c430, Size=48, Default__도구_돌곡괭이_C Function /Game/TopDownBP/인벤토리시스템/아이템/도구_돌곡괭이.도구_돌곡괭이_C:ExecuteUbergraph_도구_돌곡괭이
[2019.04.10-16.46.22:093][  0]LogUObjectGlobals: Created PersistentFrame Addr=0x00000160f832da48, Size=8, Default__도구_돌곡괭이_C Function /Game/TopDownBP/인벤토리시스템/아이템/아이템마스터.아이템마스터_C:ExecuteUbergraph_아이템마스터
[2019.04.10-16.46.22:118][  0]LogUObjectGlobals: Created PersistentFrame Addr=0x0000016088550100, Size=1504, Default__투석기_C Function /Game/TopDownBP/Blueprints/건물/투석기.투석기_C:ExecuteUbergraph_투석기
[2019.04.10-16.46.22:119][  0]LogUObjectGlobals: Created PersistentFrame Addr=0x00000160f832d470, Size=4, Default__투석기_D_C Function /Game/TopDownBP/Blueprints/건물/투석기_D.투석기_D_C:ExecuteUbergraph_투석기_D
[2019.04.10-16.46.22:124][  0]LogUObjectGlobals: Created PersistentFrame Addr=0x00000160885a5080, Size=592, Default__투석기돌_C Function /Game/TopDownBP/Blueprints/타워/투석기돌.투석기돌_C:ExecuteUbergraph_투석기돌
[2019.04.10-16.46.22:141][  0]LogUObjectGlobals: Created PersistentFrame Addr=0x0000016088599240, Size=192, Default__돌파괴_C Function /Game/TopDownBP/Blueprints/타워/돌파괴.돌파괴_C:ExecuteUbergraph_돌파괴
[2019.04.10-16.46.22:145][  0]LogUObjectGlobals: Created PersistentFrame Addr=0x0000016089431080, Size=576, Default__화덕_C Function /Game/TopDownBP/Blueprints/건물/화덕.화덕_C:ExecuteUbergraph_화덕
[2019.04.10-16.46.22:155][  0]LogUObjectGlobals: Created PersistentFrame Addr=0x00000160f6e1e480, Size=320, Default__대포탄알_C Function /Game/TopDownBP/Blueprints/타워/대포탄알.대포탄알_C:ExecuteUbergraph_대포탄알
[2019.04.10-16.46.22:156][  0]LogUObjectGlobals: Created PersistentFrame Addr=0x00000160f832d2c0, Size=4, Default__폭발_C Function /Game/TopDownBP/Blueprints/타워/폭발.폭발_C:ExecuteUbergraph_폭발
[2019.04.10-16.46.22:162][  0]LogUObjectGlobals: Created PersistentFrame Addr=0x0000016088f37200, Size=432, Default__모닥불제작_C Function /Game/TopDownBP/Blueprints/모닥불제작.모닥불제작_C:ExecuteUbergraph_모닥불제작
[2019.04.10-16.46.22:166][  0]LogUObjectGlobals: Created PersistentFrame Addr=0x00000160f5221300, Size=344, Default__모닥불터텍스트_C Function /Game/TopDownBP/인벤토리시스템/위젯/모닥불터텍스트.모닥불터텍스트_C:ExecuteUbergraph_모닥불터텍스트
[2019.04.10-16.46.22:167][  0]LogUObjectGlobals: Created PersistentFrame Addr=0x00000160f832d1f0, Size=8, Default__자원_나무_C Function /Game/TopDownBP/인벤토리시스템/아이템/아이템마스터.아이템마스터_C:ExecuteUbergraph_아이템마스터
[2019.04.10-16.46.22:170][  0]LogUObjectGlobals: Created PersistentFrame Addr=0x00000160f832d1a0, Size=8, Default__자원_돌_C Function /Game/TopDownBP/인벤토리시스템/아이템/아이템마스터.아이템마스터_C:ExecuteUbergraph_아이템마스터
[2019.04.10-16.46.22:175][  0]LogUObjectGlobals: Created PersistentFrame Addr=0x0000016088f34d40, Size=416, Default__집짓기_C Function /Game/TopDownBP/Blueprints/집짓기.집짓기_C:ExecuteUbergraph_집짓기
[2019.04.10-16.46.22:179][  0]LogUObjectGlobals: Created PersistentFrame Addr=0x00000160f5229d00, Size=216, Default__집터텍스트_C Function /Game/TopDownBP/인벤토리시스템/위젯/집터텍스트.집터텍스트_C:ExecuteUbergraph_집터텍스트
[2019.04.10-16.46.22:182][  0]LogUObjectGlobals: Created PersistentFrame Addr=0x000001608797d280, Size=64, Default__BloodEffect_Attacked_C Function /Game/TopDownBP/Blueprints/UI/BloodEffect_Attacked.BloodEffect_Attacked_C:ExecuteUbergraph_BloodEffect_Attacked
[2019.04.10-16.46.22:187][  0]LogUObjectGlobals: Created PersistentFrame Addr=0x00000160f832cee8, Size=4, Default__아이템획득UI_C Function /Game/TopDownBP/인벤토리시스템/위젯/아이템획득UI.아이템획득UI_C:ExecuteUbergraph_아이템획득UI
[2019.04.10-16.46.22:197][  0]LogUObjectGlobals: Created PersistentFrame Addr=0x00000160f51de200, Size=480, Default__박격포탄알_C Function /Game/TopDownBP/Blueprints/타워/박격포탄알.박격포탄알_C:ExecuteUbergraph_박격포탄알
[2019.04.10-16.46.22:208][  0]LogUObjectGlobals: Created PersistentFrame Addr=0x00000160f51f0b30, Size=40, Default__가공전재료_진흙_C Function /Game/TopDownBP/인벤토리시스템/아이템/가공전재료_진흙.가공전재료_진흙_C:ExecuteUbergraph_가공전재료_진흙
[2019.04.10-16.46.22:208][  0]LogUObjectGlobals: Created PersistentFrame Addr=0x000001608a0c79f0, Size=8, Default__가공전재료_진흙_C Function /Game/TopDownBP/인벤토리시스템/아이템/아이템마스터.아이템마스터_C:ExecuteUbergraph_아이템마스터
[2019.04.10-16.46.22:212][  0]LogUObjectGlobals: Created PersistentFrame Addr=0x000001608a0c7960, Size=8, Default__재료_벽돌_C Function /Game/TopDownBP/인벤토리시스템/아이템/아이템마스터.아이템마스터_C:ExecuteUbergraph_아이템마스터
[2019.04.10-16.46.22:259][  0]LogUObjectGlobals: Created PersistentFrame Addr=0x000001608a3d3670, Size=48, Default__가공전재료_구리광석_C Function /Game/TopDownBP/인벤토리시스템/아이템/가공전재료_구리광석.가공전재료_구리광석_C:ExecuteUbergraph_가공전재료_구리광석
[2019.04.10-16.46.22:259][  0]LogUObjectGlobals: Created PersistentFrame Addr=0x000001608a0c4da8, Size=8, Default__가공전재료_구리광석_C Function /Game/TopDownBP/인벤토리시스템/아이템/아이템마스터.아이템마스터_C:ExecuteUbergraph_아이템마스터
[2019.04.10-16.46.22:265][  0]LogUObjectGlobals: Created PersistentFrame Addr=0x000001608a3d3520, Size=48, Default__가공전재료_금광석_C Function /Game/TopDownBP/인벤토리시스템/아이템/가공전재료_금광석.가공전재료_금광석_C:ExecuteUbergraph_가공전재료_금광석
[2019.04.10-16.46.22:265][  0]LogUObjectGlobals: Created PersistentFrame Addr=0x000001608a0c4ce0, Size=8, Default__가공전재료_금광석_C Function /Game/TopDownBP/인벤토리시스템/아이템/아이템마스터.아이템마스터_C:ExecuteUbergraph_아이템마스터
[2019.04.10-16.46.22:270][  0]LogUObjectGlobals: Created PersistentFrame Addr=0x000001608a3d34f0, Size=48, Default__가공전재료_철광석_C Function /Game/TopDownBP/인벤토리시스템/아이템/가공전재료_철광석.가공전재료_철광석_C:ExecuteUbergraph_가공전재료_철광석
[2019.04.10-16.46.22:270][  0]LogUObjectGlobals: Created PersistentFrame Addr=0x000001608a0c4c08, Size=8, Default__가공전재료_철광석_C Function /Game/TopDownBP/인벤토리시스템/아이템/아이템마스터.아이템마스터_C:ExecuteUbergraph_아이템마스터
[2019.04.10-16.46.22:275][  0]LogUObjectGlobals: Created PersistentFrame Addr=0x000001608a0c4b38, Size=8, Default__재료_구리_C Function /Game/TopDownBP/인벤토리시스템/아이템/아이템마스터.아이템마스터_C:ExecuteUbergraph_아이템마스터
[2019.04.10-16.46.22:278][  0]LogUObjectGlobals: Created PersistentFrame Addr=0x000001608a0c4ae8, Size=8, Default__재료_금_C Function /Game/TopDownBP/인벤토리시스템/아이템/아이템마스터.아이템마스터_C:ExecuteUbergraph_아이템마스터
[2019.04.10-16.46.22:280][  0]LogUObjectGlobals: Created PersistentFrame Addr=0x000001608a0c4a98, Size=8, Default__재료_석탄_C Function /Game/TopDownBP/인벤토리시스템/아이템/아이템마스터.아이템마스터_C:ExecuteUbergraph_아이템마스터
[2019.04.10-16.46.22:283][  0]LogUObjectGlobals: Created PersistentFrame Addr=0x000001608a0c4a48, Size=8, Default__재료_철_C Function /Game/TopDownBP/인벤토리시스템/아이템/아이템마스터.아이템마스터_C:ExecuteUbergraph_아이템마스터
[2019.04.10-16.46.22:321][  0]LogUObjectGlobals: Created PersistentFrame Addr=0x000001608a43a1d0, Size=56, Default__가공전재료_생고기_C Function /Game/TopDownBP/인벤토리시스템/아이템/가공전재료_생고기.가공전재료_생고기_C:ExecuteUbergraph_가공전재료_생고기
[2019.04.10-16.46.22:321][  0]LogUObjectGlobals: Created PersistentFrame Addr=0x000001608afeafd8, Size=8, Default__가공전재료_생고기_C Function /Game/TopDownBP/인벤토리시스템/아이템/아이템마스터.아이템마스터_C:ExecuteUbergraph_아이템마스터
