Log file open, 08/01/18 10:19:01
LogWindows: Failed to load 'aqProf.dll' (GetLastError=126)
LogWindows: File 'aqProf.dll' does not exist
LogWindows: Failed to load 'VtuneApi.dll' (GetLastError=126)
LogWindows: File 'VtuneApi.dll' does not exist
LogWindows: Failed to load 'VtuneApi32e.dll' (GetLastError=126)
LogWindows: File 'VtuneApi32e.dll' does not exist
LogInit: Display: Running engine for game: DefenseSurvival
LogPlatformFile: Not using cached read wrapper
LogInit: Display: RandInit(-1111369051) SRandInit(-1111369051).
LogInit: Read version file with build ID '3944462'
LogInit: Overriding engine version to CL 4033788, compatible CL 3944462
LogInit: Registered custom module enumerator with build ID '3944462'
LogTaskGraph: Started task graph with 5 named threads and 20 total threads with 3 sets of task threads.
LogStats: Stats thread started at 2.053913
LogD3D11RHI: Aftermath initialized
LogICUInternationalization: Display: ICU TimeZone Detection - Raw Offset: +9:00, Platform Override: ''
LogModuleManager: Display: Found up-to-date module file ../../../Engine/Plugins/2D/Paper2D/Binaries/Win64/UE4Editor-Paper2D.dll (API version 3944462).
LogModuleManager: Display: Found up-to-date module file ../../../Engine/Plugins/2D/Paper2D/Binaries/Win64/UE4Editor-Paper2DEditor.dll (API version 3944462).
LogModuleManager: Display: Found up-to-date module file ../../../Engine/Plugins/2D/Paper2D/Binaries/Win64/UE4Editor-PaperSpriteSheetImporter.dll (API version 3944462).
LogModuleManager: Display: Found up-to-date module file ../../../Engine/Plugins/2D/Paper2D/Binaries/Win64/UE4Editor-PaperTiledImporter.dll (API version 3944462).
LogModuleManager: Display: Found up-to-date module file ../../../Engine/Plugins/2D/Paper2D/Binaries/Win64/UE4Editor-SmartSnapping.dll (API version 3944462).
LogModuleManager: Display: Found up-to-date module file ../../../Engine/Plugins/Blendables/LightPropagationVolume/Binaries/Win64/UE4Editor-LightPropagationVolumeRuntime.dll (API version 3944462).
LogModuleManager: Display: Found up-to-date module file ../../../Engine/Plugins/Blendables/LightPropagationVolume/Binaries/Win64/UE4Editor-LightPropagationVolumeEditor.dll (API version 3944462).
LogModuleManager: Display: Found up-to-date module file ../../../Engine/Plugins/Developer/CLionSourceCodeAccess/Binaries/Win64/UE4Editor-CLionSourceCodeAccess.dll (API version 3944462).
LogModuleManager: Display: Found up-to-date module file ../../../Engine/Plugins/Developer/GitSourceControl/Binaries/Win64/UE4Editor-GitSourceControl.dll (API version 3944462).
LogModuleManager: Display: Found up-to-date module file ../../../Engine/Plugins/Developer/PerforceSourceControl/Binaries/Win64/UE4Editor-PerforceSourceControl.dll (API version 3944462).
LogModuleManager: Display: Found up-to-date module file ../../../Engine/Plugins/Developer/SubversionSourceControl/Binaries/Win64/UE4Editor-SubversionSourceControl.dll (API version 3944462).
LogModuleManager: Display: Found up-to-date module file ../../../Engine/Plugins/Developer/UObjectPlugin/Binaries/Win64/UE4Editor-UObjectPlugin.dll (API version 3944462).
LogModuleManager: Display: Found up-to-date module file ../../../Engine/Plugins/Developer/VisualStudioCodeSourceCodeAccess/Binaries/Win64/UE4Editor-VisualStudioCodeSourceCodeAccess.dll (API version 3944462).
LogModuleManager: Display: Found up-to-date module file ../../../Engine/Plugins/Developer/VisualStudioSourceCodeAccess/Binaries/Win64/UE4Editor-VisualStudioSourceCodeAccess.dll (API version 3944462).
LogModuleManager: Display: Found up-to-date module file ../../../Engine/Plugins/Editor/AssetManagerEditor/Binaries/Win64/UE4Editor-AssetManagerEditor.dll (API version 3944462).
LogModuleManager: Display: Found up-to-date module file ../../../Engine/Plugins/Editor/CryptoKeys/Binaries/Win64/UE4Editor-CryptoKeys.dll (API version 3944462).
LogModuleManager: Display: Found up-to-date module file ../../../Engine/Plugins/Editor/CryptoKeys/Binaries/Win64/UE4Editor-CryptoKeysOpenSSL.dll (API version 3944462).
LogModuleManager: Display: Found up-to-date module file ../../../Engine/Plugins/Editor/DataValidation/Binaries/Win64/UE4Editor-DataValidation.dll (API version 3944462).
LogModuleManager: Display: Found up-to-date module file ../../../Engine/Plugins/Editor/FacialAnimation/Binaries/Win64/UE4Editor-FacialAnimation.dll (API version 3944462).
LogModuleManager: Display: Found up-to-date module file ../../../Engine/Plugins/Editor/FacialAnimation/Binaries/Win64/UE4Editor-FacialAnimationEditor.dll (API version 3944462).
LogModuleManager: Display: Found up-to-date module file ../../../Engine/Plugins/Editor/GameplayTagsEditor/Binaries/Win64/UE4Editor-GameplayTagsEditor.dll (API version 3944462).
LogModuleManager: Display: Found up-to-date module file ../../../Engine/Plugins/Editor/MobileLauncherProfileWizard/Binaries/Win64/UE4Editor-MobileLauncherProfileWizard.dll (API version 3944462).
LogModuleManager: Display: Found up-to-date module file ../../../Engine/Plugins/Editor/PluginBrowser/Binaries/Win64/UE4Editor-PluginBrowser.dll (API version 3944462).
LogModuleManager: Display: Found up-to-date module file ../../../Engine/Plugins/Editor/SpeedTreeImporter/Binaries/Win64/UE4Editor-SpeedTreeImporter.dll (API version 3944462).
LogModuleManager: Display: Found up-to-date module file ../../../Engine/Plugins/Enterprise/DatasmithContent/Binaries/Win64/UE4Editor-DatasmithContent.dll (API version 3944462).
LogModuleManager: Display: Found up-to-date module file ../../../Engine/Plugins/Experimental/AlembicImporter/Binaries/Win64/UE4Editor-AlembicImporter.dll (API version 3944462).
LogModuleManager: Display: Found up-to-date module file ../../../Engine/Plugins/Experimental/AlembicImporter/Binaries/Win64/UE4Editor-AlembicLibrary.dll (API version 3944462).
LogModuleManager: Display: Found up-to-date module file ../../../Engine/Plugins/Experimental/CharacterAI/Binaries/Win64/UE4Editor-CharacterAI.dll (API version 3944462).
LogModuleManager: Display: Found up-to-date module file ../../../Engine/Plugins/Experimental/HTML5Networking/Binaries/Win64/UE4Editor-HTML5Networking.dll (API version 3944462).
LogModuleManager: Display: Found up-to-date module file ../../../Engine/Plugins/Media/AndroidMedia/Binaries/Win64/UE4Editor-AndroidMediaEditor.dll (API version 3944462).
LogModuleManager: Display: Found up-to-date module file ../../../Engine/Plugins/Media/AndroidMedia/Binaries/Win64/UE4Editor-AndroidMediaFactory.dll (API version 3944462).
LogModuleManager: Display: Found up-to-date module file ../../../Engine/Plugins/Media/AvfMedia/Binaries/Win64/UE4Editor-AvfMediaEditor.dll (API version 3944462).
LogModuleManager: Display: Found up-to-date module file ../../../Engine/Plugins/Media/AvfMedia/Binaries/Win64/UE4Editor-AvfMediaFactory.dll (API version 3944462).
LogModuleManager: Display: Found up-to-date module file ../../../Engine/Plugins/Media/AvfMedia/Binaries/Win64/UE4Editor-AvfMediaFactory.dll (API version 3944462).
LogModuleManager: Display: Found up-to-date module file ../../../Engine/Plugins/Media/ImgMedia/Binaries/Win64/UE4Editor-ImgMedia.dll (API version 3944462).
LogModuleManager: Display: Found up-to-date module file ../../../Engine/Plugins/Media/ImgMedia/Binaries/Win64/UE4Editor-ImgMediaEditor.dll (API version 3944462).
LogModuleManager: Display: Found up-to-date module file ../../../Engine/Plugins/Media/ImgMedia/Binaries/Win64/UE4Editor-ImgMediaFactory.dll (API version 3944462).
LogModuleManager: Display: Found up-to-date module file ../../../Engine/Plugins/Media/ImgMedia/Binaries/Win64/UE4Editor-ImgMediaFactory.dll (API version 3944462).
LogModuleManager: Display: Found up-to-date module file ../../../Engine/Plugins/Media/ImgMedia/Binaries/Win64/UE4Editor-OpenExrWrapper.dll (API version 3944462).
LogModuleManager: Display: Found up-to-date module file ../../../Engine/Plugins/Media/LinearTimecode/Binaries/Win64/UE4Editor-LinearTimecode.dll (API version 3944462).
LogModuleManager: Display: Found up-to-date module file ../../../Engine/Plugins/Media/MediaCompositing/Binaries/Win64/UE4Editor-MediaCompositing.dll (API version 3944462).
LogModuleManager: Display: Found up-to-date module file ../../../Engine/Plugins/Media/MediaCompositing/Binaries/Win64/UE4Editor-MediaCompositingEditor.dll (API version 3944462).
LogModuleManager: Display: Found up-to-date module file ../../../Engine/Plugins/Media/MediaPlayerEditor/Binaries/Win64/UE4Editor-MediaPlayerEditor.dll (API version 3944462).
LogModuleManager: Display: Found up-to-date module file ../../../Engine/Plugins/Media/WmfMedia/Binaries/Win64/UE4Editor-WmfMedia.dll (API version 3944462).
LogModuleManager: Display: Found up-to-date module file ../../../Engine/Plugins/Media/WmfMedia/Binaries/Win64/UE4Editor-WmfMediaEditor.dll (API version 3944462).
LogModuleManager: Display: Found up-to-date module file ../../../Engine/Plugins/Media/WmfMedia/Binaries/Win64/UE4Editor-WmfMediaFactory.dll (API version 3944462).
LogModuleManager: Display: Found up-to-date module file ../../../Engine/Plugins/Media/WmfMedia/Binaries/Win64/UE4Editor-WmfMediaFactory.dll (API version 3944462).
LogModuleManager: Display: Found up-to-date module file ../../../Engine/Plugins/Messaging/TcpMessaging/Binaries/Win64/UE4Editor-TcpMessaging.dll (API version 3944462).
LogModuleManager: Display: Found up-to-date module file ../../../Engine/Plugins/Messaging/UdpMessaging/Binaries/Win64/UE4Editor-UdpMessaging.dll (API version 3944462).
LogModuleManager: Display: Found up-to-date module file ../../../Engine/Plugins/MovieScene/ActorSequence/Binaries/Win64/UE4Editor-ActorSequence.dll (API version 3944462).
LogModuleManager: Display: Found up-to-date module file ../../../Engine/Plugins/MovieScene/LevelSequenceEditor/Binaries/Win64/UE4Editor-LevelSequenceEditor.dll (API version 3944462).
LogModuleManager: Display: Found up-to-date module file ../../../Engine/Plugins/MovieScene/MatineeToLevelSequence/Binaries/Win64/UE4Editor-MatineeToLevelSequence.dll (API version 3944462).
LogModuleManager: Display: Found up-to-date module file ../../../Engine/Plugins/NetcodeUnitTest/NetcodeUnitTest/Binaries/Win64/UE4Editor-NetcodeUnitTest.dll (API version 3944462).
LogModuleManager: Display: Found up-to-date module file ../../../Engine/Plugins/NetcodeUnitTest/NUTUnrealEngine4/Binaries/Win64/UE4Editor-NUTUnrealEngine4.dll (API version 3944462).
LogModuleManager: Display: Found up-to-date module file ../../../Engine/Plugins/Online/OnlineSubsystem/Binaries/Win64/UE4Editor-OnlineSubsystem.dll (API version 3944462).
LogModuleManager: Display: Found up-to-date module file ../../../Engine/Plugins/Runtime/AndroidPermission/Binaries/Win64/UE4Editor-AndroidPermission.dll (API version 3944462).
LogModuleManager: Display: Found up-to-date module file ../../../Engine/Plugins/Online/OnlineSubsystemNull/Binaries/Win64/UE4Editor-OnlineSubsystemNull.dll (API version 3944462).
LogModuleManager: Display: Found up-to-date module file ../../../Engine/Plugins/Online/OnlineSubsystemUtils/Binaries/Win64/UE4Editor-OnlineSubsystemUtils.dll (API version 3944462).
LogModuleManager: Display: Found up-to-date module file ../../../Engine/Plugins/Online/OnlineSubsystemUtils/Binaries/Win64/UE4Editor-OnlineBlueprintSupport.dll (API version 3944462).
LogModuleManager: Display: Found up-to-date module file ../../../Engine/Plugins/Runtime/AndroidDeviceProfileSelector/Binaries/Win64/UE4Editor-AndroidDeviceProfileSelector.dll (API version 3944462).
LogModuleManager: Display: Found up-to-date module file ../../../Engine/Plugins/Runtime/AppleARKit/Binaries/Win64/UE4Editor-AppleARKit.dll (API version 3944462).
LogModuleManager: Display: Found up-to-date module file ../../../Engine/Plugins/Runtime/ProceduralMeshComponent/Binaries/Win64/UE4Editor-ProceduralMeshComponent.dll (API version 3944462).
LogModuleManager: Display: Found up-to-date module file ../../../Engine/Plugins/Runtime/ProceduralMeshComponent/Binaries/Win64/UE4Editor-ProceduralMeshComponentEditor.dll (API version 3944462).
LogModuleManager: Display: Found up-to-date module file ../../../Engine/Plugins/Animation/LiveLink/Binaries/Win64/UE4Editor-LiveLink.dll (API version 3944462).
LogModuleManager: Display: Found up-to-date module file ../../../Engine/Plugins/Animation/LiveLink/Binaries/Win64/UE4Editor-LiveLinkEditor.dll (API version 3944462).
LogModuleManager: Display: Found up-to-date module file ../../../Engine/Plugins/Runtime/ArchVisCharacter/Binaries/Win64/UE4Editor-ArchVisCharacter.dll (API version 3944462).
LogModuleManager: Display: Found up-to-date module file ../../../Engine/Plugins/Runtime/AudioCapture/Binaries/Win64/UE4Editor-AudioCapture.dll (API version 3944462).
LogModuleManager: Display: Found up-to-date module file ../../../Engine/Plugins/Runtime/AudioCapture/Binaries/Win64/UE4Editor-AudioCaptureEditor.dll (API version 3944462).
LogModuleManager: Display: Found up-to-date module file ../../../Engine/Plugins/Runtime/CableComponent/Binaries/Win64/UE4Editor-CableComponent.dll (API version 3944462).
LogModuleManager: Display: Found up-to-date module file ../../../Engine/Plugins/Runtime/CustomMeshComponent/Binaries/Win64/UE4Editor-CustomMeshComponent.dll (API version 3944462).
LogModuleManager: Display: Found up-to-date module file ../../../Engine/Plugins/Runtime/ExampleDeviceProfileSelector/Binaries/Win64/UE4Editor-ExampleDeviceProfileSelector.dll (API version 3944462).
LogModuleManager: Display: Found up-to-date module file ../../../Engine/Plugins/Runtime/ImmediatePhysics/Binaries/Win64/UE4Editor-ImmediatePhysics.dll (API version 3944462).
LogModuleManager: Display: Found up-to-date module file ../../../Engine/Plugins/Runtime/ImmediatePhysics/Binaries/Win64/UE4Editor-ImmediatePhysicsEditor.dll (API version 3944462).
LogModuleManager: Display: Found up-to-date module file ../../../Engine/Plugins/Runtime/LocationServicesBPLibrary/Binaries/Win64/UE4Editor-LocationServicesBPLibrary.dll (API version 3944462).
LogModuleManager: Display: Found up-to-date module file ../../../Engine/Plugins/Runtime/MobilePatchingUtils/Binaries/Win64/UE4Editor-MobilePatchingUtils.dll (API version 3944462).
LogModuleManager: Display: Found up-to-date module file ../../../Engine/Plugins/Runtime/Oculus/OculusVR/Binaries/Win64/UE4Editor-OculusHMD.dll (API version 3944462).
LogModuleManager: Display: Found up-to-date module file ../../../Engine/Plugins/Runtime/Oculus/OculusVR/Binaries/Win64/UE4Editor-OculusInput.dll (API version 3944462).
LogModuleManager: Display: Found up-to-date module file ../../../Engine/Plugins/Runtime/Oculus/OculusVR/Binaries/Win64/UE4Editor-OculusEditor.dll (API version 3944462).
LogModuleManager: Display: Found up-to-date module file ../../../Engine/Plugins/Runtime/PhysXVehicles/Binaries/Win64/UE4Editor-PhysXVehicles.dll (API version 3944462).
LogModuleManager: Display: Found up-to-date module file ../../../Engine/Plugins/Runtime/PhysXVehicles/Binaries/Win64/UE4Editor-PhysXVehiclesEditor.dll (API version 3944462).
LogModuleManager: Display: Found up-to-date module file ../../../Engine/Plugins/Runtime/RuntimePhysXCooking/Binaries/Win64/UE4Editor-RuntimePhysXCooking.dll (API version 3944462).
LogModuleManager: Display: Found up-to-date module file ../../../Engine/Plugins/Runtime/Steam/SteamVR/Binaries/Win64/UE4Editor-SteamVR.dll (API version 3944462).
LogModuleManager: Display: Found up-to-date module file ../../../Engine/Plugins/Runtime/Steam/SteamVR/Binaries/Win64/UE4Editor-SteamVRController.dll (API version 3944462).
LogModuleManager: Display: Found up-to-date module file ../../../Engine/Plugins/Runtime/WindowsMoviePlayer/Binaries/Win64/UE4Editor-WindowsMoviePlayer.dll (API version 3944462).
LogPluginManager: Mounting plugin Paper2D
LogPluginManager: Mounting plugin LiveLink
LogPluginManager: Mounting plugin LightPropagationVolume
LogPluginManager: Mounting plugin CLionSourceCodeAccess
LogPluginManager: Mounting plugin CodeLiteSourceCodeAccess
LogPluginManager: Mounting plugin GitSourceControl
LogPluginManager: Mounting plugin KDevelopSourceCodeAccess
LogPluginManager: Mounting plugin NullSourceCodeAccess
LogPluginManager: Mounting plugin PerforceSourceControl
LogPluginManager: Mounting plugin SubversionSourceControl
LogPluginManager: Mounting plugin UObjectPlugin
LogPluginManager: Mounting plugin VisualStudioCodeSourceCodeAccess
LogPluginManager: Mounting plugin VisualStudioSourceCodeAccess
LogPluginManager: Mounting plugin XCodeSourceCodeAccess
LogPluginManager: Mounting plugin AssetManagerEditor
LogPluginManager: Mounting plugin CryptoKeys
LogPluginManager: Mounting plugin DataValidation
LogPluginManager: Mounting plugin FacialAnimation
LogPluginManager: Mounting plugin GameplayTagsEditor
LogPluginManager: Mounting plugin MobileLauncherProfileWizard
LogPluginManager: Mounting plugin PluginBrowser
LogPluginManager: Mounting plugin SpeedTreeImporter
LogPluginManager: Mounting plugin DatasmithContent
LogPluginManager: Mounting plugin AlembicImporter
LogPluginManager: Mounting plugin CharacterAI
LogPluginManager: Mounting plugin HTML5Networking
LogPluginManager: Mounting plugin AndroidMedia
LogPluginManager: Mounting plugin AvfMedia
LogPluginManager: Mounting plugin ImgMedia
LogPluginManager: Mounting plugin LinearTimecode
LogPluginManager: Mounting plugin MediaCompositing
LogPluginManager: Mounting plugin MediaPlayerEditor
LogPluginManager: Mounting plugin WmfMedia
LogPluginManager: Mounting plugin TcpMessaging
LogPluginManager: Mounting plugin UdpMessaging
LogPluginManager: Mounting plugin ActorSequence
LogPluginManager: Mounting plugin LevelSequenceEditor
LogPluginManager: Mounting plugin MatineeToLevelSequence
LogPluginManager: Mounting plugin NetcodeUnitTest
LogPluginManager: Mounting plugin NUTUnrealEngine4
LogPluginManager: Mounting plugin OnlineSubsystemGooglePlay
LogPluginManager: Mounting plugin OnlineSubsystemIOS
LogPluginManager: Mounting plugin OnlineSubsystem
LogPluginManager: Mounting plugin OnlineSubsystemNull
LogPluginManager: Mounting plugin OnlineSubsystemUtils
LogPluginManager: Mounting plugin AndroidDeviceProfileSelector
LogPluginManager: Mounting plugin AndroidMoviePlayer
LogPluginManager: Mounting plugin AndroidPermission
LogPluginManager: Mounting plugin AppleARKit
LogPluginManager: Mounting plugin AppleMoviePlayer
LogPluginManager: Mounting plugin ArchVisCharacter
LogPluginManager: Mounting plugin AudioCapture
LogPluginManager: Mounting plugin CableComponent
LogPluginManager: Mounting plugin CustomMeshComponent
LogPluginManager: Mounting plugin ExampleDeviceProfileSelector
LogPluginManager: Mounting plugin GoogleCloudMessaging
LogPluginManager: Mounting plugin ImmediatePhysics
LogPluginManager: Mounting plugin IOSDeviceProfileSelector
LogPluginManager: Mounting plugin LinuxDeviceProfileSelector
LogPluginManager: Mounting plugin LocationServicesBPLibrary
LogPluginManager: Mounting plugin MobilePatchingUtils
LogPluginManager: Mounting plugin OculusVR
LogPluginManager: Plugin shader directory ../../../Engine/Plugins/Runtime/Oculus/OculusVR/Shaders found
LogPluginManager: Mapping shader source directory ../../../Engine/Plugins/Runtime/Oculus/OculusVR/Shaders to virtual directory /Plugin/OculusVR
LogPluginManager: Mounting plugin PhysXVehicles
LogPluginManager: Mounting plugin ProceduralMeshComponent
LogPluginManager: Mounting plugin RuntimePhysXCooking
LogPluginManager: Mounting plugin SteamVR
LogPluginManager: Mounting plugin WindowsMoviePlayer
LogStreaming: Display: Took  3.292s to configure plugins.
LogInit: Using libcurl 7.47.1
LogInit:  - built for x86_64-pc-win32
LogInit:  - supports SSL with OpenSSL/1.0.2g
LogInit:  - supports HTTP deflate (compression) using libz 1.2.8
LogInit:  - other features:
LogInit:      CURL_VERSION_SSL
LogInit:      CURL_VERSION_LIBZ
LogInit:      CURL_VERSION_IPV6
LogInit:      CURL_VERSION_ASYNCHDNS
LogInit:      CURL_VERSION_LARGEFILE
LogInit:      CURL_VERSION_IDN
LogInit:  CurlRequestOptions (configurable via config and command line):
LogInit:  - bVerifyPeer = false  - Libcurl will NOT verify peer certificate
LogInit:  - bUseHttpProxy = false  - Libcurl will NOT use HTTP proxy
LogInit:  - bDontReuseConnections = false  - Libcurl will reuse connections
LogInit:  - CertBundlePath = nullptr  - Libcurl will use whatever was configured at build time.
LogInit:  - MaxHostConnections = 16  - Libcurl will limit the number of connections to a host
LogInit:  - LocalHostAddr = Default
LogInit: WinSock: version 1.1 (2.2), MaxSocks=32767, MaxUdp=65467
LogInit: WinSock: I am JUN-HYOENG-HOME (192.168.1.81:0)
LogInit: Build: ++UE4+Release-4.19-CL-4033788
LogInit: Engine Version: 4.19.2-4033788+++UE4+Release-4.19
LogInit: Compatible Engine Version: 4.19.0-3944462+++UE4+Release-4.19
LogInit: Net CL: 3944462
LogDevObjectVersion: Number of dev versions registered: 18
LogDevObjectVersion:   Dev-Blueprints (B0D832E4-1F89-4F0D-ACCF-7EB736FD4AA2): 10
LogDevObjectVersion:   Dev-Build (E1C64328-A22C-4D53-A36C-8E866417BD8C): 0
LogDevObjectVersion:   Dev-Core (375EC13C-06E4-48FB-B500-84F0262A717E): 2
LogDevObjectVersion:   Dev-Editor (E4B068ED-F494-42E9-A231-DA0B2E46BB41): 23
LogDevObjectVersion:   Dev-Framework (CFFC743F-43B0-4480-9391-14DF171D2073): 33
LogDevObjectVersion:   Dev-Mobile (B02B49B5-BB20-44E9-A304-32B752E40360): 2
LogDevObjectVersion:   Dev-Networking (A4E4105C-59A1-49B5-A7C5-40C4547EDFEE): 0
LogDevObjectVersion:   Dev-Online (39C831C9-5AE6-47DC-9A44-9C173E1C8E7C): 0
LogDevObjectVersion:   Dev-Physics (78F01B33-EBEA-4F98-B9B4-84EACCB95AA2): 0
LogDevObjectVersion:   Dev-Platform (6631380F-2D4D-43E0-8009-CF276956A95A): 0
LogDevObjectVersion:   Dev-Rendering (12F88B9F-8875-4AFC-A67C-D90C383ABD29): 25
LogDevObjectVersion:   Dev-Sequencer (7B5AE74C-D270-4C10-A958-57980B212A5A): 6
LogDevObjectVersion:   Dev-VR (D7296918-1DD6-4BDD-9DE2-64A83CC13884): 1
LogDevObjectVersion:   Dev-LoadTimes (C2A15278-BFE7-4AFE-6C17-90FF531DF755): 1
LogDevObjectVersion:   Private-Geometry (6EACA3D4-40EC-4CC1-B786-8BED09428FC5): 2
LogDevObjectVersion:   Dev-AnimPhys (29E575DD-E0A3-4627-9D10-D276232CDCEA): 16
LogDevObjectVersion:   Dev-ReflectionCapture (6B266CEC-1EC7-4B8F-A30B-E4D90942FC07): 1
LogDevObjectVersion:   Dev-Automation (0DF73D61-A23F-47EA-B727-89E90C41499A): 1
LogInit: Compiled (64-bit): Apr 27 2018 02:06:57
LogInit: Compiled with Visual C++: 19.00.24215.01
LogInit: Build Configuration: Development
LogInit: Branch Name: ++UE4+Release-4.19
LogInit: Command Line:  
LogInit: Base Directory: D:/EpicGames/UE_4.19/Engine/Binaries/Win64/
LogInit: Installed Engine Build: 1
LogStreaming: Display: Took  0.018s to delete old logs.
LogInit: Presizing for max 8388607 objects, including 0 objects not considered by GC, pre-allocating 0 bytes for permanent pool.
LogInit: Object subsystem initialized
[2018.08.01-01.19.05:368][  0]LogInit: Selected Device Profile: [Windows]
[2018.08.01-01.19.05:368][  0]LogInit: Applying CVar settings loaded from the selected device profile: [Windows]
[2018.08.01-01.19.05:461][  0]LogInit: Computer: JUN-HYOENG-HOME
[2018.08.01-01.19.05:461][  0]LogInit: User: user
[2018.08.01-01.19.05:461][  0]LogInit: CPU Page size=4096, Cores=6
[2018.08.01-01.19.05:461][  0]LogInit: High frequency timer resolution =2.929691 MHz
[2018.08.01-01.19.05:461][  0]LogMemory: Memory total: Physical=15.9GB (16GB approx)
[2018.08.01-01.19.05:461][  0]LogMemory: Platform Memory Stats for Windows
[2018.08.01-01.19.05:461][  0]LogMemory: Process Physical Memory: 274.36 MB used, 274.36 MB peak
[2018.08.01-01.19.05:461][  0]LogMemory: Process Virtual Memory: 270.33 MB used, 270.33 MB peak
[2018.08.01-01.19.05:461][  0]LogMemory: Physical Memory: 4490.36 MB used,  11807.61 MB free, 16297.98 MB total
[2018.08.01-01.19.05:462][  0]LogMemory: Virtual Memory: 4796.73 MB used,  11807.61 MB free, 134217728.00 MB total
[2018.08.01-01.19.05:856][  0]LogInit: Using OS detected language (ko-KR).
[2018.08.01-01.19.05:856][  0]LogInit: Using OS detected locale (ko-KR).
[2018.08.01-01.19.06:015][  0]LogTextLocalizationManager: No specific localization for 'ko-KR' exists, so the 'ko' localization will be used.
[2018.08.01-01.19.06:553][  0]LogStreaming: Display: Took  0.684s to EndInitTextLocalization.
[2018.08.01-01.19.06:572][  0]LogInit: Setting process to per monitor DPI aware
[2018.08.01-01.19.07:271][  0]LogSlate: New Slate User Created.  User Index 0, Is Virtual User: 0
[2018.08.01-01.19.07:271][  0]LogSlate: Slate User Registered.  User Index 0, Is Virtual User: 0
[2018.08.01-01.19.09:459][  0]LogD3D11RHI: D3D11 adapters:
[2018.08.01-01.19.09:519][  0]LogD3D11RHI:    0. 'NVIDIA GeForce GTX 1060 6GB' (Feature Level 11_0)
[2018.08.01-01.19.09:519][  0]LogD3D11RHI:       6052/0/8148 MB DedicatedVideo/DedicatedSystem/SharedSystem, Outputs:2, VendorId:0x10de
[2018.08.01-01.19.09:521][  0]LogD3D11RHI:    1. 'Microsoft Basic Render Driver' (Feature Level 11_0)
[2018.08.01-01.19.09:521][  0]LogD3D11RHI:       0/0/8148 MB DedicatedVideo/DedicatedSystem/SharedSystem, Outputs:0, VendorId:0x1414
[2018.08.01-01.19.09:521][  0]LogD3D11RHI: Chosen D3D11 Adapter: 0
[2018.08.01-01.19.09:525][  0]LogD3D11RHI: Creating new Direct3DDevice
[2018.08.01-01.19.09:526][  0]LogD3D11RHI:     GPU DeviceId: 0x1c03 (for the marketing name, search the web for "GPU Device Id")
[2018.08.01-01.19.09:526][  0]LogWindows: EnumDisplayDevices:
[2018.08.01-01.19.09:526][  0]LogWindows:    0. 'NVIDIA GeForce GTX 1060 6GB' (P:1 D:1)
[2018.08.01-01.19.09:526][  0]LogWindows:    1. 'NVIDIA GeForce GTX 1060 6GB' (P:0 D:1)
[2018.08.01-01.19.09:526][  0]LogWindows:    2. 'NVIDIA GeForce GTX 1060 6GB' (P:0 D:0)
[2018.08.01-01.19.09:526][  0]LogWindows:    3. 'NVIDIA GeForce GTX 1060 6GB' (P:0 D:0)
[2018.08.01-01.19.09:526][  0]LogWindows: DebugString: GetVideoDriverDetailsInvalid PrimaryIsNotTheChoosenAdapter GetVideoDriverDetailsInvalid PrimaryIsNotTheChoosenAdapter GetVideoDriverDetailsInvalid PrimaryIsNotTheChoosenAdapter GetVideoDriverDetailsInvalid PrimaryIsNotTheChoosenAdapter FoundDriverCount:0 
[2018.08.01-01.19.09:526][  0]LogD3D11RHI:     Adapter Name: NVIDIA GeForce GTX 1060 6GB
[2018.08.01-01.19.09:526][  0]LogD3D11RHI:   Driver Version: Unknown (internal:Unknown, unified:Unknown)
[2018.08.01-01.19.09:526][  0]LogD3D11RHI:      Driver Date: Unknown
[2018.08.01-01.19.09:527][  0]LogRHI: Texture pool is 4236 MB (70% of 6052 MB)
[2018.08.01-01.19.09:562][  0]LogD3D11RHI: [Aftermath] Aftermath enabled and primed
[2018.08.01-01.19.09:562][  0]LogD3D11RHI: [Aftermath] Aftermath enabled and primed
[2018.08.01-01.19.09:562][  0]LogD3D11RHI: Async texture creation enabled
[2018.08.01-01.19.09:773][  0]LogD3D11RHI: GPU Timing Frequency: 1000.000000 (Debug: 2 2)
[2018.08.01-01.19.09:856][  0]LogShaderCompilers: Guid format shader working directory is -3 characters bigger than the processId version (../../../../../GitHub/DefOffGame/DefenseSurvival/Intermediate/Shaders/WorkingDirectory/4164/).
[2018.08.01-01.19.09:862][  0]LogShaderCompilers: Cleaned the shader compiler working directory 'C:/Users/user/AppData/Local/Temp/UnrealShaderWorkingDir/4AABBD5641A613612C6092A81AB35826/'.
[2018.08.01-01.19.10:841][  0]LogTemp: Display: Loaded TP AllDesktopTargetPlatform
[2018.08.01-01.19.10:871][  0]LogTemp: Display: Loaded TP MacClientTargetPlatform
[2018.08.01-01.19.10:882][  0]LogTemp: Display: Loaded TP MacNoEditorTargetPlatform
[2018.08.01-01.19.10:894][  0]LogTemp: Display: Loaded TP MacServerTargetPlatform
[2018.08.01-01.19.10:938][  0]LogTemp: Display: Loaded TP MacTargetPlatform
[2018.08.01-01.19.10:949][  0]LogTemp: Display: Loaded TP WindowsClientTargetPlatform
[2018.08.01-01.19.10:962][  0]LogTemp: Display: Loaded TP WindowsNoEditorTargetPlatform
[2018.08.01-01.19.10:973][  0]LogTemp: Display: Loaded TP WindowsServerTargetPlatform
[2018.08.01-01.19.10:978][  0]LogTemp: Display: Loaded TP WindowsTargetPlatform
[2018.08.01-01.19.10:989][  0]LogTemp: Display: Loaded TP Android_ASTCTargetPlatform
[2018.08.01-01.19.11:000][  0]LogTemp: Display: Loaded TP Android_ATCTargetPlatform
[2018.08.01-01.19.11:011][  0]LogTemp: Display: Loaded TP Android_DXTTargetPlatform
[2018.08.01-01.19.11:022][  0]LogTemp: Display: Loaded TP Android_ETC1aTargetPlatform
[2018.08.01-01.19.11:032][  0]LogTemp: Display: Loaded TP Android_ETC1TargetPlatform
[2018.08.01-01.19.11:043][  0]LogTemp: Display: Loaded TP Android_ETC2TargetPlatform
[2018.08.01-01.19.11:065][  0]LogTemp: Display: Loaded TP Android_MultiTargetPlatform
[2018.08.01-01.19.11:065][  0]LogTemp: Display: Loaded TP Android_PVRTCTargetPlatform
[2018.08.01-01.19.11:090][  0]LogTemp: Display: Loaded TP AndroidTargetPlatform
[2018.08.01-01.19.11:091][  0]LogTemp: Display: Loaded TP HTML5TargetPlatform
[2018.08.01-01.19.11:222][  0]LogTemp: Display: Loaded TP IOSTargetPlatform
[2018.08.01-01.19.11:232][  0]LogTemp: Display: Loaded TP TVOSTargetPlatform
[2018.08.01-01.19.11:243][  0]LogTemp: Display: Loaded TP LinuxClientTargetPlatform
[2018.08.01-01.19.11:254][  0]LogTemp: Display: Loaded TP LinuxNoEditorTargetPlatform
[2018.08.01-01.19.11:265][  0]LogTemp: Display: Loaded TP LinuxServerTargetPlatform
[2018.08.01-01.19.11:279][  0]LogTemp: Display: Loaded TP LinuxTargetPlatform
[2018.08.01-01.19.11:279][  0]LogTargetPlatformManager: Display: Building Assets For Windows
[2018.08.01-01.19.11:850][  0]LogXGEController: Cleaning working directory: C:/Users/user/AppData/Local/Temp/UnrealXGEWorkingDir/
[2018.08.01-01.19.11:850][  0]LogXGEController: Cannot use XGE Controller as Incredibuild is not installed on this machine.
[2018.08.01-01.19.11:853][  0]LogShaderCompilers: Cannot use XGE Shader Compiler as Incredibuild is not installed on this machine.
[2018.08.01-01.19.11:853][  0]LogShaderCompilers: Display: Using Local Shader Compiler.
[2018.08.01-01.19.13:811][  0]LogDerivedDataCache: Display: Max Cache Size: 512 MB
[2018.08.01-01.19.14:082][  0]LogDerivedDataCache: Loaded boot cache 0.27s 74MB C:/Users/user/AppData/Local/UnrealEngine/4.19/DerivedDataCache/Boot.ddc.
[2018.08.01-01.19.14:082][  0]LogDerivedDataCache: Display: Loaded Boot cache: C:/Users/user/AppData/Local/UnrealEngine/4.19/DerivedDataCache/Boot.ddc
[2018.08.01-01.19.14:083][  0]LogDerivedDataCache: FDerivedDataBackendGraph:  Pak pak cache file ../../../../../GitHub/DefOffGame/DefenseSurvival/DerivedDataCache/DDC.ddp not found, will not use a pak cache.
[2018.08.01-01.19.14:083][  0]LogDerivedDataCache: Unable to find inner node Pak for hierarchical cache Hierarchy.
[2018.08.01-01.19.14:083][  0]LogDerivedDataCache: FDerivedDataBackendGraph:  CompressedPak pak cache file ../../../../../GitHub/DefOffGame/DefenseSurvival/DerivedDataCache/Compressed.ddp not found, will not use a pak cache.
[2018.08.01-01.19.14:083][  0]LogDerivedDataCache: Unable to find inner node CompressedPak for hierarchical cache Hierarchy.
[2018.08.01-01.19.14:156][  0]LogDerivedDataCache: Display: Pak cache opened for reading ../../../Engine/DerivedDataCache/Compressed.ddp.
[2018.08.01-01.19.14:168][  0]LogDerivedDataCache: Using Local data cache path C:/Users/user/AppData/Local/UnrealEngine/Common/DerivedDataCache: Writable
[2018.08.01-01.19.14:168][  0]LogDerivedDataCache: Shared data cache path not found in *engine.ini, will not use an Shared cache.
[2018.08.01-01.19.14:168][  0]LogDerivedDataCache: Unable to find inner node Shared for hierarchical cache Hierarchy.
[2018.08.01-01.19.14:184][  0]LogMaterial: Verifying Global Shaders for PCD3D_SM5
[2018.08.01-01.19.14:203][  0]LogSlate: Using Freetype 2.6.0
[2018.08.01-01.19.14:273][  0]LogSlate: SlateFontCache - WITH_FREETYPE: 1, WITH_HARFBUZZ: 1
[2018.08.01-01.19.14:273][  0]LogSlate: SlateFontCache - WITH_FREETYPE: 1, WITH_HARFBUZZ: 1
[2018.08.01-01.19.17:844][  0]LogAssetRegistry: FAssetRegistry took 0.0279 seconds to start up
[2018.08.01-01.19.21:013][  0]LogInit: Selected Device Profile: [Windows]
[2018.08.01-01.19.21:738][  0]LogSimplygon: Simplygon DLL not present - disabling.
[2018.08.01-01.19.21:751][  0]LogMeshReduction: Using SimplygonSwarm for distributed automatic mesh merging
[2018.08.01-01.19.21:752][  0]LogMeshReduction: Using QuadricMeshReduction for automatic static mesh reduction
[2018.08.01-01.19.21:758][  0]LogMeshReduction: No automatic skeletal mesh reduction module available
[2018.08.01-01.19.21:758][  0]LogMeshReduction: No automatic mesh merging module available
[2018.08.01-01.19.21:758][  0]LogMeshMerging: No automatic mesh merging module available
[2018.08.01-01.19.21:986][  0]LogNetVersion: DefenseSurvival , NetCL: 3944462, EngineNetVer: 2, GameNetVer: 0 (Checksum: 3696840644)
[2018.08.01-01.19.24:545][  0]LogPackageLocalizationCache: Processed 9 localized package path(s) for 2 prioritized culture(s) in 0.159558 seconds
[2018.08.01-01.19.24:563][  0]LogUObjectArray: 36728 objects as part of root set at end of initial load.
[2018.08.01-01.19.24:563][  0]LogUObjectAllocator: 7314312 out of 0 bytes used by permanent object pool.
[2018.08.01-01.19.24:563][  0]LogUObjectArray: CloseDisregardForGC: 0/0 objects in disregard for GC pool
[2018.08.01-01.19.32:205][  0]LogTcpMessaging: Initializing TcpMessaging bridge
[2018.08.01-01.19.32:237][  0]LogUdpMessaging: Initializing bridge on interface 0.0.0.0:0 to multicast group 230.0.0.1:6666.
[2018.08.01-01.19.32:843][  0]SourceControl: 소스 콘트롤이 꺼졌습니다.
[2018.08.01-01.19.32:843][  0]SourceControl: 소스 콘트롤이 꺼졌습니다.
[2018.08.01-01.19.32:879][  0]SourceControl: 소스 콘트롤이 꺼졌습니다.
[2018.08.01-01.19.32:899][  0]SourceControl: 소스 콘트롤이 꺼졌습니다.
[2018.08.01-01.19.33:645][  0]LogAndroidPermission: UAndroidPermissionCallbackProxy::GetInstance
[2018.08.01-01.19.33:811][  0]LogOcInput: OculusInput pre-init called
[2018.08.01-01.19.34:195][  0]LogEngine: Initializing Engine...
[2018.08.01-01.19.34:210][  0]LogHMD: Failed to initialize OpenVR with code 110
[2018.08.01-01.19.34:221][  0]LogStats: UGameplayTagsManager::ConstructGameplayTagTree: Construct from data asset -  0.000 s
[2018.08.01-01.19.34:221][  0]LogStats: UGameplayTagsManager::ConstructGameplayTagTree: GameplayTagTreeChangedEvent.Broadcast -  0.000 s
[2018.08.01-01.19.34:868][  0]LogAIModule: Creating AISystem for world Untitled
[2018.08.01-01.19.34:927][  0]LogInit: XAudio2 using '스피커(Realtek High Definition Audio)' : 2 channels at 48 kHz using 32 bits per sample (channel mask 0x3)
[2018.08.01-01.19.34:963][  0]LogInit: FAudioDevice initialized.
[2018.08.01-01.19.35:050][  0]LogDerivedDataCache: Saved boot cache 0.09s 74MB C:/Users/user/AppData/Local/UnrealEngine/4.19/DerivedDataCache/Boot.ddc.
[2018.08.01-01.19.35:064][  0]LogInit: Texture streaming: Enabled
[2018.08.01-01.19.35:112][  0]LogEngineSessionManager: EngineSessionManager initialized
[2018.08.01-01.19.35:266][  0]LogInit: Transaction tracking system initialized
[2018.08.01-01.19.35:455][  0]BlueprintLog: New page: 에디터 로드
[2018.08.01-01.19.36:091][  0]LocalizationService: 현지화 서비스가 비활성화되었습니다.
[2018.08.01-01.19.36:591][  0]LogConsoleResponse: Display: 
[2018.08.01-01.19.38:168][  0]LogFileCache: Scanning file cache for directory 'D:/GitHub/DefOffGame/DefenseSurvival/Content/' took 0.02s
[2018.08.01-01.19.38:168][  0]LogCook: Display: Max memory allowance for cook 16384mb min free memory 0mb
[2018.08.01-01.19.38:168][  0]LogCook: Display: Mobile HDR setting 1
[2018.08.01-01.19.38:168][  0]LogGameplayTags: Display: UGameplayTagsManager::DoneAddingNativeTags. DelegateIsBound: 0
[2018.08.01-01.19.38:168][  0]LogStats: UGameplayTagsManager::ConstructGameplayTagTree: Construct from data asset -  0.000 s
[2018.08.01-01.19.38:168][  0]LogStats: UGameplayTagsManager::ConstructGameplayTagTree: GameplayTagTreeChangedEvent.Broadcast -  0.000 s
[2018.08.01-01.19.39:311][  0]SourceControl: 소스 콘트롤이 꺼졌습니다.
[2018.08.01-01.19.39:347][  0]Cmd: MAP LOAD FILE="../../../../../GitHub/DefOffGame/DefenseSurvival/Content/TopDownBP/Maps/TopDownExampleMap.umap" TEMPLATE=0 SHOWPROGRESS=1 FEATURELEVEL=3
[2018.08.01-01.19.39:403][  0]LightingResults: New page: 라이팅 빌드
[2018.08.01-01.19.39:476][  0]MapCheck: New page: 맵 체크
[2018.08.01-01.19.39:476][  0]LightingResults: New page: 라이팅 빌드
[2018.08.01-01.19.40:006][  0]LogUObjectGlobals: Created PersistentFrame Addr=0x000002176116a0c0, Size=144, Default__UE4ASP_HeroTPP_AnimBlueprint_C Function /Game/AnimStarterPack/UE4ASP_HeroTPP_AnimBlueprint.UE4ASP_HeroTPP_AnimBlueprint_C:ExecuteUbergraph_UE4ASP_HeroTPP_AnimBlueprint
[2018.08.01-01.19.40:009][  0]LogUObjectGlobals: Created PersistentFrame Addr=0x00000217614d0800, Size=120, Default__Ue4ASP_Character_C Function /Game/AnimStarterPack/Ue4ASP_Character.Ue4ASP_Character_C:ExecuteUbergraph_Ue4ASP_Character
[2018.08.01-01.19.40:461][  0]LogUObjectGlobals: Destroyed PersistentFrame Addr=0x000002176116a0c0, Size=144
[2018.08.01-01.19.40:461][  0]LogUObjectGlobals: Created PersistentFrame Addr=0x000002170875be20, Size=144, Default__UE4ASP_HeroTPP_AnimBlueprint_C Function /Engine/Transient.REINST_UE4ASP_HeroTPP_AnimBlueprint_C_0:ExecuteUbergraph_UE4ASP_HeroTPP_AnimBlueprint
[2018.08.01-01.19.40:461][  0]LogUObjectGlobals: Destroyed PersistentFrame Addr=0x00000217614d0800, Size=120
[2018.08.01-01.19.40:461][  0]LogUObjectGlobals: Created PersistentFrame Addr=0x0000021708793780, Size=120, Default__Ue4ASP_Character_C Function /Engine/Transient.REINST_Ue4ASP_Character_C_1:ExecuteUbergraph_Ue4ASP_Character
[2018.08.01-01.19.40:514][  0]LogBlueprint: Warning: [Compiler Ue4ASP_Character] InputAction Event 가  Crouch 입력 액션  에 대해 알려지지 않은 'Crouch' 액션을 레퍼런싱합니다.
[2018.08.01-01.19.40:514][  0]LogBlueprint: Warning: [Compiler Ue4ASP_Character] InputAction Event 가  Jump 입력 액션  에 대해 알려지지 않은 'Jump' 액션을 레퍼런싱합니다.
[2018.08.01-01.19.40:514][  0]LogBlueprint: Warning: [Compiler Ue4ASP_Character] Input Axis Event 가  LookUp 입력 축  에 대해 알려지지 않은 'LookUp' 축을 레퍼런싱합니다.
[2018.08.01-01.19.40:515][  0]LogBlueprint: Warning: [Compiler Ue4ASP_Character] Input Axis Event 가  Turn 입력 축  에 대해 알려지지 않은 'Turn' 축을 레퍼런싱합니다.
[2018.08.01-01.19.40:518][  0]LogUObjectGlobals: Created PersistentFrame Addr=0x00000217083da980, Size=144, Default__UE4ASP_HeroTPP_AnimBlueprint_C Function /Game/AnimStarterPack/UE4ASP_HeroTPP_AnimBlueprint.UE4ASP_HeroTPP_AnimBlueprint_C:ExecuteUbergraph_UE4ASP_HeroTPP_AnimBlueprint
[2018.08.01-01.19.40:529][  0]LogUObjectGlobals: Created PersistentFrame Addr=0x000002170841afc0, Size=320, Default__Ue4ASP_Character_C Function /Game/AnimStarterPack/Ue4ASP_Character.Ue4ASP_Character_C:ExecuteUbergraph_Ue4ASP_Character
[2018.08.01-01.19.40:560][  0]LogBlueprint: Warning: [Compiler Ue4ASP_Character] [0047.50] Ue4ASP_Character 컴파일에 성공했습니다만, 경고가 4 회 있습니다. [소요시간 171 ms] (/Game/AnimStarterPack/Ue4ASP_Character.Ue4ASP_Character)
[2018.08.01-01.19.40:786][  0]LogUObjectGlobals: Created PersistentFrame Addr=0x0000021708366b00, Size=1760, Default__TopDownCharacter_C Function /Game/TopDownBP/Character/TopDownCharacter.TopDownCharacter_C:ExecuteUbergraph_TopDownCharacter
[2018.08.01-01.19.40:787][  0]LogUObjectGlobals: Created PersistentFrame Addr=0x00000217084187c0, Size=264, Default__BuildingGhost_C Function /Game/TopDownBP/Blueprints/BuildingGhost.BuildingGhost_C:ExecuteUbergraph_BuildingGhost
[2018.08.01-01.19.41:100][  0]LogUObjectGlobals: Created PersistentFrame Addr=0x0000021708e7afc0, Size=144, Default__인벤토리BP_C Function /Game/TopDownBP/인벤토리시스템/인벤토리BP.인벤토리BP_C:ExecuteUbergraph_인벤토리BP
[2018.08.01-01.19.41:101][  0]LogUObjectGlobals: Created PersistentFrame Addr=0x00000217083b6ce0, Size=48, Default__아이템마스터_C Function /Game/TopDownBP/인벤토리시스템/아이템/아이템마스터.아이템마스터_C:ExecuteUbergraph_아이템마스터
[2018.08.01-01.19.41:166][  0]LogUObjectGlobals: Created PersistentFrame Addr=0x000002170880d208, Size=4, Default__인벤토리UI_C Function /Game/TopDownBP/인벤토리시스템/위젯/인벤토리UI.인벤토리UI_C:ExecuteUbergraph_인벤토리UI
[2018.08.01-01.19.41:208][  0]LogUObjectGlobals: Created PersistentFrame Addr=0x00000217083858a0, Size=112, Default__인벤토리슬롯UI_C Function /Game/TopDownBP/인벤토리시스템/위젯/인벤토리슬롯UI.인벤토리슬롯UI_C:ExecuteUbergraph_인벤토리슬롯UI
[2018.08.01-01.19.41:209][  0]LogUObjectGlobals: Created PersistentFrame Addr=0x000002170880d158, Size=4, Default__메인위젯UI_C Function /Game/TopDownBP/인벤토리시스템/위젯/메인위젯UI.메인위젯UI_C:ExecuteUbergraph_메인위젯UI
[2018.08.01-01.19.41:321][  0]LogUObjectGlobals: Created PersistentFrame Addr=0x0000021708385b40, Size=104, Default__임시UI_C Function /Game/TopDownBP/Blueprints/임시UI.임시UI_C:ExecuteUbergraph_임시UI
[2018.08.01-01.19.41:420][  0]LogUObjectGlobals: Destroyed PersistentFrame Addr=0x00000217084187c0, Size=264
[2018.08.01-01.19.41:420][  0]LogUObjectGlobals: Created PersistentFrame Addr=0x0000021709740400, Size=264, Default__BuildingGhost_C Function /Engine/Transient.REINST_BuildingGhost_C_11:ExecuteUbergraph_BuildingGhost
[2018.08.01-01.19.41:421][  0]LogUObjectGlobals: Destroyed PersistentFrame Addr=0x00000217083b6ce0, Size=48
[2018.08.01-01.19.41:421][  0]LogUObjectGlobals: Created PersistentFrame Addr=0x00000217083b6ce0, Size=48, Default__아이템마스터_C Function /Engine/Transient.REINST_아이템마스터_C_13:ExecuteUbergraph_아이템마스터
[2018.08.01-01.19.41:421][  0]LogUObjectGlobals: Destroyed PersistentFrame Addr=0x0000021708e7afc0, Size=144
[2018.08.01-01.19.41:421][  0]LogUObjectGlobals: Created PersistentFrame Addr=0x0000021767cec900, Size=144, Default__인벤토리BP_C Function /Engine/Transient.REINST_인벤토리BP_C_14:ExecuteUbergraph_인벤토리BP
[2018.08.01-01.19.41:422][  0]LogUObjectGlobals: Destroyed PersistentFrame Addr=0x0000021708366b00, Size=1760
[2018.08.01-01.19.41:422][  0]LogUObjectGlobals: Created PersistentFrame Addr=0x000002170988c800, Size=1760, Default__TopDownCharacter_C Function /Engine/Transient.REINST_TopDownCharacter_C_15:ExecuteUbergraph_TopDownCharacter
[2018.08.01-01.19.41:422][  0]LogUObjectGlobals: Destroyed PersistentFrame Addr=0x000002170880d158, Size=4
[2018.08.01-01.19.41:422][  0]LogUObjectGlobals: Created PersistentFrame Addr=0x0000021709744510, Size=4, Default__메인위젯UI_C Function /Engine/Transient.REINST_메인위젯UI_C_0:ExecuteUbergraph_메인위젯UI
[2018.08.01-01.19.41:423][  0]LogUObjectGlobals: Destroyed PersistentFrame Addr=0x000002170880d208, Size=4
[2018.08.01-01.19.41:423][  0]LogUObjectGlobals: Created PersistentFrame Addr=0x0000021709744500, Size=4, Default__인벤토리UI_C Function /Engine/Transient.REINST_인벤토리UI_C_1:ExecuteUbergraph_인벤토리UI
[2018.08.01-01.19.41:423][  0]LogUObjectGlobals: Destroyed PersistentFrame Addr=0x00000217083858a0, Size=112
[2018.08.01-01.19.41:423][  0]LogUObjectGlobals: Created PersistentFrame Addr=0x0000021708439de0, Size=112, Default__인벤토리슬롯UI_C Function /Engine/Transient.REINST_인벤토리슬롯UI_C_2:ExecuteUbergraph_인벤토리슬롯UI
[2018.08.01-01.19.41:423][  0]LogUObjectGlobals: Destroyed PersistentFrame Addr=0x0000021708385b40, Size=104
[2018.08.01-01.19.41:423][  0]LogUObjectGlobals: Created PersistentFrame Addr=0x0000021708439ec0, Size=104, Default__임시UI_C Function /Engine/Transient.REINST_임시UI_C_3:ExecuteUbergraph_임시UI
[2018.08.01-01.19.41:465][  0]LogUObjectGlobals: Created PersistentFrame Addr=0x000002170912f380, Size=264, Default__BuildingGhost_C Function /Game/TopDownBP/Blueprints/BuildingGhost.BuildingGhost_C:ExecuteUbergraph_BuildingGhost
[2018.08.01-01.19.41:466][  0]LogBlueprint: Warning: [Compiler 아이템마스터] 이 구조체는 범용  아이템정보 분해  'break' 노드로 분해할 수 없습니다. 가능하다면 전용 'break' 함수를 사용해 보세요.
[2018.08.01-01.19.41:466][  0]LogUObjectGlobals: Created PersistentFrame Addr=0x0000021709193af0, Size=48, Default__아이템마스터_C Function /Game/TopDownBP/인벤토리시스템/아이템/아이템마스터.아이템마스터_C:ExecuteUbergraph_아이템마스터
[2018.08.01-01.19.41:467][  0]LogBlueprint: Warning: [Compiler 인벤토리BP] 이 구조체는 범용  아이템정보 분해  'break' 노드로 분해할 수 없습니다. 가능하다면 전용 'break' 함수를 사용해 보세요.
[2018.08.01-01.19.41:469][  0]LogBlueprint: Warning: [Compiler 인벤토리BP] 이 구조체는 범용  아이템정보 분해  'break' 노드로 분해할 수 없습니다. 가능하다면 전용 'break' 함수를 사용해 보세요.
[2018.08.01-01.19.41:470][  0]LogUObjectGlobals: Created PersistentFrame Addr=0x00000217091cf420, Size=144, Default__인벤토리BP_C Function /Game/TopDownBP/인벤토리시스템/인벤토리BP.인벤토리BP_C:ExecuteUbergraph_인벤토리BP
[2018.08.01-01.19.41:472][  0]LogBlueprint: Warning: [Compiler TopDownCharacter] 이 구조체는 범용  아이템정보 분해  'break' 노드로 분해할 수 없습니다. 가능하다면 전용 'break' 함수를 사용해 보세요.
[2018.08.01-01.19.41:472][  0]LogBlueprint: Warning: [Compiler TopDownCharacter] 이 구조체는 범용  아이템정보 분해  'break' 노드로 분해할 수 없습니다. 가능하다면 전용 'break' 함수를 사용해 보세요.
[2018.08.01-01.19.41:474][  0]LogUObjectGlobals: Created PersistentFrame Addr=0x0000021709c3b200, Size=1760, Default__TopDownCharacter_C Function /Game/TopDownBP/Character/TopDownCharacter.TopDownCharacter_C:ExecuteUbergraph_TopDownCharacter
[2018.08.01-01.19.41:484][  0]LogUObjectGlobals: Created PersistentFrame Addr=0x0000021709020f28, Size=4, Default__메인위젯UI_C Function /Game/TopDownBP/인벤토리시스템/위젯/메인위젯UI.메인위젯UI_C:ExecuteUbergraph_메인위젯UI
[2018.08.01-01.19.41:485][  0]LogUObjectGlobals: Created PersistentFrame Addr=0x0000021709020c88, Size=4, Default__인벤토리UI_C Function /Game/TopDownBP/인벤토리시스템/위젯/인벤토리UI.인벤토리UI_C:ExecuteUbergraph_인벤토리UI
[2018.08.01-01.19.41:486][  0]LogBlueprint: Warning: [Compiler 인벤토리슬롯UI] 이 구조체는 범용  아이템정보 분해  'break' 노드로 분해할 수 없습니다. 가능하다면 전용 'break' 함수를 사용해 보세요.
[2018.08.01-01.19.41:486][  0]LogBlueprint: Warning: [Compiler 인벤토리슬롯UI] 이 구조체는 범용  아이템정보 분해  'break' 노드로 분해할 수 없습니다. 가능하다면 전용 'break' 함수를 사용해 보세요.
[2018.08.01-01.19.41:487][  0]LogUObjectGlobals: Created PersistentFrame Addr=0x0000021709bc2cc0, Size=112, Default__인벤토리슬롯UI_C Function /Game/TopDownBP/인벤토리시스템/위젯/인벤토리슬롯UI.인벤토리슬롯UI_C:ExecuteUbergraph_인벤토리슬롯UI
[2018.08.01-01.19.41:488][  0]LogUObjectGlobals: Created PersistentFrame Addr=0x0000021709bb1bb0, Size=104, Default__임시UI_C Function /Game/TopDownBP/Blueprints/임시UI.임시UI_C:ExecuteUbergraph_임시UI
[2018.08.01-01.19.41:499][  0]LogBlueprint: Warning: [Compiler 아이템마스터] [0048.44] 아이템마스터 컴파일에 성공했습니다만, 경고가 1 회 있습니다. [소요시간 103 ms] (/Game/TopDownBP/인벤토리시스템/아이템/아이템마스터.아이템마스터)
[2018.08.01-01.19.41:499][  0]LogBlueprint: Warning: [Compiler 인벤토리BP] [0048.44] 인벤토리BP 컴파일에 성공했습니다만, 경고가 2 회 있습니다. [소요시간 103 ms] (/Game/TopDownBP/인벤토리시스템/인벤토리BP.인벤토리BP)
[2018.08.01-01.19.41:499][  0]LogBlueprint: Warning: [Compiler TopDownCharacter] [0048.44] TopDownCharacter 컴파일에 성공했습니다만, 경고가 2 회 있습니다. [소요시간 103 ms] (/Game/TopDownBP/Character/TopDownCharacter.TopDownCharacter)
[2018.08.01-01.19.41:499][  0]LogBlueprint: Warning: [Compiler 인벤토리슬롯UI] [0048.44] 인벤토리슬롯UI 컴파일에 성공했습니다만, 경고가 2 회 있습니다. [소요시간 103 ms] (/Game/TopDownBP/인벤토리시스템/위젯/인벤토리슬롯UI.인벤토리슬롯UI)
[2018.08.01-01.19.41:781][  0]LogUObjectGlobals: Created PersistentFrame Addr=0x0000021709833100, Size=384, Default__나무_C Function /Game/TopDownBP/Blueprints/나무.나무_C:ExecuteUbergraph_나무
[2018.08.01-01.19.41:785][  0]LogUObjectGlobals: Destroyed PersistentFrame Addr=0x0000021709833100, Size=384
[2018.08.01-01.19.41:785][  0]LogUObjectGlobals: Created PersistentFrame Addr=0x000002170980da80, Size=384, Default__나무_C Function /Engine/Transient.REINST_나무_C_30:ExecuteUbergraph_나무
[2018.08.01-01.19.41:788][  0]LogUObjectGlobals: Created PersistentFrame Addr=0x0000021709b81c00, Size=384, Default__나무_C Function /Game/TopDownBP/Blueprints/나무.나무_C:ExecuteUbergraph_나무
[2018.08.01-01.19.41:964][  0]LogUObjectGlobals: Created PersistentFrame Addr=0x0000021709b81180, Size=384, Default__바위_C Function /Game/TopDownBP/Blueprints/바위.바위_C:ExecuteUbergraph_바위
[2018.08.01-01.19.41:968][  0]LogUObjectGlobals: Destroyed PersistentFrame Addr=0x0000021709b81180, Size=384
[2018.08.01-01.19.41:968][  0]LogUObjectGlobals: Created PersistentFrame Addr=0x0000021708dc1780, Size=384, Default__바위_C Function /Engine/Transient.REINST_바위_C_32:ExecuteUbergraph_바위
[2018.08.01-01.19.41:971][  0]LogUObjectGlobals: Created PersistentFrame Addr=0x0000021708da6980, Size=384, Default__바위_C Function /Game/TopDownBP/Blueprints/바위.바위_C:ExecuteUbergraph_바위
[2018.08.01-01.19.42:077][  0]LogUObjectGlobals: Created PersistentFrame Addr=0x0000021709bc5a80, Size=48, Default__아이템_맵_C Function /Game/TopDownBP/인벤토리시스템/아이템/아이템마스터.아이템마스터_C:ExecuteUbergraph_아이템마스터
[2018.08.01-01.19.42:089][  0]LogUObjectGlobals: Destroyed PersistentFrame Addr=0x0000021709bc5a80, Size=48
[2018.08.01-01.19.42:089][  0]LogUObjectGlobals: Created PersistentFrame Addr=0x0000021709bc5a80, Size=48, Default__아이템_맵_C Function /Game/TopDownBP/인벤토리시스템/아이템/아이템마스터.아이템마스터_C:ExecuteUbergraph_아이템마스터
[2018.08.01-01.19.42:089][  0]LogUObjectGlobals: Created PersistentFrame Addr=0x0000021709bc5870, Size=48, Default__아이템_맵_C Function /Game/TopDownBP/인벤토리시스템/아이템/아이템마스터.아이템마스터_C:ExecuteUbergraph_아이템마스터
[2018.08.01-01.19.42:144][  0]LogUObjectGlobals: Created PersistentFrame Addr=0x0000021709bc5600, Size=48, Default__아이템_반지_C Function /Game/TopDownBP/인벤토리시스템/아이템/아이템마스터.아이템마스터_C:ExecuteUbergraph_아이템마스터
[2018.08.01-01.19.42:145][  0]LogUObjectGlobals: Destroyed PersistentFrame Addr=0x0000021709bc5600, Size=48
[2018.08.01-01.19.42:145][  0]LogUObjectGlobals: Created PersistentFrame Addr=0x0000021709bc5600, Size=48, Default__아이템_반지_C Function /Game/TopDownBP/인벤토리시스템/아이템/아이템마스터.아이템마스터_C:ExecuteUbergraph_아이템마스터
[2018.08.01-01.19.42:145][  0]LogUObjectGlobals: Created PersistentFrame Addr=0x0000021709bc5570, Size=48, Default__아이템_반지_C Function /Game/TopDownBP/인벤토리시스템/아이템/아이템마스터.아이템마스터_C:ExecuteUbergraph_아이템마스터
[2018.08.01-01.19.42:198][  0]LogUObjectGlobals: Created PersistentFrame Addr=0x0000021709bc5510, Size=48, Default__아이템_체력포션_C Function /Game/TopDownBP/인벤토리시스템/아이템/아이템마스터.아이템마스터_C:ExecuteUbergraph_아이템마스터
[2018.08.01-01.19.42:201][  0]LogUObjectGlobals: Destroyed PersistentFrame Addr=0x0000021709bc5510, Size=48
[2018.08.01-01.19.42:201][  0]LogUObjectGlobals: Created PersistentFrame Addr=0x0000021709bc5510, Size=48, Default__아이템_체력포션_C Function /Game/TopDownBP/인벤토리시스템/아이템/아이템마스터.아이템마스터_C:ExecuteUbergraph_아이템마스터
[2018.08.01-01.19.42:202][  0]LogUObjectGlobals: Created PersistentFrame Addr=0x0000021709bc4d90, Size=48, Default__아이템_체력포션_C Function /Game/TopDownBP/인벤토리시스템/아이템/아이템마스터.아이템마스터_C:ExecuteUbergraph_아이템마스터
[2018.08.01-01.19.42:231][  0]LogUObjectGlobals: Created PersistentFrame Addr=0x0000021709b679e0, Size=208, Default__아이템줍기_C Function /Game/TopDownBP/인벤토리시스템/아이템/아이템줍기.아이템줍기_C:ExecuteUbergraph_아이템줍기
[2018.08.01-01.19.42:235][  0]LogUObjectGlobals: Destroyed PersistentFrame Addr=0x0000021709b679e0, Size=208
[2018.08.01-01.19.42:235][  0]LogUObjectGlobals: Created PersistentFrame Addr=0x0000021709b679e0, Size=208, Default__아이템줍기_C Function /Engine/Transient.REINST_아이템줍기_C_41:ExecuteUbergraph_아이템줍기
[2018.08.01-01.19.42:238][  0]LogUObjectGlobals: Created PersistentFrame Addr=0x0000021709b65d00, Size=208, Default__아이템줍기_C Function /Game/TopDownBP/인벤토리시스템/아이템/아이템줍기.아이템줍기_C:ExecuteUbergraph_아이템줍기
[2018.08.01-01.19.42:774][  0]LogSkeletalMesh: Skeletal Mesh found in DDC [10.240329ms] /Game/AnimStarterPack/UE4_Mannequin/Mesh/SK_Mannequin.SK_Mannequin
[2018.08.01-01.19.43:224][  0]LogAIModule: Creating AISystem for world TopDownExampleMap
[2018.08.01-01.19.43:525][  0]LogEditorServer: Finished looking for orphan Actors (0.000 secs)
[2018.08.01-01.19.43:581][  0]LogUObjectGlobals: Destroyed PersistentFrame Addr=0x000002170875be20, Size=144
[2018.08.01-01.19.43:581][  0]LogUObjectGlobals: Destroyed PersistentFrame Addr=0x0000021708793780, Size=120
[2018.08.01-01.19.43:581][  0]LogUObjectGlobals: Destroyed PersistentFrame Addr=0x000002170988c800, Size=1760
[2018.08.01-01.19.43:581][  0]LogUObjectGlobals: Destroyed PersistentFrame Addr=0x0000021709740400, Size=264
[2018.08.01-01.19.43:581][  0]LogUObjectGlobals: Destroyed PersistentFrame Addr=0x0000021767cec900, Size=144
[2018.08.01-01.19.43:581][  0]LogUObjectGlobals: Destroyed PersistentFrame Addr=0x00000217083b6ce0, Size=48
[2018.08.01-01.19.43:581][  0]LogUObjectGlobals: Destroyed PersistentFrame Addr=0x0000021709744500, Size=4
[2018.08.01-01.19.43:581][  0]LogUObjectGlobals: Destroyed PersistentFrame Addr=0x0000021708439de0, Size=112
[2018.08.01-01.19.43:581][  0]LogUObjectGlobals: Destroyed PersistentFrame Addr=0x0000021709744510, Size=4
[2018.08.01-01.19.43:581][  0]LogUObjectGlobals: Destroyed PersistentFrame Addr=0x0000021708439ec0, Size=104
[2018.08.01-01.19.43:582][  0]LogUObjectGlobals: Destroyed PersistentFrame Addr=0x000002170980da80, Size=384
[2018.08.01-01.19.43:582][  0]LogUObjectGlobals: Destroyed PersistentFrame Addr=0x0000021708dc1780, Size=384
[2018.08.01-01.19.43:582][  0]LogUObjectGlobals: Destroyed PersistentFrame Addr=0x0000021709bc5a80, Size=48
[2018.08.01-01.19.43:582][  0]LogUObjectGlobals: Destroyed PersistentFrame Addr=0x0000021709bc5600, Size=48
[2018.08.01-01.19.43:582][  0]LogUObjectGlobals: Destroyed PersistentFrame Addr=0x0000021709bc5510, Size=48
[2018.08.01-01.19.43:582][  0]LogUObjectGlobals: Destroyed PersistentFrame Addr=0x0000021709b679e0, Size=208
[2018.08.01-01.19.43:595][  0]Cmd: MAP CHECKDEP NOCLEARLOG
[2018.08.01-01.19.43:658][  0]MapCheck: 맵 체크 완료: 오류 0 회, 경고 0 회, 소요 시간 62.594ms.
[2018.08.01-01.19.43:658][  0]LogFileHelpers: Loading map 'TopDownExampleMap' took 4.328
[2018.08.01-01.19.44:425][  0]LogCollectionManager: Loaded 0 collections in 0.001055 seconds
[2018.08.01-01.19.44:497][  0]LogFileCache: Scanning file cache for directory 'D:/GitHub/DefOffGame/DefenseSurvival/Saved/Collections/' took 0.01s
[2018.08.01-01.19.44:497][  0]LogFileCache: Scanning file cache for directory 'D:/GitHub/DefOffGame/DefenseSurvival/Content/Developers/user/Collections/' took 0.01s
[2018.08.01-01.19.44:497][  0]LogFileCache: Scanning file cache for directory 'D:/GitHub/DefOffGame/DefenseSurvival/Content/Collections/' took 0.01s
[2018.08.01-01.19.44:497][  0]LogCollectionManager: Rebuilt the GUID cache for 0 collections in 0.000000 seconds
[2018.08.01-01.19.44:506][  0]LogContentBrowser: Native class hierarchy populated in 0.0076 seconds. Added 2452 classes and 558 folders.
[2018.08.01-01.19.44:533][  0]LogContentBrowser: Native class hierarchy updated for 'WidgetCarousel' in 0.0002 seconds. Added 0 classes and 0 folders.
[2018.08.01-01.19.45:385][  0]LogContentBrowser: Native class hierarchy updated for 'AddContentDialog' in 0.0003 seconds. Added 0 classes and 0 folders.
[2018.08.01-01.19.45:411][  0]LogContentBrowser: Native class hierarchy updated for 'SceneOutliner' in 0.0003 seconds. Added 1 classes and 2 folders.
[2018.08.01-01.19.45:899][  0]LogSlate: Took 0.012845 seconds to synchronously load lazily loaded font '../../../Engine/Content/Slate/Fonts/Roboto-Regular.ttf' (155K)
[2018.08.01-01.19.45:943][  0]LogSlate: Took 0.042304 seconds to synchronously load lazily loaded font '../../../Engine/Content/Editor/Slate/Fonts/NanumGothic.ttf' (4243K)
[2018.08.01-01.19.45:976][  0]LogSlate: Took 0.033396 seconds to synchronously load lazily loaded font '../../../Engine/Content/Editor/Slate/Fonts/NanumGothicBold.ttf' (4188K)
[2018.08.01-01.19.46:005][  0]LogSlate: Took 0.028718 seconds to synchronously load lazily loaded font '../../../Engine/Content/Slate/Fonts/Roboto-Bold.ttf' (160K)
[2018.08.01-01.19.46:037][  0]LogSlate: Took 0.013075 seconds to synchronously load lazily loaded font '../../../Engine/Content/Editor/Slate/Fonts/FontAwesome.ttf' (139K)
[2018.08.01-01.19.46:345][  0]LogRenderer: Reallocating scene render targets to support 1312x604 Format 10 NumSamples 1 (Frame:1).
[2018.08.01-01.19.46:734][  0]LogContentBrowser: Native class hierarchy updated for 'HierarchicalLODOutliner' in 0.0002 seconds. Added 0 classes and 0 folders.
[2018.08.01-01.19.46:734][  0]LogLoad: (Engine Initialization) Total time: 53.68 seconds
[2018.08.01-01.19.46:734][  0]LogLoad: (Engine Initialization) Total Blueprint compile time: 0.00 seconds
[2018.08.01-01.19.47:155][  0]LogContentStreaming: Texture pool size now 1000 MB
[2018.08.01-01.19.47:303][  0]LogSlate: Took 0.014906 seconds to synchronously load lazily loaded font '../../../Engine/Content/Slate/Fonts/Roboto-Light.ttf' (167K)
[2018.08.01-01.19.47:481][  1]LogAssetRegistry: Asset discovery search completed in 29.6601 seconds
[2018.08.01-01.19.47:483][  1]LogCollectionManager: Rebuilt the object cache for 0 collections in 0.000000 seconds (found 0 objects)
[2018.08.01-01.19.47:483][  1]LogCollectionManager: Fixed up redirectors for 0 collections in 0.000041 seconds (updated 0 objects)
[2018.08.01-01.20.13:097][ 78]LogSlate: FSceneViewport::OnFocusLost() reason 0
[2018.08.01-01.20.14:136][180]LogSlate: Took 0.000210 seconds to synchronously load lazily loaded font '../../../Engine/Content/Slate/Fonts/Roboto-Light.ttf' (167K)
[2018.08.01-01.20.19:533][781]LogEditorViewport: Clicking on Actor (LMB): TopDownCharacter_C (TopDownCharacter)
[2018.08.01-01.20.21:874][  2]LogSlate: FSceneViewport::OnFocusLost() reason 0
[2018.08.01-01.20.22:450][ 10]LogContentBrowser: Native class hierarchy updated for 'BlueprintGraph' in 0.0005 seconds. Added 116 classes and 0 folders.
[2018.08.01-01.20.22:744][ 10]LogUObjectGlobals: Created PersistentFrame Addr=0x00000217715bcb28, Size=4, Default__SKEL_PROTO_BP_AnimBlueprint_0_C Function /Engine/Transient.SKEL_PROTO_BP_AnimBlueprint_0_C:ExecuteUbergraph_PROTO_BP_AnimBlueprint_0
[2018.08.01-01.20.22:746][ 10]LogUObjectGlobals: Created PersistentFrame Addr=0x00000217715bcaf0, Size=4, Default__PROTO_BP_AnimBlueprint_0_C Function /Engine/Transient.PROTO_BP_AnimBlueprint_0_C:ExecuteUbergraph_PROTO_BP_AnimBlueprint_0
[2018.08.01-01.20.23:437][ 10]LogSlate: Took 0.010670 seconds to synchronously load lazily loaded font '../../../Engine/Content/Slate/Fonts/Roboto-BoldCondensed.ttf' (158K)
[2018.08.01-01.20.23:838][ 11]LogSlate: Took 0.003473 seconds to synchronously load lazily loaded font '../../../Engine/Content/Slate/Fonts/Roboto-Italic.ttf' (157K)
[2018.08.01-01.20.40:115][246]LogSlate: Window 'Reference Viewer' being destroyed
[2018.08.01-01.20.40:119][246]LogSlate: Window 'Reference Viewer' being destroyed
[2018.08.01-01.21.20:831][836]LogSlate: Took 0.001951 seconds to synchronously load lazily loaded font '../../../Engine/Content/Slate/Fonts/../../Editor/Slate/Fonts/NanumGothic.ttf' (4243K)
[2018.08.01-01.21.38:598][256]LogSlate: Window 'Reference Viewer' being destroyed
[2018.08.01-01.21.38:601][256]LogSlate: Window 'Reference Viewer' being destroyed
[2018.08.01-01.21.46:101][903]BlueprintLog: New page: 아이템마스터 컴파일
[2018.08.01-01.21.46:152][903]LogUObjectGlobals: Destroyed PersistentFrame Addr=0x0000021709193af0, Size=48
[2018.08.01-01.21.46:152][903]LogUObjectGlobals: Created PersistentFrame Addr=0x00000217aa3d3e50, Size=48, Default__아이템마스터_C Function /Engine/Transient.REINST_아이템마스터_C_67:ExecuteUbergraph_아이템마스터
[2018.08.01-01.21.46:152][903]LogUObjectGlobals: Destroyed PersistentFrame Addr=0x0000021709bc5870, Size=48
[2018.08.01-01.21.46:152][903]LogUObjectGlobals: Created PersistentFrame Addr=0x00000217aa3d3be0, Size=48, Default__아이템_맵_C Function /Engine/Transient.REINST_아이템마스터_C_67:ExecuteUbergraph_아이템마스터
[2018.08.01-01.21.46:152][903]LogUObjectGlobals: Destroyed PersistentFrame Addr=0x0000021709bc4d90, Size=48
[2018.08.01-01.21.46:152][903]LogUObjectGlobals: Created PersistentFrame Addr=0x00000217aa3d39d0, Size=48, Default__아이템_체력포션_C Function /Engine/Transient.REINST_아이템마스터_C_67:ExecuteUbergraph_아이템마스터
[2018.08.01-01.21.46:152][903]LogUObjectGlobals: Destroyed PersistentFrame Addr=0x0000021709bc5570, Size=48
[2018.08.01-01.21.46:152][903]LogUObjectGlobals: Created PersistentFrame Addr=0x00000217aa3d3b20, Size=48, Default__아이템_반지_C Function /Engine/Transient.REINST_아이템마스터_C_67:ExecuteUbergraph_아이템마스터
[2018.08.01-01.21.46:154][903]LogBlueprint: Warning: [Compiler 아이템마스터] 이 구조체는 범용  아이템정보 분해  'break' 노드로 분해할 수 없습니다. 가능하다면 전용 'break' 함수를 사용해 보세요.
[2018.08.01-01.21.46:154][903]LogUObjectGlobals: Created PersistentFrame Addr=0x00000217aa3d3070, Size=48, Default__아이템마스터_C Function /Game/TopDownBP/인벤토리시스템/아이템/아이템마스터.아이템마스터_C:ExecuteUbergraph_아이템마스터
[2018.08.01-01.21.46:154][903]LogUObjectGlobals: Created PersistentFrame Addr=0x00000217aa3d3010, Size=48, Default__아이템_맵_C Function /Game/TopDownBP/인벤토리시스템/아이템/아이템마스터.아이템마스터_C:ExecuteUbergraph_아이템마스터
[2018.08.01-01.21.46:155][903]LogUObjectGlobals: Created PersistentFrame Addr=0x00000217aa3d2fe0, Size=48, Default__아이템_체력포션_C Function /Game/TopDownBP/인벤토리시스템/아이템/아이템마스터.아이템마스터_C:ExecuteUbergraph_아이템마스터
[2018.08.01-01.21.46:155][903]LogUObjectGlobals: Created PersistentFrame Addr=0x00000217aa3d2f80, Size=48, Default__아이템_반지_C Function /Game/TopDownBP/인벤토리시스템/아이템/아이템마스터.아이템마스터_C:ExecuteUbergraph_아이템마스터
[2018.08.01-01.21.46:333][903]LogBlueprint: Warning: [Compiler 아이템마스터] [0173.27] 아이템마스터 컴파일에 성공했습니다만, 경고가 1 회 있습니다. [소요시간 230 ms] (/Game/TopDownBP/인벤토리시스템/아이템/아이템마스터.아이템마스터)
[2018.08.01-01.21.49:724][157]LogSlate: Window '변수 유형 변경' being destroyed
[2018.08.01-01.21.49:731][157]LogUObjectGlobals: Created PersistentFrame Addr=0x0000021708aed470, Size=4, Default__SKEL_아이템마스터_C Function /Game/TopDownBP/인벤토리시스템/아이템/아이템마스터.SKEL_아이템마스터_C:ExecuteUbergraph_아이템마스터
[2018.08.01-01.21.49:731][157]LogClass: Warning: Type mismatch in 아이템정보 of SKEL_아이템마스터_C - Previous (StructProperty) Current(ArrayProperty) for package:  FObjectReader
[2018.08.01-01.21.49:741][157]LogUObjectGlobals: Created PersistentFrame Addr=0x0000021708aed3f8, Size=4, Default__SKEL_아이템_맵_C Function /Game/TopDownBP/인벤토리시스템/아이템/아이템마스터.SKEL_아이템마스터_C:ExecuteUbergraph_아이템마스터
[2018.08.01-01.21.49:741][157]LogClass: Warning: Type mismatch in 아이템정보 of SKEL_아이템_맵_C - Previous (StructProperty) Current(ArrayProperty) for package:  FObjectReader
[2018.08.01-01.21.49:742][157]LogUObjectGlobals: Created PersistentFrame Addr=0x0000021708aed3a8, Size=4, Default__SKEL_아이템_반지_C Function /Game/TopDownBP/인벤토리시스템/아이템/아이템마스터.SKEL_아이템마스터_C:ExecuteUbergraph_아이템마스터
[2018.08.01-01.21.49:742][157]LogClass: Warning: Type mismatch in 아이템정보 of SKEL_아이템_반지_C - Previous (StructProperty) Current(ArrayProperty) for package:  FObjectReader
[2018.08.01-01.21.49:743][157]LogClass: Warning: Type mismatch in 아이템정보 of SKEL_아이템_반지_C - Previous (StructProperty) Current(ArrayProperty) for package:  FObjectReader
[2018.08.01-01.21.49:743][157]LogUObjectGlobals: Created PersistentFrame Addr=0x0000021708aed370, Size=4, Default__SKEL_아이템_체력포션_C Function /Game/TopDownBP/인벤토리시스템/아이템/아이템마스터.SKEL_아이템마스터_C:ExecuteUbergraph_아이템마스터
[2018.08.01-01.21.49:743][157]LogClass: Warning: Type mismatch in 아이템정보 of SKEL_아이템_체력포션_C - Previous (StructProperty) Current(ArrayProperty) for package:  FObjectReader
[2018.08.01-01.21.49:748][157]LogUObjectGlobals: Destroyed PersistentFrame Addr=0x0000021708aed3f8, Size=4
[2018.08.01-01.21.49:748][157]LogUObjectGlobals: Created PersistentFrame Addr=0x0000021708aed3f8, Size=4, Default__SKEL_아이템_맵_C Function /Game/TopDownBP/인벤토리시스템/아이템/아이템마스터.SKEL_아이템마스터_C:ExecuteUbergraph_아이템마스터
[2018.08.01-01.21.49:749][157]LogUObjectGlobals: Created PersistentFrame Addr=0x0000021708aed0b8, Size=4, Default__SKEL_아이템_맵_C Function /Game/TopDownBP/인벤토리시스템/아이템/아이템마스터.SKEL_아이템마스터_C:ExecuteUbergraph_아이템마스터
[2018.08.01-01.21.49:749][157]LogClass: Warning: Type mismatch in 아이템정보 of SKEL_아이템_맵_C - Previous (StructProperty) Current(ArrayProperty) for package:  FObjectReader
[2018.08.01-01.21.49:749][157]LogUObjectGlobals: Destroyed PersistentFrame Addr=0x0000021708aed3a8, Size=4
[2018.08.01-01.21.49:749][157]LogUObjectGlobals: Created PersistentFrame Addr=0x0000021708aed3a8, Size=4, Default__SKEL_아이템_반지_C Function /Game/TopDownBP/인벤토리시스템/아이템/아이템마스터.SKEL_아이템마스터_C:ExecuteUbergraph_아이템마스터
[2018.08.01-01.21.49:749][157]LogUObjectGlobals: Created PersistentFrame Addr=0x0000021708aed068, Size=4, Default__SKEL_아이템_반지_C Function /Game/TopDownBP/인벤토리시스템/아이템/아이템마스터.SKEL_아이템마스터_C:ExecuteUbergraph_아이템마스터
[2018.08.01-01.21.49:749][157]LogClass: Warning: Type mismatch in 아이템정보 of SKEL_아이템_반지_C - Previous (StructProperty) Current(ArrayProperty) for package:  FObjectReader
[2018.08.01-01.21.49:749][157]LogClass: Warning: Type mismatch in 아이템정보 of SKEL_아이템_반지_C - Previous (StructProperty) Current(ArrayProperty) for package:  FObjectReader
[2018.08.01-01.21.49:750][157]LogUObjectGlobals: Destroyed PersistentFrame Addr=0x0000021708aed068, Size=4
[2018.08.01-01.21.49:750][157]LogUObjectGlobals: Created PersistentFrame Addr=0x0000021708aed068, Size=4, Default__SKEL_아이템_반지_C Function /Game/TopDownBP/인벤토리시스템/아이템/아이템마스터.SKEL_아이템마스터_C:ExecuteUbergraph_아이템마스터
[2018.08.01-01.21.49:751][157]LogUObjectGlobals: Created PersistentFrame Addr=0x0000021708aed000, Size=4, Default__SKEL_아이템_반지_C Function /Game/TopDownBP/인벤토리시스템/아이템/아이템마스터.SKEL_아이템마스터_C:ExecuteUbergraph_아이템마스터
[2018.08.01-01.21.49:751][157]LogClass: Warning: Type mismatch in 아이템정보 of SKEL_아이템_반지_C - Previous (StructProperty) Current(ArrayProperty) for package:  FObjectReader
[2018.08.01-01.21.49:751][157]LogClass: Warning: Type mismatch in 아이템정보 of SKEL_아이템_반지_C - Previous (StructProperty) Current(ArrayProperty) for package:  FObjectReader
[2018.08.01-01.21.49:752][157]LogUObjectGlobals: Destroyed PersistentFrame Addr=0x0000021708aed370, Size=4
[2018.08.01-01.21.49:752][157]LogUObjectGlobals: Created PersistentFrame Addr=0x0000021708aed370, Size=4, Default__SKEL_아이템_체력포션_C Function /Game/TopDownBP/인벤토리시스템/아이템/아이템마스터.SKEL_아이템마스터_C:ExecuteUbergraph_아이템마스터
[2018.08.01-01.21.49:752][157]LogUObjectGlobals: Created PersistentFrame Addr=0x0000021708aecf80, Size=4, Default__SKEL_아이템_체력포션_C Function /Game/TopDownBP/인벤토리시스템/아이템/아이템마스터.SKEL_아이템마스터_C:ExecuteUbergraph_아이템마스터
[2018.08.01-01.21.49:752][157]LogClass: Warning: Type mismatch in 아이템정보 of SKEL_아이템_체력포션_C - Previous (StructProperty) Current(ArrayProperty) for package:  FObjectReader
[2018.08.01-01.21.50:961][275]LogSlate: Window '블루프린트에서 찾기' being destroyed
[2018.08.01-01.21.50:964][275]LogSlate: Window '블루프린트에서 찾기' being destroyed
[2018.08.01-01.21.55:370][625]LogSlate: Window '변수 삭제' being destroyed
[2018.08.01-01.22.02:151][349]BlueprintLog: New page: 아이템마스터 컴파일
[2018.08.01-01.22.02:155][349]LogUObjectGlobals: Destroyed PersistentFrame Addr=0x0000021708aed470, Size=4
[2018.08.01-01.22.02:155][349]LogUObjectGlobals: Created PersistentFrame Addr=0x00000217948d4348, Size=4, Default__SKEL_아이템마스터_C Function /Engine/Transient.REINST_SKEL_아이템마스터_C_91:ExecuteUbergraph_아이템마스터
[2018.08.01-01.22.02:155][349]LogUObjectGlobals: Destroyed PersistentFrame Addr=0x0000021708aed068, Size=4
[2018.08.01-01.22.02:155][349]LogUObjectGlobals: Created PersistentFrame Addr=0x00000217948d5ed0, Size=4, REINST_SKEL_아이템_반지_C_0 Function /Game/TopDownBP/인벤토리시스템/아이템/아이템마스터.SKEL_아이템마스터_C:ExecuteUbergraph_아이템마스터
[2018.08.01-01.22.02:155][349]LogUObjectGlobals: Destroyed PersistentFrame Addr=0x0000021708aed3f8, Size=4
[2018.08.01-01.22.02:155][349]LogUObjectGlobals: Created PersistentFrame Addr=0x00000217948d5f70, Size=4, REINST_SKEL_아이템_맵_C_0 Function /Engine/Transient.REINST_SKEL_아이템마스터_C_91:ExecuteUbergraph_아이템마스터
[2018.08.01-01.22.02:155][349]LogUObjectGlobals: Destroyed PersistentFrame Addr=0x0000021708aed3a8, Size=4
[2018.08.01-01.22.02:155][349]LogUObjectGlobals: Created PersistentFrame Addr=0x00000217948d49a8, Size=4, REINST_SKEL_아이템_반지_C_1 Function /Engine/Transient.REINST_SKEL_아이템마스터_C_91:ExecuteUbergraph_아이템마스터
[2018.08.01-01.22.02:155][349]LogUObjectGlobals: Destroyed PersistentFrame Addr=0x0000021708aed370, Size=4
[2018.08.01-01.22.02:155][349]LogUObjectGlobals: Created PersistentFrame Addr=0x00000217948d5060, Size=4, REINST_SKEL_아이템_체력포션_C_0 Function /Engine/Transient.REINST_SKEL_아이템마스터_C_91:ExecuteUbergraph_아이템마스터
[2018.08.01-01.22.02:155][349]LogUObjectGlobals: Destroyed PersistentFrame Addr=0x0000021708aed0b8, Size=4
[2018.08.01-01.22.02:155][349]LogUObjectGlobals: Created PersistentFrame Addr=0x00000217948d40a0, Size=4, Default__SKEL_아이템_맵_C Function /Engine/Transient.REINST_SKEL_아이템마스터_C_91:ExecuteUbergraph_아이템마스터
[2018.08.01-01.22.02:155][349]LogUObjectGlobals: Destroyed PersistentFrame Addr=0x00000217948d5ed0, Size=4
[2018.08.01-01.22.02:155][349]LogUObjectGlobals: Created PersistentFrame Addr=0x00000217948d5ed0, Size=4, REINST_REINST_SKEL_아이템_반지_C_0 Function /Engine/Transient.REINST_SKEL_아이템마스터_C_91:ExecuteUbergraph_아이템마스터
[2018.08.01-01.22.02:155][349]LogUObjectGlobals: Destroyed PersistentFrame Addr=0x0000021708aecf80, Size=4
[2018.08.01-01.22.02:155][349]LogUObjectGlobals: Created PersistentFrame Addr=0x00000217948d4710, Size=4, Default__SKEL_아이템_체력포션_C Function /Engine/Transient.REINST_SKEL_아이템마스터_C_91:ExecuteUbergraph_아이템마스터
[2018.08.01-01.22.02:155][349]LogUObjectGlobals: Destroyed PersistentFrame Addr=0x0000021708aed000, Size=4
[2018.08.01-01.22.02:155][349]LogUObjectGlobals: Created PersistentFrame Addr=0x00000217948d58e0, Size=4, Default__SKEL_아이템_반지_C Function /Engine/Transient.REINST_SKEL_아이템마스터_C_91:ExecuteUbergraph_아이템마스터
[2018.08.01-01.22.02:170][349]LogUObjectGlobals: Destroyed PersistentFrame Addr=0x00000217aa3d3070, Size=48
[2018.08.01-01.22.02:170][349]LogUObjectGlobals: Created PersistentFrame Addr=0x000002179e411630, Size=48, 아이템마스터_C_7 Function /Engine/Transient.REINST_아이템마스터_C_110:ExecuteUbergraph_아이템마스터
[2018.08.01-01.22.02:171][349]LogUObjectGlobals: Destroyed PersistentFrame Addr=0x00000217aa3d3010, Size=48
[2018.08.01-01.22.02:171][349]LogUObjectGlobals: Created PersistentFrame Addr=0x000002179e410e80, Size=48, 아이템_맵_C_0 Function /Engine/Transient.REINST_아이템마스터_C_110:ExecuteUbergraph_아이템마스터
[2018.08.01-01.22.02:171][349]LogUObjectGlobals: Destroyed PersistentFrame Addr=0x00000217aa3d2fe0, Size=48
[2018.08.01-01.22.02:171][349]LogUObjectGlobals: Created PersistentFrame Addr=0x000002179e411f60, Size=48, 아이템_체력포션_C_0 Function /Engine/Transient.REINST_아이템마스터_C_110:ExecuteUbergraph_아이템마스터
[2018.08.01-01.22.02:171][349]LogUObjectGlobals: Destroyed PersistentFrame Addr=0x00000217aa3d2f80, Size=48
[2018.08.01-01.22.02:171][349]LogUObjectGlobals: Created PersistentFrame Addr=0x000002179e411390, Size=48, 아이템_반지_C_0 Function /Engine/Transient.REINST_아이템마스터_C_110:ExecuteUbergraph_아이템마스터
[2018.08.01-01.22.02:173][349]LogBlueprint: Warning: [Compiler 아이템마스터] 이 구조체는 범용  아이템정보 분해  'break' 노드로 분해할 수 없습니다. 가능하다면 전용 'break' 함수를 사용해 보세요.
[2018.08.01-01.22.02:173][349]LogBlueprint: Error: [Compiler 아이템마스터] 아이템정보  에 대해 break 할 입력 구조체가 없습니다.
[2018.08.01-01.22.02:173][349]LogUObjectGlobals: Created PersistentFrame Addr=0x0000021794daf4c0, Size=72, Default__아이템마스터_C Function /Game/TopDownBP/인벤토리시스템/아이템/아이템마스터.아이템마스터_C:ExecuteUbergraph_아이템마스터
[2018.08.01-01.22.02:173][349]LogUObjectGlobals: Created PersistentFrame Addr=0x0000021794daf6a0, Size=72, Default__아이템_맵_C Function /Game/TopDownBP/인벤토리시스템/아이템/아이템마스터.아이템마스터_C:ExecuteUbergraph_아이템마스터
[2018.08.01-01.22.02:173][349]LogUObjectGlobals: Created PersistentFrame Addr=0x0000021794daf6f0, Size=72, Default__아이템_체력포션_C Function /Game/TopDownBP/인벤토리시스템/아이템/아이템마스터.아이템마스터_C:ExecuteUbergraph_아이템마스터
[2018.08.01-01.22.02:173][349]LogUObjectGlobals: Created PersistentFrame Addr=0x0000021794daf740, Size=72, Default__아이템_반지_C Function /Game/TopDownBP/인벤토리시스템/아이템/아이템마스터.아이템마스터_C:ExecuteUbergraph_아이템마스터
[2018.08.01-01.22.02:175][349]LogClass: Warning: Type mismatch in 아이템정보 of 아이템마스터_C - Previous (StructProperty) Current(ArrayProperty) for package:  FObjectReader
[2018.08.01-01.22.02:175][349]LogClass: Warning: Type mismatch in 아이템정보 of 아이템_맵_C - Previous (StructProperty) Current(ArrayProperty) for package:  FObjectReader
[2018.08.01-01.22.02:175][349]LogClass: Warning: Type mismatch in 아이템정보 of 아이템_체력포션_C - Previous (StructProperty) Current(ArrayProperty) for package:  FObjectReader
[2018.08.01-01.22.02:175][349]LogClass: Warning: Type mismatch in 아이템정보 of 아이템_반지_C - Previous (StructProperty) Current(ArrayProperty) for package:  FObjectReader
[2018.08.01-01.22.02:280][349]LogUObjectGlobals: Destroyed PersistentFrame Addr=0x00000217aa3d3e50, Size=48
[2018.08.01-01.22.02:280][349]LogUObjectGlobals: Destroyed PersistentFrame Addr=0x00000217948d4710, Size=4
[2018.08.01-01.22.02:280][349]LogUObjectGlobals: Destroyed PersistentFrame Addr=0x00000217948d58e0, Size=4
[2018.08.01-01.22.02:280][349]LogUObjectGlobals: Destroyed PersistentFrame Addr=0x00000217aa3d3be0, Size=48
[2018.08.01-01.22.02:280][349]LogUObjectGlobals: Destroyed PersistentFrame Addr=0x00000217948d5ed0, Size=4
[2018.08.01-01.22.02:280][349]LogUObjectGlobals: Destroyed PersistentFrame Addr=0x00000217aa3d3b20, Size=48
[2018.08.01-01.22.02:280][349]LogUObjectGlobals: Destroyed PersistentFrame Addr=0x00000217948d40a0, Size=4
[2018.08.01-01.22.02:280][349]LogUObjectGlobals: Destroyed PersistentFrame Addr=0x00000217aa3d39d0, Size=48
[2018.08.01-01.22.02:280][349]LogUObjectGlobals: Destroyed PersistentFrame Addr=0x00000217948d5060, Size=4
[2018.08.01-01.22.02:280][349]LogUObjectGlobals: Destroyed PersistentFrame Addr=0x00000217948d49a8, Size=4
[2018.08.01-01.22.02:280][349]LogUObjectGlobals: Destroyed PersistentFrame Addr=0x00000217948d5f70, Size=4
[2018.08.01-01.22.02:280][349]LogUObjectGlobals: Destroyed PersistentFrame Addr=0x00000217948d4348, Size=4
[2018.08.01-01.22.02:298][349]LogBlueprint: Warning: [Compiler 아이템마스터] [0189.24] 아이템마스터 컴파일에 실패했습니다. 치명적 오류 1 회, 경고 1 회, [소요시간 147 ms] (/Game/TopDownBP/인벤토리시스템/아이템/아이템마스터.아이템마스터)
[2018.08.01-01.22.05:899][722]LogEditorTransaction: Undo 핀 링크 끊기
[2018.08.01-01.22.05:900][722]LogUObjectGlobals: Created PersistentFrame Addr=0x0000021708aeda40, Size=4, Default__SKEL_아이템마스터_C Function /Game/TopDownBP/인벤토리시스템/아이템/아이템마스터.SKEL_아이템마스터_C:ExecuteUbergraph_아이템마스터
[2018.08.01-01.22.05:901][722]LogUObjectGlobals: Created PersistentFrame Addr=0x0000021708aeddb8, Size=4, Default__SKEL_아이템_맵_C Function /Game/TopDownBP/인벤토리시스템/아이템/아이템마스터.SKEL_아이템마스터_C:ExecuteUbergraph_아이템마스터
[2018.08.01-01.22.05:902][722]LogUObjectGlobals: Created PersistentFrame Addr=0x0000021708aedfd8, Size=4, Default__SKEL_아이템_반지_C Function /Game/TopDownBP/인벤토리시스템/아이템/아이템마스터.SKEL_아이템마스터_C:ExecuteUbergraph_아이템마스터
[2018.08.01-01.22.05:903][722]LogUObjectGlobals: Created PersistentFrame Addr=0x0000021708aecf78, Size=4, Default__SKEL_아이템_체력포션_C Function /Game/TopDownBP/인벤토리시스템/아이템/아이템마스터.SKEL_아이템마스터_C:ExecuteUbergraph_아이템마스터
[2018.08.01-01.22.06:080][737]LogEditorTransaction: Undo 변수 유형 변경
[2018.08.01-01.22.06:080][737]LogClass: Warning: Type mismatch in 아이템정보 of 아이템마스터_C - Previous (StructProperty) Current(ArrayProperty) for package:  FArchive
[2018.08.01-01.22.06:081][737]LogUObjectGlobals: Destroyed PersistentFrame Addr=0x0000021708aeda40, Size=4
[2018.08.01-01.22.06:081][737]LogUObjectGlobals: Created PersistentFrame Addr=0x0000021708aeda40, Size=4, Default__SKEL_아이템마스터_C Function /Engine/Transient.REINST_SKEL_아이템마스터_C_126:ExecuteUbergraph_아이템마스터
[2018.08.01-01.22.06:082][737]LogUObjectGlobals: Created PersistentFrame Addr=0x0000021708aed6a8, Size=4, Default__SKEL_아이템마스터_C Function /Game/TopDownBP/인벤토리시스템/아이템/아이템마스터.SKEL_아이템마스터_C:ExecuteUbergraph_아이템마스터
[2018.08.01-01.22.06:082][737]LogUObjectGlobals: Destroyed PersistentFrame Addr=0x0000021708aeddb8, Size=4
[2018.08.01-01.22.06:082][737]LogUObjectGlobals: Created PersistentFrame Addr=0x0000021708aeddb8, Size=4, Default__SKEL_아이템_맵_C Function /Engine/Transient.REINST_SKEL_아이템마스터_C_126:ExecuteUbergraph_아이템마스터
[2018.08.01-01.22.06:083][737]LogUObjectGlobals: Created PersistentFrame Addr=0x0000021708aed4d0, Size=4, Default__SKEL_아이템_맵_C Function /Game/TopDownBP/인벤토리시스템/아이템/아이템마스터.SKEL_아이템마스터_C:ExecuteUbergraph_아이템마스터
[2018.08.01-01.22.06:083][737]LogUObjectGlobals: Destroyed PersistentFrame Addr=0x0000021708aedfd8, Size=4
[2018.08.01-01.22.06:083][737]LogUObjectGlobals: Created PersistentFrame Addr=0x0000021708aedfd8, Size=4, Default__SKEL_아이템_반지_C Function /Engine/Transient.REINST_SKEL_아이템마스터_C_126:ExecuteUbergraph_아이템마스터
[2018.08.01-01.22.06:083][737]LogUObjectGlobals: Created PersistentFrame Addr=0x0000021708aec830, Size=4, Default__SKEL_아이템_반지_C Function /Game/TopDownBP/인벤토리시스템/아이템/아이템마스터.SKEL_아이템마스터_C:ExecuteUbergraph_아이템마스터
[2018.08.01-01.22.06:084][737]LogUObjectGlobals: Destroyed PersistentFrame Addr=0x0000021708aecf78, Size=4
[2018.08.01-01.22.06:084][737]LogUObjectGlobals: Created PersistentFrame Addr=0x0000021708aecf78, Size=4, Default__SKEL_아이템_체력포션_C Function /Engine/Transient.REINST_SKEL_아이템마스터_C_126:ExecuteUbergraph_아이템마스터
[2018.08.01-01.22.06:084][737]LogUObjectGlobals: Created PersistentFrame Addr=0x0000021708aecfd0, Size=4, Default__SKEL_아이템_체력포션_C Function /Game/TopDownBP/인벤토리시스템/아이템/아이템마스터.SKEL_아이템마스터_C:ExecuteUbergraph_아이템마스터
[2018.08.01-01.22.06:247][750]LogEditorTransaction: Undo 액터 클릭
[2018.08.01-01.22.07:319][866]BlueprintLog: New page: 아이템마스터 컴파일
[2018.08.01-01.22.07:323][866]LogUObjectGlobals: Destroyed PersistentFrame Addr=0x0000021708aed6a8, Size=4
[2018.08.01-01.22.07:323][866]LogUObjectGlobals: Created PersistentFrame Addr=0x0000021708aed6a8, Size=4, Default__SKEL_아이템마스터_C Function /Engine/Transient.REINST_SKEL_아이템마스터_C_134:ExecuteUbergraph_아이템마스터
[2018.08.01-01.22.07:323][866]LogUObjectGlobals: Destroyed PersistentFrame Addr=0x0000021708aed4d0, Size=4
[2018.08.01-01.22.07:323][866]LogUObjectGlobals: Created PersistentFrame Addr=0x0000021708aed4d0, Size=4, Default__SKEL_아이템_맵_C Function /Engine/Transient.REINST_SKEL_아이템마스터_C_134:ExecuteUbergraph_아이템마스터
[2018.08.01-01.22.07:323][866]LogUObjectGlobals: Destroyed PersistentFrame Addr=0x0000021708aecfd0, Size=4
[2018.08.01-01.22.07:323][866]LogUObjectGlobals: Created PersistentFrame Addr=0x0000021708aecfd0, Size=4, Default__SKEL_아이템_체력포션_C Function /Engine/Transient.REINST_SKEL_아이템마스터_C_134:ExecuteUbergraph_아이템마스터
[2018.08.01-01.22.07:323][866]LogUObjectGlobals: Destroyed PersistentFrame Addr=0x0000021708aec830, Size=4
[2018.08.01-01.22.07:323][866]LogUObjectGlobals: Created PersistentFrame Addr=0x0000021708aec830, Size=4, Default__SKEL_아이템_반지_C Function /Engine/Transient.REINST_SKEL_아이템마스터_C_134:ExecuteUbergraph_아이템마스터
[2018.08.01-01.22.07:339][866]LogUObjectGlobals: Destroyed PersistentFrame Addr=0x0000021794daf4c0, Size=72
[2018.08.01-01.22.07:339][866]LogUObjectGlobals: Created PersistentFrame Addr=0x00000217963e7010, Size=72, Default__아이템마스터_C Function /Engine/Transient.REINST_아이템마스터_C_146:ExecuteUbergraph_아이템마스터
[2018.08.01-01.22.07:339][866]LogUObjectGlobals: Destroyed PersistentFrame Addr=0x0000021794daf6a0, Size=72
[2018.08.01-01.22.07:339][866]LogUObjectGlobals: Created PersistentFrame Addr=0x00000217963e44f0, Size=72, Default__아이템_맵_C Function /Engine/Transient.REINST_아이템마스터_C_146:ExecuteUbergraph_아이템마스터
[2018.08.01-01.22.07:339][866]LogUObjectGlobals: Destroyed PersistentFrame Addr=0x0000021794daf6f0, Size=72
[2018.08.01-01.22.07:340][866]LogUObjectGlobals: Created PersistentFrame Addr=0x00000217963e6110, Size=72, Default__아이템_체력포션_C Function /Engine/Transient.REINST_아이템마스터_C_146:ExecuteUbergraph_아이템마스터
[2018.08.01-01.22.07:340][866]LogUObjectGlobals: Destroyed PersistentFrame Addr=0x0000021794daf740, Size=72
[2018.08.01-01.22.07:340][866]LogUObjectGlobals: Created PersistentFrame Addr=0x00000217963e71f0, Size=72, Default__아이템_반지_C Function /Engine/Transient.REINST_아이템마스터_C_146:ExecuteUbergraph_아이템마스터
[2018.08.01-01.22.07:342][866]LogBlueprint: Warning: [Compiler 아이템마스터] 이 구조체는 범용  아이템정보 분해  'break' 노드로 분해할 수 없습니다. 가능하다면 전용 'break' 함수를 사용해 보세요.
[2018.08.01-01.22.07:342][866]LogUObjectGlobals: Created PersistentFrame Addr=0x00000217aa14ce50, Size=48, Default__아이템마스터_C Function /Game/TopDownBP/인벤토리시스템/아이템/아이템마스터.아이템마스터_C:ExecuteUbergraph_아이템마스터
[2018.08.01-01.22.07:342][866]LogUObjectGlobals: Created PersistentFrame Addr=0x00000217aa14e650, Size=48, Default__아이템_맵_C Function /Game/TopDownBP/인벤토리시스템/아이템/아이템마스터.아이템마스터_C:ExecuteUbergraph_아이템마스터
[2018.08.01-01.22.07:342][866]LogUObjectGlobals: Created PersistentFrame Addr=0x00000217aa14cdf0, Size=48, Default__아이템_체력포션_C Function /Game/TopDownBP/인벤토리시스템/아이템/아이템마스터.아이템마스터_C:ExecuteUbergraph_아이템마스터
[2018.08.01-01.22.07:342][866]LogUObjectGlobals: Created PersistentFrame Addr=0x00000217aa14d240, Size=48, Default__아이템_반지_C Function /Game/TopDownBP/인벤토리시스템/아이템/아이템마스터.아이템마스터_C:ExecuteUbergraph_아이템마스터
[2018.08.01-01.22.07:344][866]LogClass: Warning: Type mismatch in 아이템정보 of 아이템마스터_C - Previous (ArrayProperty) Current(StructProperty) for package:  FObjectReader
[2018.08.01-01.22.07:344][866]LogClass: Warning: Type mismatch in 아이템정보 of 아이템_맵_C - Previous (ArrayProperty) Current(StructProperty) for package:  FObjectReader
[2018.08.01-01.22.07:344][866]LogClass: Warning: Type mismatch in 아이템정보 of 아이템_체력포션_C - Previous (ArrayProperty) Current(StructProperty) for package:  FObjectReader
[2018.08.01-01.22.07:344][866]LogClass: Warning: Type mismatch in 아이템정보 of 아이템_반지_C - Previous (ArrayProperty) Current(StructProperty) for package:  FObjectReader
[2018.08.01-01.22.07:478][866]LogUObjectGlobals: Destroyed PersistentFrame Addr=0x0000021708aecfd0, Size=4
[2018.08.01-01.22.07:479][866]LogUObjectGlobals: Destroyed PersistentFrame Addr=0x0000021708aec830, Size=4
[2018.08.01-01.22.07:479][866]LogUObjectGlobals: Destroyed PersistentFrame Addr=0x0000021708aed4d0, Size=4
[2018.08.01-01.22.07:479][866]LogUObjectGlobals: Destroyed PersistentFrame Addr=0x0000021708aed6a8, Size=4
[2018.08.01-01.22.07:479][866]LogUObjectGlobals: Destroyed PersistentFrame Addr=0x0000021708aecf78, Size=4
[2018.08.01-01.22.07:479][866]LogUObjectGlobals: Destroyed PersistentFrame Addr=0x0000021708aedfd8, Size=4
[2018.08.01-01.22.07:479][866]LogUObjectGlobals: Destroyed PersistentFrame Addr=0x0000021708aeddb8, Size=4
[2018.08.01-01.22.07:479][866]LogUObjectGlobals: Destroyed PersistentFrame Addr=0x0000021708aeda40, Size=4
[2018.08.01-01.22.07:479][866]LogUObjectGlobals: Destroyed PersistentFrame Addr=0x000002179e411630, Size=48
[2018.08.01-01.22.07:479][866]LogUObjectGlobals: Destroyed PersistentFrame Addr=0x000002179e410e80, Size=48
[2018.08.01-01.22.07:479][866]LogUObjectGlobals: Destroyed PersistentFrame Addr=0x000002179e411f60, Size=48
[2018.08.01-01.22.07:479][866]LogUObjectGlobals: Destroyed PersistentFrame Addr=0x000002179e411390, Size=48
[2018.08.01-01.22.07:494][866]LogBlueprint: Warning: [Compiler 아이템마스터] [0194.44] 아이템마스터 컴파일에 성공했습니다만, 경고가 1 회 있습니다. [소요시간 175 ms] (/Game/TopDownBP/인벤토리시스템/아이템/아이템마스터.아이템마스터)
[2018.08.01-01.22.32:406][648]LogSlate: Took 0.011180 seconds to synchronously load lazily loaded font '../../../Engine/Content/Slate/Fonts/Roboto-BoldCondensedItalic.ttf' (160K)
[2018.08.01-01.22.52:352][716]LogUObjectGlobals: Destroyed PersistentFrame Addr=0x0000021709c3b200, Size=1760
[2018.08.01-01.22.52:352][716]LogUObjectGlobals: Created PersistentFrame Addr=0x0000021728fd2b00, Size=1760, Default__TopDownCharacter_C Function /Engine/Transient.REINST_TopDownCharacter_C_165:ExecuteUbergraph_TopDownCharacter
[2018.08.01-01.22.52:361][716]LogBlueprint: Warning: [Compiler TopDownCharacter] 이 구조체는 범용  아이템정보 분해  'break' 노드로 분해할 수 없습니다. 가능하다면 전용 'break' 함수를 사용해 보세요.
[2018.08.01-01.22.52:361][716]LogBlueprint: Warning: [Compiler TopDownCharacter] 이 구조체는 범용  아이템정보 분해  'break' 노드로 분해할 수 없습니다. 가능하다면 전용 'break' 함수를 사용해 보세요.
[2018.08.01-01.22.52:364][716]LogUObjectGlobals: Created PersistentFrame Addr=0x0000021728f00800, Size=1760, Default__TopDownCharacter_C Function /Game/TopDownBP/Character/TopDownCharacter.TopDownCharacter_C:ExecuteUbergraph_TopDownCharacter
[2018.08.01-01.22.52:377][716]LogBlueprint: Warning: [Compiler TopDownCharacter] [0239.32] TopDownCharacter 컴파일에 성공했습니다만, 경고가 2 회 있습니다. [소요시간 71 ms] (/Game/TopDownBP/Character/TopDownCharacter.TopDownCharacter)
[2018.08.01-01.22.52:686][716]LogUObjectGlobals: Destroyed PersistentFrame Addr=0x00000217aa14ce50, Size=48
[2018.08.01-01.22.52:686][716]LogUObjectGlobals: Created PersistentFrame Addr=0x00000217860dd7e0, Size=48, 아이템마스터_C_17 Function /Engine/Transient.REINST_아이템마스터_C_179:ExecuteUbergraph_아이템마스터
[2018.08.01-01.22.52:686][716]LogUObjectGlobals: Destroyed PersistentFrame Addr=0x00000217aa14e650, Size=48
[2018.08.01-01.22.52:686][716]LogUObjectGlobals: Created PersistentFrame Addr=0x00000217860dd810, Size=48, 아이템_맵_C_1 Function /Engine/Transient.REINST_아이템마스터_C_179:ExecuteUbergraph_아이템마스터
[2018.08.01-01.22.52:686][716]LogUObjectGlobals: Destroyed PersistentFrame Addr=0x00000217aa14cdf0, Size=48
[2018.08.01-01.22.52:686][716]LogUObjectGlobals: Created PersistentFrame Addr=0x00000217860dd8a0, Size=48, 아이템_체력포션_C_1 Function /Engine/Transient.REINST_아이템마스터_C_179:ExecuteUbergraph_아이템마스터
[2018.08.01-01.22.52:686][716]LogUObjectGlobals: Destroyed PersistentFrame Addr=0x00000217aa14d240, Size=48
[2018.08.01-01.22.52:686][716]LogUObjectGlobals: Created PersistentFrame Addr=0x00000217860dd6f0, Size=48, 아이템_반지_C_1 Function /Engine/Transient.REINST_아이템마스터_C_179:ExecuteUbergraph_아이템마스터
[2018.08.01-01.22.52:688][716]LogBlueprint: Warning: [Compiler 아이템마스터] 이 구조체는 범용  아이템정보 분해  'break' 노드로 분해할 수 없습니다. 가능하다면 전용 'break' 함수를 사용해 보세요.
[2018.08.01-01.22.52:688][716]LogUObjectGlobals: Created PersistentFrame Addr=0x00000217860de500, Size=48, Default__아이템마스터_C Function /Game/TopDownBP/인벤토리시스템/아이템/아이템마스터.아이템마스터_C:ExecuteUbergraph_아이템마스터
[2018.08.01-01.22.52:688][716]LogUObjectGlobals: Created PersistentFrame Addr=0x00000217860de7a0, Size=48, Default__아이템_맵_C Function /Game/TopDownBP/인벤토리시스템/아이템/아이템마스터.아이템마스터_C:ExecuteUbergraph_아이템마스터
[2018.08.01-01.22.52:688][716]LogUObjectGlobals: Created PersistentFrame Addr=0x00000217860ddc00, Size=48, Default__아이템_체력포션_C Function /Game/TopDownBP/인벤토리시스템/아이템/아이템마스터.아이템마스터_C:ExecuteUbergraph_아이템마스터
[2018.08.01-01.22.52:689][716]LogUObjectGlobals: Created PersistentFrame Addr=0x00000217860de290, Size=48, Default__아이템_반지_C Function /Game/TopDownBP/인벤토리시스템/아이템/아이템마스터.아이템마스터_C:ExecuteUbergraph_아이템마스터
[2018.08.01-01.22.52:690][716]LogBlueprint: Warning: [Compiler 아이템마스터] [0239.63] 아이템마스터 컴파일에 성공했습니다만, 경고가 1 회 있습니다. [소요시간 21 ms] (/Game/TopDownBP/인벤토리시스템/아이템/아이템마스터.아이템마스터)
[2018.08.01-01.22.52:945][716]LogUObjectGlobals: Destroyed PersistentFrame Addr=0x00000217091cf420, Size=144
[2018.08.01-01.22.52:946][716]LogUObjectGlobals: Created PersistentFrame Addr=0x00000217aa6ddf80, Size=144, Default__인벤토리BP_C Function /Engine/Transient.REINST_인벤토리BP_C_200:ExecuteUbergraph_인벤토리BP
[2018.08.01-01.22.52:959][716]LogBlueprint: Warning: [Compiler 인벤토리BP] 이 구조체는 범용  아이템정보 분해  'break' 노드로 분해할 수 없습니다. 가능하다면 전용 'break' 함수를 사용해 보세요.
[2018.08.01-01.22.52:960][716]LogBlueprint: Warning: [Compiler 인벤토리BP] 이 구조체는 범용  아이템정보 분해  'break' 노드로 분해할 수 없습니다. 가능하다면 전용 'break' 함수를 사용해 보세요.
[2018.08.01-01.22.52:961][716]LogUObjectGlobals: Created PersistentFrame Addr=0x0000021796690900, Size=144, Default__인벤토리BP_C Function /Game/TopDownBP/인벤토리시스템/인벤토리BP.인벤토리BP_C:ExecuteUbergraph_인벤토리BP
[2018.08.01-01.22.52:964][716]LogBlueprint: Warning: [Compiler 인벤토리BP] [0239.91] 인벤토리BP 컴파일에 성공했습니다만, 경고가 2 회 있습니다. [소요시간 87 ms] (/Game/TopDownBP/인벤토리시스템/인벤토리BP.인벤토리BP)
[2018.08.01-01.22.53:139][716]LogUObjectGlobals: Destroyed PersistentFrame Addr=0x0000021709bc2cc0, Size=112
[2018.08.01-01.22.53:139][716]LogUObjectGlobals: Created PersistentFrame Addr=0x0000021728c7d1a0, Size=112, Default__인벤토리슬롯UI_C Function /Engine/Transient.REINST_인벤토리슬롯UI_C_9:ExecuteUbergraph_인벤토리슬롯UI
[2018.08.01-01.22.53:141][716]LogBlueprint: Warning: [Compiler 인벤토리슬롯UI] 이 구조체는 범용  아이템정보 분해  'break' 노드로 분해할 수 없습니다. 가능하다면 전용 'break' 함수를 사용해 보세요.
[2018.08.01-01.22.53:141][716]LogBlueprint: Warning: [Compiler 인벤토리슬롯UI] 이 구조체는 범용  아이템정보 분해  'break' 노드로 분해할 수 없습니다. 가능하다면 전용 'break' 함수를 사용해 보세요.
[2018.08.01-01.22.53:141][716]LogUObjectGlobals: Created PersistentFrame Addr=0x0000021786f69590, Size=112, Default__인벤토리슬롯UI_C Function /Game/TopDownBP/인벤토리시스템/위젯/인벤토리슬롯UI.인벤토리슬롯UI_C:ExecuteUbergraph_인벤토리슬롯UI
[2018.08.01-01.22.53:143][716]LogBlueprint: Warning: [Compiler 인벤토리슬롯UI] [0240.08] 인벤토리슬롯UI 컴파일에 성공했습니다만, 경고가 2 회 있습니다. [소요시간 18 ms] (/Game/TopDownBP/인벤토리시스템/위젯/인벤토리슬롯UI.인벤토리슬롯UI)
[2018.08.01-01.22.53:172][716]LogUObjectGlobals: Destroyed PersistentFrame Addr=0x00000217aa6ddf80, Size=144
[2018.08.01-01.22.53:172][716]LogUObjectGlobals: Destroyed PersistentFrame Addr=0x0000021728c7d1a0, Size=112
[2018.08.01-01.22.53:172][716]LogUObjectGlobals: Destroyed PersistentFrame Addr=0x00000217860dd6f0, Size=48
[2018.08.01-01.22.53:173][716]LogUObjectGlobals: Destroyed PersistentFrame Addr=0x00000217860dd8a0, Size=48
[2018.08.01-01.22.53:173][716]LogUObjectGlobals: Destroyed PersistentFrame Addr=0x00000217860dd810, Size=48
[2018.08.01-01.22.53:173][716]LogUObjectGlobals: Destroyed PersistentFrame Addr=0x00000217860dd7e0, Size=48
[2018.08.01-01.22.53:173][716]LogUObjectGlobals: Destroyed PersistentFrame Addr=0x00000217963e71f0, Size=72
[2018.08.01-01.22.53:173][716]LogUObjectGlobals: Destroyed PersistentFrame Addr=0x00000217963e6110, Size=72
[2018.08.01-01.22.53:173][716]LogUObjectGlobals: Destroyed PersistentFrame Addr=0x00000217963e44f0, Size=72
[2018.08.01-01.22.53:173][716]LogUObjectGlobals: Destroyed PersistentFrame Addr=0x00000217963e7010, Size=72
[2018.08.01-01.22.56:470][964]BlueprintLog: New page: 아이템마스터 컴파일
[2018.08.01-01.22.56:491][964]LogUObjectGlobals: Destroyed PersistentFrame Addr=0x00000217860de500, Size=48
[2018.08.01-01.22.56:491][964]LogUObjectGlobals: Created PersistentFrame Addr=0x0000021796b74fa0, Size=48, Default__아이템마스터_C Function /Engine/Transient.REINST_아이템마스터_C_219:ExecuteUbergraph_아이템마스터
[2018.08.01-01.22.56:491][964]LogUObjectGlobals: Destroyed PersistentFrame Addr=0x00000217860de7a0, Size=48
[2018.08.01-01.22.56:491][964]LogUObjectGlobals: Created PersistentFrame Addr=0x0000021796b76e90, Size=48, Default__아이템_맵_C Function /Engine/Transient.REINST_아이템마스터_C_219:ExecuteUbergraph_아이템마스터
[2018.08.01-01.22.56:491][964]LogUObjectGlobals: Destroyed PersistentFrame Addr=0x00000217860ddc00, Size=48
[2018.08.01-01.22.56:491][964]LogUObjectGlobals: Created PersistentFrame Addr=0x0000021796b74eb0, Size=48, Default__아이템_체력포션_C Function /Engine/Transient.REINST_아이템마스터_C_219:ExecuteUbergraph_아이템마스터
[2018.08.01-01.22.56:491][964]LogUObjectGlobals: Destroyed PersistentFrame Addr=0x00000217860de290, Size=48
[2018.08.01-01.22.56:491][964]LogUObjectGlobals: Created PersistentFrame Addr=0x0000021796b752d0, Size=48, Default__아이템_반지_C Function /Engine/Transient.REINST_아이템마스터_C_219:ExecuteUbergraph_아이템마스터
[2018.08.01-01.22.56:493][964]LogBlueprint: Warning: [Compiler 아이템마스터] 이 구조체는 범용  아이템정보 분해  'break' 노드로 분해할 수 없습니다. 가능하다면 전용 'break' 함수를 사용해 보세요.
[2018.08.01-01.22.56:493][964]LogUObjectGlobals: Created PersistentFrame Addr=0x0000021796b740d0, Size=48, Default__아이템마스터_C Function /Game/TopDownBP/인벤토리시스템/아이템/아이템마스터.아이템마스터_C:ExecuteUbergraph_아이템마스터
[2018.08.01-01.22.56:493][964]LogUObjectGlobals: Created PersistentFrame Addr=0x0000021796b74160, Size=48, Default__아이템_맵_C Function /Game/TopDownBP/인벤토리시스템/아이템/아이템마스터.아이템마스터_C:ExecuteUbergraph_아이템마스터
[2018.08.01-01.22.56:494][964]LogUObjectGlobals: Created PersistentFrame Addr=0x0000021796b75b40, Size=48, Default__아이템_체력포션_C Function /Game/TopDownBP/인벤토리시스템/아이템/아이템마스터.아이템마스터_C:ExecuteUbergraph_아이템마스터
[2018.08.01-01.22.56:494][964]LogUObjectGlobals: Created PersistentFrame Addr=0x0000021796b767a0, Size=48, Default__아이템_반지_C Function /Game/TopDownBP/인벤토리시스템/아이템/아이템마스터.아이템마스터_C:ExecuteUbergraph_아이템마스터
[2018.08.01-01.22.56:650][964]LogBlueprint: Warning: [Compiler 아이템마스터] [0243.59] 아이템마스터 컴파일에 성공했습니다만, 경고가 1 회 있습니다. [소요시간 180 ms] (/Game/TopDownBP/인벤토리시스템/아이템/아이템마스터.아이템마스터)
[2018.08.01-01.23.40:320][354]BlueprintLog: New page: TopDownCharacter 컴파일
[2018.08.01-01.23.40:385][354]LogUObjectGlobals: Destroyed PersistentFrame Addr=0x0000021728f00800, Size=1760
[2018.08.01-01.23.40:385][354]LogUObjectGlobals: Created PersistentFrame Addr=0x00000217aa6c4f00, Size=1760, TopDownCharacter_C_47 Function /Engine/Transient.REINST_TopDownCharacter_C_238:ExecuteUbergraph_TopDownCharacter
[2018.08.01-01.23.40:394][354]LogBlueprint: Warning: [Compiler TopDownCharacter] 이 구조체는 범용  아이템정보 분해  'break' 노드로 분해할 수 없습니다. 가능하다면 전용 'break' 함수를 사용해 보세요.
[2018.08.01-01.23.40:394][354]LogBlueprint: Warning: [Compiler TopDownCharacter] 이 구조체는 범용  아이템정보 분해  'break' 노드로 분해할 수 없습니다. 가능하다면 전용 'break' 함수를 사용해 보세요.
[2018.08.01-01.23.40:396][354]LogUObjectGlobals: Created PersistentFrame Addr=0x000002170a8b0f00, Size=1760, Default__TopDownCharacter_C Function /Game/TopDownBP/Character/TopDownCharacter.TopDownCharacter_C:ExecuteUbergraph_TopDownCharacter
[2018.08.01-01.23.40:741][354]LogUObjectGlobals: Destroyed PersistentFrame Addr=0x0000021796b752d0, Size=48
[2018.08.01-01.23.40:741][354]LogUObjectGlobals: Destroyed PersistentFrame Addr=0x0000021796b74eb0, Size=48
[2018.08.01-01.23.40:741][354]LogUObjectGlobals: Destroyed PersistentFrame Addr=0x0000021796b76e90, Size=48
[2018.08.01-01.23.40:741][354]LogUObjectGlobals: Destroyed PersistentFrame Addr=0x0000021796b74fa0, Size=48
[2018.08.01-01.23.40:771][354]LogBlueprint: Warning: [Compiler TopDownCharacter] [0287.71] TopDownCharacter 컴파일에 성공했습니다만, 경고가 2 회 있습니다. [소요시간 450 ms] (/Game/TopDownBP/Character/TopDownCharacter.TopDownCharacter)
[2018.08.01-01.29.47:496][840]LogUObjectGlobals: Destroyed PersistentFrame Addr=0x00000217aa6c4f00, Size=1760
[2018.08.01-01.29.47:879][840]LogSavePackage: Save=161.29ms
[2018.08.01-01.29.47:879][840]LogSavePackage: Moving '../../../../../GitHub/DefOffGame/DefenseSurvival/Saved/TopDownExampleMap_Auto13DA9067B4146F529AF13C2B3F9431A3A.tmp' to '../../../../../GitHub/DefOffGame/DefenseSurvival/Saved/Autosaves/Game/TopDownBP/Maps/TopDownExampleMap_Auto1.umap'
[2018.08.01-01.29.47:880][840]LogSavePackage: Display: Finished SavePackage ../../../../../GitHub/DefOffGame/DefenseSurvival/Saved/Autosaves/Game/TopDownBP/Maps/TopDownExampleMap_Auto1.umap
[2018.08.01-01.29.47:891][840]LogFileHelpers: Editor autosave (incl. sublevels) for '/Game/TopDownBP/Maps/TopDownExampleMap' took 0.417
[2018.08.01-01.29.47:891][840]LogFileHelpers: Editor autosave (incl. sublevels) for all levels took 0.417
[2018.08.01-01.29.47:894][840]OBJ SavePackage: Generating thumbnails for [0] asset(s) in package [/Game/TopDownBP/인벤토리시스템/아이템/아이템마스터] ([1] browsable assets)...
[2018.08.01-01.29.47:894][840]OBJ SavePackage: Finished generating thumbnails for package [/Game/TopDownBP/인벤토리시스템/아이템/아이템마스터]
[2018.08.01-01.29.47:919][840]LogSavePackage: Save=15.22ms
[2018.08.01-01.29.47:919][840]LogSavePackage: Moving '../../../../../GitHub/DefOffGame/DefenseSurvival/Saved/아이템마스터_Auto16CB615D4433F00A575F15D94A9B9A06D.tmp' to '../../../../../GitHub/DefOffGame/DefenseSurvival/Saved/Autosaves/Game/TopDownBP/인벤토리시스템/아이템/아이템마스터_Auto1.uasset'
[2018.08.01-01.29.47:932][840]LogSavePackage: Display: Finished SavePackage ../../../../../GitHub/DefOffGame/DefenseSurvival/Saved/Autosaves/Game/TopDownBP/인벤토리시스템/아이템/아이템마스터_Auto1.uasset
[2018.08.01-01.29.47:937][840]OBJ SavePackage: Generating thumbnails for [0] asset(s) in package [/Game/TopDownBP/인벤토리시스템/아이템/아이템_맵] ([1] browsable assets)...
[2018.08.01-01.29.47:937][840]OBJ SavePackage: Finished generating thumbnails for package [/Game/TopDownBP/인벤토리시스템/아이템/아이템_맵]
[2018.08.01-01.29.47:976][840]LogSavePackage: Save=12.23ms
[2018.08.01-01.29.47:976][840]LogSavePackage: Moving '../../../../../GitHub/DefOffGame/DefenseSurvival/Saved/아이템_맵_Auto103F7D42A4C527B99BAE50FA8531E6B6D.tmp' to '../../../../../GitHub/DefOffGame/DefenseSurvival/Saved/Autosaves/Game/TopDownBP/인벤토리시스템/아이템/아이템_맵_Auto1.uasset'
[2018.08.01-01.29.47:978][840]LogSavePackage: Display: Finished SavePackage ../../../../../GitHub/DefOffGame/DefenseSurvival/Saved/Autosaves/Game/TopDownBP/인벤토리시스템/아이템/아이템_맵_Auto1.uasset
[2018.08.01-01.29.47:979][840]OBJ SavePackage: Generating thumbnails for [0] asset(s) in package [/Game/TopDownBP/인벤토리시스템/아이템/아이템_반지] ([1] browsable assets)...
[2018.08.01-01.29.47:979][840]OBJ SavePackage: Finished generating thumbnails for package [/Game/TopDownBP/인벤토리시스템/아이템/아이템_반지]
[2018.08.01-01.29.47:997][840]LogSavePackage: Save=9.13ms
[2018.08.01-01.29.47:997][840]LogSavePackage: Moving '../../../../../GitHub/DefOffGame/DefenseSurvival/Saved/아이템_반지_Auto191FBF668447C03FA97E357982CBA6D60.tmp' to '../../../../../GitHub/DefOffGame/DefenseSurvival/Saved/Autosaves/Game/TopDownBP/인벤토리시스템/아이템/아이템_반지_Auto1.uasset'
[2018.08.01-01.29.47:999][840]LogSavePackage: Display: Finished SavePackage ../../../../../GitHub/DefOffGame/DefenseSurvival/Saved/Autosaves/Game/TopDownBP/인벤토리시스템/아이템/아이템_반지_Auto1.uasset
[2018.08.01-01.29.48:000][840]OBJ SavePackage: Generating thumbnails for [0] asset(s) in package [/Game/TopDownBP/인벤토리시스템/아이템/아이템_체력포션] ([1] browsable assets)...
[2018.08.01-01.29.48:000][840]OBJ SavePackage: Finished generating thumbnails for package [/Game/TopDownBP/인벤토리시스템/아이템/아이템_체력포션]
[2018.08.01-01.29.48:018][840]LogSavePackage: Save=9.05ms
[2018.08.01-01.29.48:018][840]LogSavePackage: Moving '../../../../../GitHub/DefOffGame/DefenseSurvival/Saved/아이템_체력포션_Auto1DE483DAB4855945EAB44C1AD7C23E825.tmp' to '../../../../../GitHub/DefOffGame/DefenseSurvival/Saved/Autosaves/Game/TopDownBP/인벤토리시스템/아이템/아이템_체력포션_Auto1.uasset'
[2018.08.01-01.29.48:020][840]LogSavePackage: Display: Finished SavePackage ../../../../../GitHub/DefOffGame/DefenseSurvival/Saved/Autosaves/Game/TopDownBP/인벤토리시스템/아이템/아이템_체력포션_Auto1.uasset
[2018.08.01-01.29.48:020][840]LogFileHelpers: Auto-saving content packages took 0.127
