Log file open, 08/03/18 21:03:12
LogWindows: Failed to load 'aqProf.dll' (GetLastError=126)
LogWindows: File 'aqProf.dll' does not exist
LogWindows: Failed to load 'VtuneApi.dll' (GetLastError=126)
LogWindows: File 'VtuneApi.dll' does not exist
LogWindows: Failed to load 'VtuneApi32e.dll' (GetLastError=126)
LogWindows: File 'VtuneApi32e.dll' does not exist
LogInit: Display: Running engine for game: DefenseSurvival
LogPlatformFile: Not using cached read wrapper
LogInit: Display: RandInit(-57081897) SRandInit(-57081897).
LogInit: Read version file with build ID '3944462'
LogInit: Overriding engine version to CL 4033788, compatible CL 3944462
LogInit: Registered custom module enumerator with build ID '3944462'
LogTaskGraph: Started task graph with 5 named threads and 20 total threads with 3 sets of task threads.
LogStats: Stats thread started at 0.225071
LogD3D11RHI: Aftermath initialized
LogICUInternationalization: Display: ICU TimeZone Detection - Raw Offset: +9:00, Platform Override: ''
LogModuleManager: Display: Found up-to-date module file ../../../Engine/Plugins/2D/Paper2D/Binaries/Win64/UE4Editor-Paper2D.dll (API version 3944462).
LogModuleManager: Display: Found up-to-date module file ../../../Engine/Plugins/2D/Paper2D/Binaries/Win64/UE4Editor-Paper2DEditor.dll (API version 3944462).
LogModuleManager: Display: Found up-to-date module file ../../../Engine/Plugins/2D/Paper2D/Binaries/Win64/UE4Editor-PaperSpriteSheetImporter.dll (API version 3944462).
LogModuleManager: Display: Found up-to-date module file ../../../Engine/Plugins/2D/Paper2D/Binaries/Win64/UE4Editor-PaperTiledImporter.dll (API version 3944462).
LogModuleManager: Display: Found up-to-date module file ../../../Engine/Plugins/2D/Paper2D/Binaries/Win64/UE4Editor-SmartSnapping.dll (API version 3944462).
LogModuleManager: Display: Found up-to-date module file ../../../Engine/Plugins/Blendables/LightPropagationVolume/Binaries/Win64/UE4Editor-LightPropagationVolumeRuntime.dll (API version 3944462).
LogModuleManager: Display: Found up-to-date module file ../../../Engine/Plugins/Blendables/LightPropagationVolume/Binaries/Win64/UE4Editor-LightPropagationVolumeEditor.dll (API version 3944462).
LogModuleManager: Display: Found up-to-date module file ../../../Engine/Plugins/Developer/CLionSourceCodeAccess/Binaries/Win64/UE4Editor-CLionSourceCodeAccess.dll (API version 3944462).
LogModuleManager: Display: Found up-to-date module file ../../../Engine/Plugins/Developer/GitSourceControl/Binaries/Win64/UE4Editor-GitSourceControl.dll (API version 3944462).
LogModuleManager: Display: Found up-to-date module file ../../../Engine/Plugins/Developer/PerforceSourceControl/Binaries/Win64/UE4Editor-PerforceSourceControl.dll (API version 3944462).
LogModuleManager: Display: Found up-to-date module file ../../../Engine/Plugins/Developer/SubversionSourceControl/Binaries/Win64/UE4Editor-SubversionSourceControl.dll (API version 3944462).
LogModuleManager: Display: Found up-to-date module file ../../../Engine/Plugins/Developer/UObjectPlugin/Binaries/Win64/UE4Editor-UObjectPlugin.dll (API version 3944462).
LogModuleManager: Display: Found up-to-date module file ../../../Engine/Plugins/Developer/VisualStudioCodeSourceCodeAccess/Binaries/Win64/UE4Editor-VisualStudioCodeSourceCodeAccess.dll (API version 3944462).
LogModuleManager: Display: Found up-to-date module file ../../../Engine/Plugins/Developer/VisualStudioSourceCodeAccess/Binaries/Win64/UE4Editor-VisualStudioSourceCodeAccess.dll (API version 3944462).
LogModuleManager: Display: Found up-to-date module file ../../../Engine/Plugins/Editor/AssetManagerEditor/Binaries/Win64/UE4Editor-AssetManagerEditor.dll (API version 3944462).
LogModuleManager: Display: Found up-to-date module file ../../../Engine/Plugins/Editor/CryptoKeys/Binaries/Win64/UE4Editor-CryptoKeys.dll (API version 3944462).
LogModuleManager: Display: Found up-to-date module file ../../../Engine/Plugins/Editor/CryptoKeys/Binaries/Win64/UE4Editor-CryptoKeysOpenSSL.dll (API version 3944462).
LogModuleManager: Display: Found up-to-date module file ../../../Engine/Plugins/Editor/DataValidation/Binaries/Win64/UE4Editor-DataValidation.dll (API version 3944462).
LogModuleManager: Display: Found up-to-date module file ../../../Engine/Plugins/Editor/FacialAnimation/Binaries/Win64/UE4Editor-FacialAnimation.dll (API version 3944462).
LogModuleManager: Display: Found up-to-date module file ../../../Engine/Plugins/Editor/FacialAnimation/Binaries/Win64/UE4Editor-FacialAnimationEditor.dll (API version 3944462).
LogModuleManager: Display: Found up-to-date module file ../../../Engine/Plugins/Editor/GameplayTagsEditor/Binaries/Win64/UE4Editor-GameplayTagsEditor.dll (API version 3944462).
LogModuleManager: Display: Found up-to-date module file ../../../Engine/Plugins/Editor/MobileLauncherProfileWizard/Binaries/Win64/UE4Editor-MobileLauncherProfileWizard.dll (API version 3944462).
LogModuleManager: Display: Found up-to-date module file ../../../Engine/Plugins/Editor/PluginBrowser/Binaries/Win64/UE4Editor-PluginBrowser.dll (API version 3944462).
LogModuleManager: Display: Found up-to-date module file ../../../Engine/Plugins/Editor/SpeedTreeImporter/Binaries/Win64/UE4Editor-SpeedTreeImporter.dll (API version 3944462).
LogModuleManager: Display: Found up-to-date module file ../../../Engine/Plugins/Enterprise/DatasmithContent/Binaries/Win64/UE4Editor-DatasmithContent.dll (API version 3944462).
LogModuleManager: Display: Found up-to-date module file ../../../Engine/Plugins/Experimental/AlembicImporter/Binaries/Win64/UE4Editor-AlembicImporter.dll (API version 3944462).
LogModuleManager: Display: Found up-to-date module file ../../../Engine/Plugins/Experimental/AlembicImporter/Binaries/Win64/UE4Editor-AlembicLibrary.dll (API version 3944462).
LogModuleManager: Display: Found up-to-date module file ../../../Engine/Plugins/Experimental/CharacterAI/Binaries/Win64/UE4Editor-CharacterAI.dll (API version 3944462).
LogModuleManager: Display: Found up-to-date module file ../../../Engine/Plugins/Experimental/HTML5Networking/Binaries/Win64/UE4Editor-HTML5Networking.dll (API version 3944462).
LogModuleManager: Display: Found up-to-date module file ../../../Engine/Plugins/Media/AndroidMedia/Binaries/Win64/UE4Editor-AndroidMediaEditor.dll (API version 3944462).
LogModuleManager: Display: Found up-to-date module file ../../../Engine/Plugins/Media/AndroidMedia/Binaries/Win64/UE4Editor-AndroidMediaFactory.dll (API version 3944462).
LogModuleManager: Display: Found up-to-date module file ../../../Engine/Plugins/Media/AvfMedia/Binaries/Win64/UE4Editor-AvfMediaEditor.dll (API version 3944462).
LogModuleManager: Display: Found up-to-date module file ../../../Engine/Plugins/Media/AvfMedia/Binaries/Win64/UE4Editor-AvfMediaFactory.dll (API version 3944462).
LogModuleManager: Display: Found up-to-date module file ../../../Engine/Plugins/Media/AvfMedia/Binaries/Win64/UE4Editor-AvfMediaFactory.dll (API version 3944462).
LogModuleManager: Display: Found up-to-date module file ../../../Engine/Plugins/Media/ImgMedia/Binaries/Win64/UE4Editor-ImgMedia.dll (API version 3944462).
LogModuleManager: Display: Found up-to-date module file ../../../Engine/Plugins/Media/ImgMedia/Binaries/Win64/UE4Editor-ImgMediaEditor.dll (API version 3944462).
LogModuleManager: Display: Found up-to-date module file ../../../Engine/Plugins/Media/ImgMedia/Binaries/Win64/UE4Editor-ImgMediaFactory.dll (API version 3944462).
LogModuleManager: Display: Found up-to-date module file ../../../Engine/Plugins/Media/ImgMedia/Binaries/Win64/UE4Editor-ImgMediaFactory.dll (API version 3944462).
LogModuleManager: Display: Found up-to-date module file ../../../Engine/Plugins/Media/ImgMedia/Binaries/Win64/UE4Editor-OpenExrWrapper.dll (API version 3944462).
LogModuleManager: Display: Found up-to-date module file ../../../Engine/Plugins/Media/LinearTimecode/Binaries/Win64/UE4Editor-LinearTimecode.dll (API version 3944462).
LogModuleManager: Display: Found up-to-date module file ../../../Engine/Plugins/Media/MediaCompositing/Binaries/Win64/UE4Editor-MediaCompositing.dll (API version 3944462).
LogModuleManager: Display: Found up-to-date module file ../../../Engine/Plugins/Media/MediaCompositing/Binaries/Win64/UE4Editor-MediaCompositingEditor.dll (API version 3944462).
LogModuleManager: Display: Found up-to-date module file ../../../Engine/Plugins/Media/MediaPlayerEditor/Binaries/Win64/UE4Editor-MediaPlayerEditor.dll (API version 3944462).
LogModuleManager: Display: Found up-to-date module file ../../../Engine/Plugins/Media/WmfMedia/Binaries/Win64/UE4Editor-WmfMedia.dll (API version 3944462).
LogModuleManager: Display: Found up-to-date module file ../../../Engine/Plugins/Media/WmfMedia/Binaries/Win64/UE4Editor-WmfMediaEditor.dll (API version 3944462).
LogModuleManager: Display: Found up-to-date module file ../../../Engine/Plugins/Media/WmfMedia/Binaries/Win64/UE4Editor-WmfMediaFactory.dll (API version 3944462).
LogModuleManager: Display: Found up-to-date module file ../../../Engine/Plugins/Media/WmfMedia/Binaries/Win64/UE4Editor-WmfMediaFactory.dll (API version 3944462).
LogModuleManager: Display: Found up-to-date module file ../../../Engine/Plugins/Messaging/TcpMessaging/Binaries/Win64/UE4Editor-TcpMessaging.dll (API version 3944462).
LogModuleManager: Display: Found up-to-date module file ../../../Engine/Plugins/Messaging/UdpMessaging/Binaries/Win64/UE4Editor-UdpMessaging.dll (API version 3944462).
LogModuleManager: Display: Found up-to-date module file ../../../Engine/Plugins/MovieScene/ActorSequence/Binaries/Win64/UE4Editor-ActorSequence.dll (API version 3944462).
LogModuleManager: Display: Found up-to-date module file ../../../Engine/Plugins/MovieScene/LevelSequenceEditor/Binaries/Win64/UE4Editor-LevelSequenceEditor.dll (API version 3944462).
LogModuleManager: Display: Found up-to-date module file ../../../Engine/Plugins/MovieScene/MatineeToLevelSequence/Binaries/Win64/UE4Editor-MatineeToLevelSequence.dll (API version 3944462).
LogModuleManager: Display: Found up-to-date module file ../../../Engine/Plugins/NetcodeUnitTest/NetcodeUnitTest/Binaries/Win64/UE4Editor-NetcodeUnitTest.dll (API version 3944462).
LogModuleManager: Display: Found up-to-date module file ../../../Engine/Plugins/NetcodeUnitTest/NUTUnrealEngine4/Binaries/Win64/UE4Editor-NUTUnrealEngine4.dll (API version 3944462).
LogModuleManager: Display: Found up-to-date module file ../../../Engine/Plugins/Online/OnlineSubsystem/Binaries/Win64/UE4Editor-OnlineSubsystem.dll (API version 3944462).
LogModuleManager: Display: Found up-to-date module file ../../../Engine/Plugins/Runtime/AndroidPermission/Binaries/Win64/UE4Editor-AndroidPermission.dll (API version 3944462).
LogModuleManager: Display: Found up-to-date module file ../../../Engine/Plugins/Online/OnlineSubsystemNull/Binaries/Win64/UE4Editor-OnlineSubsystemNull.dll (API version 3944462).
LogModuleManager: Display: Found up-to-date module file ../../../Engine/Plugins/Online/OnlineSubsystemUtils/Binaries/Win64/UE4Editor-OnlineSubsystemUtils.dll (API version 3944462).
LogModuleManager: Display: Found up-to-date module file ../../../Engine/Plugins/Online/OnlineSubsystemUtils/Binaries/Win64/UE4Editor-OnlineBlueprintSupport.dll (API version 3944462).
LogModuleManager: Display: Found up-to-date module file ../../../Engine/Plugins/Runtime/AndroidDeviceProfileSelector/Binaries/Win64/UE4Editor-AndroidDeviceProfileSelector.dll (API version 3944462).
LogModuleManager: Display: Found up-to-date module file ../../../Engine/Plugins/Runtime/AppleARKit/Binaries/Win64/UE4Editor-AppleARKit.dll (API version 3944462).
LogModuleManager: Display: Found up-to-date module file ../../../Engine/Plugins/Runtime/ProceduralMeshComponent/Binaries/Win64/UE4Editor-ProceduralMeshComponent.dll (API version 3944462).
LogModuleManager: Display: Found up-to-date module file ../../../Engine/Plugins/Runtime/ProceduralMeshComponent/Binaries/Win64/UE4Editor-ProceduralMeshComponentEditor.dll (API version 3944462).
LogModuleManager: Display: Found up-to-date module file ../../../Engine/Plugins/Animation/LiveLink/Binaries/Win64/UE4Editor-LiveLink.dll (API version 3944462).
LogModuleManager: Display: Found up-to-date module file ../../../Engine/Plugins/Animation/LiveLink/Binaries/Win64/UE4Editor-LiveLinkEditor.dll (API version 3944462).
LogModuleManager: Display: Found up-to-date module file ../../../Engine/Plugins/Runtime/ArchVisCharacter/Binaries/Win64/UE4Editor-ArchVisCharacter.dll (API version 3944462).
LogModuleManager: Display: Found up-to-date module file ../../../Engine/Plugins/Runtime/AudioCapture/Binaries/Win64/UE4Editor-AudioCapture.dll (API version 3944462).
LogModuleManager: Display: Found up-to-date module file ../../../Engine/Plugins/Runtime/AudioCapture/Binaries/Win64/UE4Editor-AudioCaptureEditor.dll (API version 3944462).
LogModuleManager: Display: Found up-to-date module file ../../../Engine/Plugins/Runtime/CableComponent/Binaries/Win64/UE4Editor-CableComponent.dll (API version 3944462).
LogModuleManager: Display: Found up-to-date module file ../../../Engine/Plugins/Runtime/CustomMeshComponent/Binaries/Win64/UE4Editor-CustomMeshComponent.dll (API version 3944462).
LogModuleManager: Display: Found up-to-date module file ../../../Engine/Plugins/Runtime/ExampleDeviceProfileSelector/Binaries/Win64/UE4Editor-ExampleDeviceProfileSelector.dll (API version 3944462).
LogModuleManager: Display: Found up-to-date module file ../../../Engine/Plugins/Runtime/ImmediatePhysics/Binaries/Win64/UE4Editor-ImmediatePhysics.dll (API version 3944462).
LogModuleManager: Display: Found up-to-date module file ../../../Engine/Plugins/Runtime/ImmediatePhysics/Binaries/Win64/UE4Editor-ImmediatePhysicsEditor.dll (API version 3944462).
LogModuleManager: Display: Found up-to-date module file ../../../Engine/Plugins/Runtime/LocationServicesBPLibrary/Binaries/Win64/UE4Editor-LocationServicesBPLibrary.dll (API version 3944462).
LogModuleManager: Display: Found up-to-date module file ../../../Engine/Plugins/Runtime/MobilePatchingUtils/Binaries/Win64/UE4Editor-MobilePatchingUtils.dll (API version 3944462).
LogModuleManager: Display: Found up-to-date module file ../../../Engine/Plugins/Runtime/Oculus/OculusVR/Binaries/Win64/UE4Editor-OculusHMD.dll (API version 3944462).
LogModuleManager: Display: Found up-to-date module file ../../../Engine/Plugins/Runtime/Oculus/OculusVR/Binaries/Win64/UE4Editor-OculusInput.dll (API version 3944462).
LogModuleManager: Display: Found up-to-date module file ../../../Engine/Plugins/Runtime/Oculus/OculusVR/Binaries/Win64/UE4Editor-OculusEditor.dll (API version 3944462).
LogModuleManager: Display: Found up-to-date module file ../../../Engine/Plugins/Runtime/PhysXVehicles/Binaries/Win64/UE4Editor-PhysXVehicles.dll (API version 3944462).
LogModuleManager: Display: Found up-to-date module file ../../../Engine/Plugins/Runtime/PhysXVehicles/Binaries/Win64/UE4Editor-PhysXVehiclesEditor.dll (API version 3944462).
LogModuleManager: Display: Found up-to-date module file ../../../Engine/Plugins/Runtime/RuntimePhysXCooking/Binaries/Win64/UE4Editor-RuntimePhysXCooking.dll (API version 3944462).
LogModuleManager: Display: Found up-to-date module file ../../../Engine/Plugins/Runtime/Steam/SteamVR/Binaries/Win64/UE4Editor-SteamVR.dll (API version 3944462).
LogModuleManager: Display: Found up-to-date module file ../../../Engine/Plugins/Runtime/Steam/SteamVR/Binaries/Win64/UE4Editor-SteamVRController.dll (API version 3944462).
LogModuleManager: Display: Found up-to-date module file ../../../Engine/Plugins/Runtime/WindowsMoviePlayer/Binaries/Win64/UE4Editor-WindowsMoviePlayer.dll (API version 3944462).
LogPluginManager: Mounting plugin Paper2D
LogPluginManager: Mounting plugin LiveLink
LogPluginManager: Mounting plugin LightPropagationVolume
LogPluginManager: Mounting plugin CLionSourceCodeAccess
LogPluginManager: Mounting plugin CodeLiteSourceCodeAccess
LogPluginManager: Mounting plugin GitSourceControl
LogPluginManager: Mounting plugin KDevelopSourceCodeAccess
LogPluginManager: Mounting plugin NullSourceCodeAccess
LogPluginManager: Mounting plugin PerforceSourceControl
LogPluginManager: Mounting plugin SubversionSourceControl
LogPluginManager: Mounting plugin UObjectPlugin
LogPluginManager: Mounting plugin VisualStudioCodeSourceCodeAccess
LogPluginManager: Mounting plugin VisualStudioSourceCodeAccess
LogPluginManager: Mounting plugin XCodeSourceCodeAccess
LogPluginManager: Mounting plugin AssetManagerEditor
LogPluginManager: Mounting plugin CryptoKeys
LogPluginManager: Mounting plugin DataValidation
LogPluginManager: Mounting plugin FacialAnimation
LogPluginManager: Mounting plugin GameplayTagsEditor
LogPluginManager: Mounting plugin MobileLauncherProfileWizard
LogPluginManager: Mounting plugin PluginBrowser
LogPluginManager: Mounting plugin SpeedTreeImporter
LogPluginManager: Mounting plugin DatasmithContent
LogPluginManager: Mounting plugin AlembicImporter
LogPluginManager: Mounting plugin CharacterAI
LogPluginManager: Mounting plugin HTML5Networking
LogPluginManager: Mounting plugin AndroidMedia
LogPluginManager: Mounting plugin AvfMedia
LogPluginManager: Mounting plugin ImgMedia
LogPluginManager: Mounting plugin LinearTimecode
LogPluginManager: Mounting plugin MediaCompositing
LogPluginManager: Mounting plugin MediaPlayerEditor
LogPluginManager: Mounting plugin WmfMedia
LogPluginManager: Mounting plugin TcpMessaging
LogPluginManager: Mounting plugin UdpMessaging
LogPluginManager: Mounting plugin ActorSequence
LogPluginManager: Mounting plugin LevelSequenceEditor
LogPluginManager: Mounting plugin MatineeToLevelSequence
LogPluginManager: Mounting plugin NetcodeUnitTest
LogPluginManager: Mounting plugin NUTUnrealEngine4
LogPluginManager: Mounting plugin OnlineSubsystemGooglePlay
LogPluginManager: Mounting plugin OnlineSubsystemIOS
LogPluginManager: Mounting plugin OnlineSubsystem
LogPluginManager: Mounting plugin OnlineSubsystemNull
LogPluginManager: Mounting plugin OnlineSubsystemUtils
LogPluginManager: Mounting plugin AndroidDeviceProfileSelector
LogPluginManager: Mounting plugin AndroidMoviePlayer
LogPluginManager: Mounting plugin AndroidPermission
LogPluginManager: Mounting plugin AppleARKit
LogPluginManager: Mounting plugin AppleMoviePlayer
LogPluginManager: Mounting plugin ArchVisCharacter
LogPluginManager: Mounting plugin AudioCapture
LogPluginManager: Mounting plugin CableComponent
LogPluginManager: Mounting plugin CustomMeshComponent
LogPluginManager: Mounting plugin ExampleDeviceProfileSelector
LogPluginManager: Mounting plugin GoogleCloudMessaging
LogPluginManager: Mounting plugin ImmediatePhysics
LogPluginManager: Mounting plugin IOSDeviceProfileSelector
LogPluginManager: Mounting plugin LinuxDeviceProfileSelector
LogPluginManager: Mounting plugin LocationServicesBPLibrary
LogPluginManager: Mounting plugin MobilePatchingUtils
LogPluginManager: Mounting plugin OculusVR
LogPluginManager: Plugin shader directory ../../../Engine/Plugins/Runtime/Oculus/OculusVR/Shaders found
LogPluginManager: Mapping shader source directory ../../../Engine/Plugins/Runtime/Oculus/OculusVR/Shaders to virtual directory /Plugin/OculusVR
LogPluginManager: Mounting plugin PhysXVehicles
LogPluginManager: Mounting plugin ProceduralMeshComponent
LogPluginManager: Mounting plugin RuntimePhysXCooking
LogPluginManager: Mounting plugin SteamVR
LogPluginManager: Mounting plugin WindowsMoviePlayer
LogStreaming: Display: Took  1.079s to configure plugins.
LogInit: Using libcurl 7.47.1
LogInit:  - built for x86_64-pc-win32
LogInit:  - supports SSL with OpenSSL/1.0.2g
LogInit:  - supports HTTP deflate (compression) using libz 1.2.8
LogInit:  - other features:
LogInit:      CURL_VERSION_SSL
LogInit:      CURL_VERSION_LIBZ
LogInit:      CURL_VERSION_IPV6
LogInit:      CURL_VERSION_ASYNCHDNS
LogInit:      CURL_VERSION_LARGEFILE
LogInit:      CURL_VERSION_IDN
LogInit:  CurlRequestOptions (configurable via config and command line):
LogInit:  - bVerifyPeer = false  - Libcurl will NOT verify peer certificate
LogInit:  - bUseHttpProxy = false  - Libcurl will NOT use HTTP proxy
LogInit:  - bDontReuseConnections = false  - Libcurl will reuse connections
LogInit:  - CertBundlePath = nullptr  - Libcurl will use whatever was configured at build time.
LogInit:  - MaxHostConnections = 16  - Libcurl will limit the number of connections to a host
LogInit:  - LocalHostAddr = Default
LogInit: WinSock: version 1.1 (2.2), MaxSocks=32767, MaxUdp=65467
LogInit: WinSock: I am JUN-HYOENG-HOME (192.168.1.49:0)
LogInit: Build: ++UE4+Release-4.19-CL-4033788
LogInit: Engine Version: 4.19.2-4033788+++UE4+Release-4.19
LogInit: Compatible Engine Version: 4.19.0-3944462+++UE4+Release-4.19
LogInit: Net CL: 3944462
LogDevObjectVersion: Number of dev versions registered: 18
LogDevObjectVersion:   Dev-Blueprints (B0D832E4-1F89-4F0D-ACCF-7EB736FD4AA2): 10
LogDevObjectVersion:   Dev-Build (E1C64328-A22C-4D53-A36C-8E866417BD8C): 0
LogDevObjectVersion:   Dev-Core (375EC13C-06E4-48FB-B500-84F0262A717E): 2
LogDevObjectVersion:   Dev-Editor (E4B068ED-F494-42E9-A231-DA0B2E46BB41): 23
LogDevObjectVersion:   Dev-Framework (CFFC743F-43B0-4480-9391-14DF171D2073): 33
LogDevObjectVersion:   Dev-Mobile (B02B49B5-BB20-44E9-A304-32B752E40360): 2
LogDevObjectVersion:   Dev-Networking (A4E4105C-59A1-49B5-A7C5-40C4547EDFEE): 0
LogDevObjectVersion:   Dev-Online (39C831C9-5AE6-47DC-9A44-9C173E1C8E7C): 0
LogDevObjectVersion:   Dev-Physics (78F01B33-EBEA-4F98-B9B4-84EACCB95AA2): 0
LogDevObjectVersion:   Dev-Platform (6631380F-2D4D-43E0-8009-CF276956A95A): 0
LogDevObjectVersion:   Dev-Rendering (12F88B9F-8875-4AFC-A67C-D90C383ABD29): 25
LogDevObjectVersion:   Dev-Sequencer (7B5AE74C-D270-4C10-A958-57980B212A5A): 6
LogDevObjectVersion:   Dev-VR (D7296918-1DD6-4BDD-9DE2-64A83CC13884): 1
LogDevObjectVersion:   Dev-LoadTimes (C2A15278-BFE7-4AFE-6C17-90FF531DF755): 1
LogDevObjectVersion:   Private-Geometry (6EACA3D4-40EC-4CC1-B786-8BED09428FC5): 2
LogDevObjectVersion:   Dev-AnimPhys (29E575DD-E0A3-4627-9D10-D276232CDCEA): 16
LogDevObjectVersion:   Dev-ReflectionCapture (6B266CEC-1EC7-4B8F-A30B-E4D90942FC07): 1
LogDevObjectVersion:   Dev-Automation (0DF73D61-A23F-47EA-B727-89E90C41499A): 1
LogInit: Compiled (64-bit): Apr 27 2018 02:06:57
LogInit: Compiled with Visual C++: 19.00.24215.01
LogInit: Build Configuration: Development
LogInit: Branch Name: ++UE4+Release-4.19
LogInit: Command Line:  
LogInit: Base Directory: D:/EpicGames/UE_4.19/Engine/Binaries/Win64/
LogInit: Installed Engine Build: 1
LogStreaming: Display: Took  0.001s to delete old logs.
LogInit: Presizing for max 8388607 objects, including 0 objects not considered by GC, pre-allocating 0 bytes for permanent pool.
LogInit: Object subsystem initialized
[2018.08.03-12.03.14:110][  0]LogInit: Selected Device Profile: [Windows]
[2018.08.03-12.03.14:110][  0]LogInit: Applying CVar settings loaded from the selected device profile: [Windows]
[2018.08.03-12.03.14:121][  0]LogInit: Computer: JUN-HYOENG-HOME
[2018.08.03-12.03.14:121][  0]LogInit: User: user
[2018.08.03-12.03.14:121][  0]LogInit: CPU Page size=4096, Cores=6
[2018.08.03-12.03.14:121][  0]LogInit: High frequency timer resolution =2.929691 MHz
[2018.08.03-12.03.14:121][  0]LogMemory: Memory total: Physical=15.9GB (16GB approx)
[2018.08.03-12.03.14:121][  0]LogMemory: Platform Memory Stats for Windows
[2018.08.03-12.03.14:121][  0]LogMemory: Process Physical Memory: 275.35 MB used, 275.35 MB peak
[2018.08.03-12.03.14:121][  0]LogMemory: Process Virtual Memory: 271.52 MB used, 271.52 MB peak
[2018.08.03-12.03.14:121][  0]LogMemory: Physical Memory: 5079.40 MB used,  11218.58 MB free, 16297.98 MB total
[2018.08.03-12.03.14:121][  0]LogMemory: Virtual Memory: 4797.80 MB used,  11218.58 MB free, 134217728.00 MB total
[2018.08.03-12.03.14:138][  0]LogInit: Using OS detected language (ko-KR).
[2018.08.03-12.03.14:138][  0]LogInit: Using OS detected locale (ko-KR).
[2018.08.03-12.03.14:142][  0]LogTextLocalizationManager: No specific localization for 'ko-KR' exists, so the 'ko' localization will be used.
[2018.08.03-12.03.14:453][  0]LogStreaming: Display: Took  0.315s to EndInitTextLocalization.
[2018.08.03-12.03.14:453][  0]LogInit: Setting process to per monitor DPI aware
[2018.08.03-12.03.14:486][  0]LogSlate: New Slate User Created.  User Index 0, Is Virtual User: 0
[2018.08.03-12.03.14:486][  0]LogSlate: Slate User Registered.  User Index 0, Is Virtual User: 0
[2018.08.03-12.03.14:732][  0]LogD3D11RHI: D3D11 adapters:
[2018.08.03-12.03.14:788][  0]LogD3D11RHI:    0. 'NVIDIA GeForce GTX 1060 6GB' (Feature Level 11_0)
[2018.08.03-12.03.14:788][  0]LogD3D11RHI:       6052/0/8148 MB DedicatedVideo/DedicatedSystem/SharedSystem, Outputs:2, VendorId:0x10de
[2018.08.03-12.03.14:789][  0]LogD3D11RHI:    1. 'Microsoft Basic Render Driver' (Feature Level 11_0)
[2018.08.03-12.03.14:789][  0]LogD3D11RHI:       0/0/8148 MB DedicatedVideo/DedicatedSystem/SharedSystem, Outputs:0, VendorId:0x1414
[2018.08.03-12.03.14:789][  0]LogD3D11RHI: Chosen D3D11 Adapter: 0
[2018.08.03-12.03.14:794][  0]LogD3D11RHI: Creating new Direct3DDevice
[2018.08.03-12.03.14:794][  0]LogD3D11RHI:     GPU DeviceId: 0x1c03 (for the marketing name, search the web for "GPU Device Id")
[2018.08.03-12.03.14:794][  0]LogWindows: EnumDisplayDevices:
[2018.08.03-12.03.14:794][  0]LogWindows:    0. 'NVIDIA GeForce GTX 1060 6GB' (P:1 D:1)
[2018.08.03-12.03.14:794][  0]LogWindows:    1. 'NVIDIA GeForce GTX 1060 6GB' (P:0 D:1)
[2018.08.03-12.03.14:795][  0]LogWindows:    2. 'NVIDIA GeForce GTX 1060 6GB' (P:0 D:0)
[2018.08.03-12.03.14:795][  0]LogWindows:    3. 'NVIDIA GeForce GTX 1060 6GB' (P:0 D:0)
[2018.08.03-12.03.14:795][  0]LogWindows: DebugString: GetVideoDriverDetailsInvalid PrimaryIsNotTheChoosenAdapter GetVideoDriverDetailsInvalid PrimaryIsNotTheChoosenAdapter GetVideoDriverDetailsInvalid PrimaryIsNotTheChoosenAdapter GetVideoDriverDetailsInvalid PrimaryIsNotTheChoosenAdapter FoundDriverCount:0 
[2018.08.03-12.03.14:795][  0]LogD3D11RHI:     Adapter Name: NVIDIA GeForce GTX 1060 6GB
[2018.08.03-12.03.14:795][  0]LogD3D11RHI:   Driver Version: Unknown (internal:Unknown, unified:Unknown)
[2018.08.03-12.03.14:795][  0]LogD3D11RHI:      Driver Date: Unknown
[2018.08.03-12.03.14:795][  0]LogRHI: Texture pool is 4236 MB (70% of 6052 MB)
[2018.08.03-12.03.14:825][  0]LogD3D11RHI: [Aftermath] Aftermath enabled and primed
[2018.08.03-12.03.14:825][  0]LogD3D11RHI: [Aftermath] Aftermath enabled and primed
[2018.08.03-12.03.14:825][  0]LogD3D11RHI: Async texture creation enabled
[2018.08.03-12.03.14:842][  0]LogD3D11RHI: GPU Timing Frequency: 1000.000000 (Debug: 2 2)
[2018.08.03-12.03.14:890][  0]LogShaderCompilers: Guid format shader working directory is -4 characters bigger than the processId version (../../../../../GitHub/DefOffGame/DefenseSurvival/Intermediate/Shaders/WorkingDirectory/12240/).
[2018.08.03-12.03.14:891][  0]LogShaderCompilers: Cleaned the shader compiler working directory 'C:/Users/user/AppData/Local/Temp/UnrealShaderWorkingDir/693F0F1746F9BC39EACCCEAF0D903CD3/'.
[2018.08.03-12.03.15:081][  0]LogTemp: Display: Loaded TP AllDesktopTargetPlatform
[2018.08.03-12.03.15:092][  0]LogTemp: Display: Loaded TP MacClientTargetPlatform
[2018.08.03-12.03.15:103][  0]LogTemp: Display: Loaded TP MacNoEditorTargetPlatform
[2018.08.03-12.03.15:114][  0]LogTemp: Display: Loaded TP MacServerTargetPlatform
[2018.08.03-12.03.15:125][  0]LogTemp: Display: Loaded TP MacTargetPlatform
[2018.08.03-12.03.15:136][  0]LogTemp: Display: Loaded TP WindowsClientTargetPlatform
[2018.08.03-12.03.15:146][  0]LogTemp: Display: Loaded TP WindowsNoEditorTargetPlatform
[2018.08.03-12.03.15:157][  0]LogTemp: Display: Loaded TP WindowsServerTargetPlatform
[2018.08.03-12.03.15:162][  0]LogTemp: Display: Loaded TP WindowsTargetPlatform
[2018.08.03-12.03.15:172][  0]LogTemp: Display: Loaded TP Android_ASTCTargetPlatform
[2018.08.03-12.03.15:182][  0]LogTemp: Display: Loaded TP Android_ATCTargetPlatform
[2018.08.03-12.03.15:192][  0]LogTemp: Display: Loaded TP Android_DXTTargetPlatform
[2018.08.03-12.03.15:203][  0]LogTemp: Display: Loaded TP Android_ETC1aTargetPlatform
[2018.08.03-12.03.15:213][  0]LogTemp: Display: Loaded TP Android_ETC1TargetPlatform
[2018.08.03-12.03.15:223][  0]LogTemp: Display: Loaded TP Android_ETC2TargetPlatform
[2018.08.03-12.03.15:244][  0]LogTemp: Display: Loaded TP Android_MultiTargetPlatform
[2018.08.03-12.03.15:244][  0]LogTemp: Display: Loaded TP Android_PVRTCTargetPlatform
[2018.08.03-12.03.15:254][  0]LogTemp: Display: Loaded TP AndroidTargetPlatform
[2018.08.03-12.03.15:255][  0]LogTemp: Display: Loaded TP HTML5TargetPlatform
[2018.08.03-12.03.15:291][  0]LogTemp: Display: Loaded TP IOSTargetPlatform
[2018.08.03-12.03.15:309][  0]LogTemp: Display: Loaded TP TVOSTargetPlatform
[2018.08.03-12.03.15:319][  0]LogTemp: Display: Loaded TP LinuxClientTargetPlatform
[2018.08.03-12.03.15:329][  0]LogTemp: Display: Loaded TP LinuxNoEditorTargetPlatform
[2018.08.03-12.03.15:340][  0]LogTemp: Display: Loaded TP LinuxServerTargetPlatform
[2018.08.03-12.03.15:350][  0]LogTemp: Display: Loaded TP LinuxTargetPlatform
[2018.08.03-12.03.15:350][  0]LogTargetPlatformManager: Display: Building Assets For Windows
[2018.08.03-12.03.15:449][  0]LogXGEController: Cleaning working directory: C:/Users/user/AppData/Local/Temp/UnrealXGEWorkingDir/
[2018.08.03-12.03.15:449][  0]LogXGEController: Cannot use XGE Controller as Incredibuild is not installed on this machine.
[2018.08.03-12.03.15:449][  0]LogShaderCompilers: Cannot use XGE Shader Compiler as Incredibuild is not installed on this machine.
[2018.08.03-12.03.15:450][  0]LogShaderCompilers: Display: Using Local Shader Compiler.
[2018.08.03-12.03.15:982][  0]LogDerivedDataCache: Display: Max Cache Size: 512 MB
[2018.08.03-12.03.16:035][  0]LogDerivedDataCache: Loaded boot cache 0.05s 74MB C:/Users/user/AppData/Local/UnrealEngine/4.19/DerivedDataCache/Boot.ddc.
[2018.08.03-12.03.16:035][  0]LogDerivedDataCache: Display: Loaded Boot cache: C:/Users/user/AppData/Local/UnrealEngine/4.19/DerivedDataCache/Boot.ddc
[2018.08.03-12.03.16:035][  0]LogDerivedDataCache: FDerivedDataBackendGraph:  Pak pak cache file ../../../../../GitHub/DefOffGame/DefenseSurvival/DerivedDataCache/DDC.ddp not found, will not use a pak cache.
[2018.08.03-12.03.16:035][  0]LogDerivedDataCache: Unable to find inner node Pak for hierarchical cache Hierarchy.
[2018.08.03-12.03.16:035][  0]LogDerivedDataCache: FDerivedDataBackendGraph:  CompressedPak pak cache file ../../../../../GitHub/DefOffGame/DefenseSurvival/DerivedDataCache/Compressed.ddp not found, will not use a pak cache.
[2018.08.03-12.03.16:035][  0]LogDerivedDataCache: Unable to find inner node CompressedPak for hierarchical cache Hierarchy.
[2018.08.03-12.03.16:048][  0]LogDerivedDataCache: Display: Pak cache opened for reading ../../../Engine/DerivedDataCache/Compressed.ddp.
[2018.08.03-12.03.16:060][  0]LogDerivedDataCache: Using Local data cache path C:/Users/user/AppData/Local/UnrealEngine/Common/DerivedDataCache: Writable
[2018.08.03-12.03.16:060][  0]LogDerivedDataCache: Shared data cache path not found in *engine.ini, will not use an Shared cache.
[2018.08.03-12.03.16:060][  0]LogDerivedDataCache: Unable to find inner node Shared for hierarchical cache Hierarchy.
[2018.08.03-12.03.16:069][  0]LogMaterial: Verifying Global Shaders for PCD3D_SM5
[2018.08.03-12.03.16:069][  0]LogSlate: Using Freetype 2.6.0
[2018.08.03-12.03.16:070][  0]LogSlate: SlateFontCache - WITH_FREETYPE: 1, WITH_HARFBUZZ: 1
[2018.08.03-12.03.16:070][  0]LogSlate: SlateFontCache - WITH_FREETYPE: 1, WITH_HARFBUZZ: 1
[2018.08.03-12.03.16:192][  0]LogAssetRegistry: FAssetRegistry took 0.0254 seconds to start up
[2018.08.03-12.03.16:427][  0]LogInit: Selected Device Profile: [Windows]
[2018.08.03-12.03.16:548][  0]LogSimplygon: Simplygon DLL not present - disabling.
[2018.08.03-12.03.16:550][  0]LogMeshReduction: Using SimplygonSwarm for distributed automatic mesh merging
[2018.08.03-12.03.16:550][  0]LogMeshReduction: Using QuadricMeshReduction for automatic static mesh reduction
[2018.08.03-12.03.16:550][  0]LogMeshReduction: No automatic skeletal mesh reduction module available
[2018.08.03-12.03.16:550][  0]LogMeshReduction: No automatic mesh merging module available
[2018.08.03-12.03.16:550][  0]LogMeshMerging: No automatic mesh merging module available
[2018.08.03-12.03.16:587][  0]LogNetVersion: DefenseSurvival , NetCL: 3944462, EngineNetVer: 2, GameNetVer: 0 (Checksum: 3696840644)
[2018.08.03-12.03.16:949][  0]LogPackageLocalizationCache: Processed 9 localized package path(s) for 2 prioritized culture(s) in 0.068286 seconds
[2018.08.03-12.03.16:953][  0]LogUObjectArray: 36728 objects as part of root set at end of initial load.
[2018.08.03-12.03.16:953][  0]LogUObjectAllocator: 7314312 out of 0 bytes used by permanent object pool.
[2018.08.03-12.03.16:953][  0]LogUObjectArray: CloseDisregardForGC: 0/0 objects in disregard for GC pool
[2018.08.03-12.03.18:423][  0]LogTcpMessaging: Initializing TcpMessaging bridge
[2018.08.03-12.03.18:454][  0]LogUdpMessaging: Initializing bridge on interface 0.0.0.0:0 to multicast group 230.0.0.1:6666.
[2018.08.03-12.03.18:828][  0]SourceControl: 소스 콘트롤이 꺼졌습니다.
[2018.08.03-12.03.18:828][  0]SourceControl: 소스 콘트롤이 꺼졌습니다.
[2018.08.03-12.03.18:848][  0]SourceControl: 소스 콘트롤이 꺼졌습니다.
[2018.08.03-12.03.18:870][  0]SourceControl: 소스 콘트롤이 꺼졌습니다.
[2018.08.03-12.03.19:387][  0]LogAndroidPermission: UAndroidPermissionCallbackProxy::GetInstance
[2018.08.03-12.03.19:544][  0]LogOcInput: OculusInput pre-init called
[2018.08.03-12.03.19:650][  0]LogEngine: Initializing Engine...
[2018.08.03-12.03.19:651][  0]LogHMD: Failed to initialize OpenVR with code 110
[2018.08.03-12.03.19:653][  0]LogStats: UGameplayTagsManager::ConstructGameplayTagTree: Construct from data asset -  0.000 s
[2018.08.03-12.03.19:653][  0]LogStats: UGameplayTagsManager::ConstructGameplayTagTree: GameplayTagTreeChangedEvent.Broadcast -  0.000 s
[2018.08.03-12.03.19:824][  0]LogAIModule: Creating AISystem for world Untitled
[2018.08.03-12.03.19:839][  0]LogInit: XAudio2 using '스피커(Realtek High Definition Audio)' : 2 channels at 48 kHz using 32 bits per sample (channel mask 0x3)
[2018.08.03-12.03.19:873][  0]LogInit: FAudioDevice initialized.
[2018.08.03-12.03.19:950][  0]LogDerivedDataCache: Saved boot cache 0.08s 74MB C:/Users/user/AppData/Local/UnrealEngine/4.19/DerivedDataCache/Boot.ddc.
[2018.08.03-12.03.19:957][  0]LogInit: Texture streaming: Enabled
[2018.08.03-12.03.19:968][  0]LogEngineSessionManager: EngineSessionManager initialized
[2018.08.03-12.03.19:975][  0]LogInit: Transaction tracking system initialized
[2018.08.03-12.03.19:990][  0]BlueprintLog: New page: 에디터 로드
[2018.08.03-12.03.20:039][  0]LocalizationService: 현지화 서비스가 비활성화되었습니다.
[2018.08.03-12.03.20:129][  0]LogConsoleResponse: Display: 
[2018.08.03-12.03.20:249][  0]LogCook: Display: Max memory allowance for cook 16384mb min free memory 0mb
[2018.08.03-12.03.20:249][  0]LogCook: Display: Mobile HDR setting 1
[2018.08.03-12.03.20:249][  0]LogGameplayTags: Display: UGameplayTagsManager::DoneAddingNativeTags. DelegateIsBound: 0
[2018.08.03-12.03.20:249][  0]LogStats: UGameplayTagsManager::ConstructGameplayTagTree: Construct from data asset -  0.000 s
[2018.08.03-12.03.20:249][  0]LogStats: UGameplayTagsManager::ConstructGameplayTagTree: GameplayTagTreeChangedEvent.Broadcast -  0.000 s
[2018.08.03-12.03.20:622][  0]LogFileCache: Scanning file cache for directory 'D:/GitHub/DefOffGame/DefenseSurvival/Content/' took 0.02s
[2018.08.03-12.03.20:622][  0]SourceControl: 소스 콘트롤이 꺼졌습니다.
[2018.08.03-12.03.20:622][  0]Cmd: MAP LOAD FILE="../../../../../GitHub/DefOffGame/DefenseSurvival/Content/TopDownBP/Maps/TopDownExampleMap.umap" TEMPLATE=0 SHOWPROGRESS=1 FEATURELEVEL=3
[2018.08.03-12.03.20:622][  0]LightingResults: New page: 라이팅 빌드
[2018.08.03-12.03.20:624][  0]MapCheck: New page: 맵 체크
[2018.08.03-12.03.20:624][  0]LightingResults: New page: 라이팅 빌드
[2018.08.03-12.03.20:671][  0]LogUObjectGlobals: Created PersistentFrame Addr=0x000001fd6c0620c0, Size=144, Default__UE4ASP_HeroTPP_AnimBlueprint_C Function /Game/AnimStarterPack/UE4ASP_HeroTPP_AnimBlueprint.UE4ASP_HeroTPP_AnimBlueprint_C:ExecuteUbergraph_UE4ASP_HeroTPP_AnimBlueprint
[2018.08.03-12.03.20:673][  0]LogUObjectGlobals: Created PersistentFrame Addr=0x000001fd45b00800, Size=120, Default__Ue4ASP_Character_C Function /Game/AnimStarterPack/Ue4ASP_Character.Ue4ASP_Character_C:ExecuteUbergraph_Ue4ASP_Character
[2018.08.03-12.03.20:726][  0]LogUObjectGlobals: Destroyed PersistentFrame Addr=0x000001fd6c0620c0, Size=144
[2018.08.03-12.03.20:726][  0]LogUObjectGlobals: Created PersistentFrame Addr=0x000001fd6d15fe20, Size=144, Default__UE4ASP_HeroTPP_AnimBlueprint_C Function /Engine/Transient.REINST_UE4ASP_HeroTPP_AnimBlueprint_C_0:ExecuteUbergraph_UE4ASP_HeroTPP_AnimBlueprint
[2018.08.03-12.03.20:727][  0]LogUObjectGlobals: Destroyed PersistentFrame Addr=0x000001fd45b00800, Size=120
[2018.08.03-12.03.20:727][  0]LogUObjectGlobals: Created PersistentFrame Addr=0x000001fd6d19b780, Size=120, Default__Ue4ASP_Character_C Function /Engine/Transient.REINST_Ue4ASP_Character_C_1:ExecuteUbergraph_Ue4ASP_Character
[2018.08.03-12.03.20:742][  0]LogBlueprint: Warning: [Compiler Ue4ASP_Character] InputAction Event 가  Crouch 입력 액션  에 대해 알려지지 않은 'Crouch' 액션을 레퍼런싱합니다.
[2018.08.03-12.03.20:742][  0]LogBlueprint: Warning: [Compiler Ue4ASP_Character] InputAction Event 가  Jump 입력 액션  에 대해 알려지지 않은 'Jump' 액션을 레퍼런싱합니다.
[2018.08.03-12.03.20:742][  0]LogBlueprint: Warning: [Compiler Ue4ASP_Character] Input Axis Event 가  LookUp 입력 축  에 대해 알려지지 않은 'LookUp' 축을 레퍼런싱합니다.
[2018.08.03-12.03.20:742][  0]LogBlueprint: Warning: [Compiler Ue4ASP_Character] Input Axis Event 가  Turn 입력 축  에 대해 알려지지 않은 'Turn' 축을 레퍼런싱합니다.
[2018.08.03-12.03.20:744][  0]LogUObjectGlobals: Created PersistentFrame Addr=0x000001fd6d03a980, Size=144, Default__UE4ASP_HeroTPP_AnimBlueprint_C Function /Game/AnimStarterPack/UE4ASP_HeroTPP_AnimBlueprint.UE4ASP_HeroTPP_AnimBlueprint_C:ExecuteUbergraph_UE4ASP_HeroTPP_AnimBlueprint
[2018.08.03-12.03.20:746][  0]LogUObjectGlobals: Created PersistentFrame Addr=0x000001fd6d095d00, Size=320, Default__Ue4ASP_Character_C Function /Game/AnimStarterPack/Ue4ASP_Character.Ue4ASP_Character_C:ExecuteUbergraph_Ue4ASP_Character
[2018.08.03-12.03.20:748][  0]LogBlueprint: Warning: [Compiler Ue4ASP_Character] [0009.09] Ue4ASP_Character 컴파일에 성공했습니다만, 경고가 4 회 있습니다. [소요시간 26 ms] (/Game/AnimStarterPack/Ue4ASP_Character.Ue4ASP_Character)
[2018.08.03-12.03.20:770][  0]LogProperty: Error: UStructProperty::Serialize Loading: Property 'StructProperty /Game/TopDownBP/Character/TopDownCharacter.TopDownCharacter_C:ExecuteUbergraph_TopDownCharacter.CallFunc_GetItemInfoAtIndex______'. Unknown structure.
[2018.08.03-12.03.20:770][  0]LogProperty: Error: UStructProperty::Serialize Loading: Property 'StructProperty /Game/TopDownBP/Character/TopDownCharacter.TopDownCharacter_C:ExecuteUbergraph_TopDownCharacter.CallFunc_GetItemInfoAtIndex______1'. Unknown structure.
[2018.08.03-12.03.20:770][  0]LogUObjectGlobals: Created PersistentFrame Addr=0x000001fd6d028100, Size=1520, Default__TopDownCharacter_C Function /Game/TopDownBP/Character/TopDownCharacter.TopDownCharacter_C:ExecuteUbergraph_TopDownCharacter
[2018.08.03-12.03.20:771][  0]LogUObjectGlobals: Created PersistentFrame Addr=0x000001fd6d095580, Size=264, Default__BuildingGhost_C Function /Game/TopDownBP/Blueprints/BuildingGhost.BuildingGhost_C:ExecuteUbergraph_BuildingGhost
[2018.08.03-12.03.20:786][  0]LogUObjectGlobals: Created PersistentFrame Addr=0x000001fd6de07740, Size=144, Default__인벤토리BP_C Function /Game/TopDownBP/인벤토리시스템/인벤토리BP.인벤토리BP_C:ExecuteUbergraph_인벤토리BP
[2018.08.03-12.03.20:787][  0]LogUObjectGlobals: Created PersistentFrame Addr=0x000001fd6d022b60, Size=48, Default__아이템마스터_C Function /Game/TopDownBP/인벤토리시스템/아이템/아이템마스터.아이템마스터_C:ExecuteUbergraph_아이템마스터
[2018.08.03-12.03.20:815][  0]LogUObjectGlobals: Created PersistentFrame Addr=0x000001fd6d9c3b00, Size=288, Default__인벤토리슬롯UI_C Function /Game/TopDownBP/인벤토리시스템/위젯/인벤토리슬롯UI.인벤토리슬롯UI_C:ExecuteUbergraph_인벤토리슬롯UI
[2018.08.03-12.03.20:821][  0]LogUObjectGlobals: Created PersistentFrame Addr=0x000001fd6d214eb0, Size=4, Default__DetailWidget_C Function /Game/TopDownBP/인벤토리시스템/위젯/DetailWidget.DetailWidget_C:ExecuteUbergraph_DetailWidget
[2018.08.03-12.03.20:827][  0]LogUObjectGlobals: Created PersistentFrame Addr=0x000001fd6d999760, Size=136, Default__DraggedItem_C Function /Game/TopDownBP/인벤토리시스템/위젯/DraggedItem.DraggedItem_C:ExecuteUbergraph_DraggedItem
[2018.08.03-12.03.20:833][  0]LogUObjectGlobals: Created PersistentFrame Addr=0x000001fd45b09c20, Size=104, Default__임시UI_C Function /Game/TopDownBP/Blueprints/임시UI.임시UI_C:ExecuteUbergraph_임시UI
[2018.08.03-12.03.20:841][  0]LogUObjectGlobals: Created PersistentFrame Addr=0x000001fd6d2142e0, Size=4, Default__메인위젯UI_C Function /Game/TopDownBP/인벤토리시스템/위젯/메인위젯UI.메인위젯UI_C:ExecuteUbergraph_메인위젯UI
[2018.08.03-12.03.20:855][  0]LogProperty: Error: UStructProperty::Serialize Loading: Property 'StructProperty /Game/TopDownBP/인벤토리시스템/위젯/ThrowWidget.ThrowWidget_C:ExecuteUbergraph_ThrowWidget.CallFunc_GetItemInfoAtIndex______'. Unknown structure.
[2018.08.03-12.03.20:855][  0]LogUObjectGlobals: Created PersistentFrame Addr=0x000001fd6d91b100, Size=304, Default__ThrowWidget_C Function /Game/TopDownBP/인벤토리시스템/위젯/ThrowWidget.ThrowWidget_C:ExecuteUbergraph_ThrowWidget
[2018.08.03-12.03.20:859][  0]LogUObjectGlobals: Created PersistentFrame Addr=0x000001fd6d931b80, Size=64, Default__인벤토리UI_C Function /Game/TopDownBP/인벤토리시스템/위젯/인벤토리UI.인벤토리UI_C:ExecuteUbergraph_인벤토리UI
[2018.08.03-12.03.20:860][  0]LogUObjectGlobals: Created PersistentFrame Addr=0x000001fd6d9e58a0, Size=12, Default__액션메뉴UI_C Function /Game/TopDownBP/인벤토리시스템/위젯/액션메뉴UI.액션메뉴UI_C:ExecuteUbergraph_액션메뉴UI
[2018.08.03-12.03.20:959][  0]LogUObjectGlobals: Destroyed PersistentFrame Addr=0x000001fd6d095580, Size=264
[2018.08.03-12.03.20:959][  0]LogUObjectGlobals: Created PersistentFrame Addr=0x000001fd6d918180, Size=264, Default__BuildingGhost_C Function /Engine/Transient.REINST_BuildingGhost_C_11:ExecuteUbergraph_BuildingGhost
[2018.08.03-12.03.20:960][  0]LogUObjectGlobals: Destroyed PersistentFrame Addr=0x000001fd6d022b60, Size=48
[2018.08.03-12.03.20:960][  0]LogUObjectGlobals: Created PersistentFrame Addr=0x000001fd6d106410, Size=48, Default__아이템마스터_C Function /Engine/Transient.REINST_아이템마스터_C_14:ExecuteUbergraph_아이템마스터
[2018.08.03-12.03.20:961][  0]LogUObjectGlobals: Destroyed PersistentFrame Addr=0x000001fd6de07740, Size=144
[2018.08.03-12.03.20:961][  0]LogUObjectGlobals: Created PersistentFrame Addr=0x000001fd6d347880, Size=144, Default__인벤토리BP_C Function /Engine/Transient.REINST_인벤토리BP_C_15:ExecuteUbergraph_인벤토리BP
[2018.08.03-12.03.20:961][  0]LogUObjectGlobals: Destroyed PersistentFrame Addr=0x000001fd6d214eb0, Size=4
[2018.08.03-12.03.20:961][  0]LogUObjectGlobals: Created PersistentFrame Addr=0x000001fd6d42e9c0, Size=4, Default__DetailWidget_C Function /Engine/Transient.REINST_DetailWidget_C_0:ExecuteUbergraph_DetailWidget
[2018.08.03-12.03.20:961][  0]LogUObjectGlobals: Destroyed PersistentFrame Addr=0x000001fd6d999760, Size=136
[2018.08.03-12.03.20:961][  0]LogUObjectGlobals: Created PersistentFrame Addr=0x000001fd6d345940, Size=136, Default__DraggedItem_C Function /Engine/Transient.REINST_DraggedItem_C_1:ExecuteUbergraph_DraggedItem
[2018.08.03-12.03.20:961][  0]LogUObjectGlobals: Destroyed PersistentFrame Addr=0x000001fd6d91b100, Size=304
[2018.08.03-12.03.20:961][  0]LogUObjectGlobals: Created PersistentFrame Addr=0x000001fd6d35fb00, Size=304, Default__ThrowWidget_C Function /Engine/Transient.REINST_ThrowWidget_C_2:ExecuteUbergraph_ThrowWidget
[2018.08.03-12.03.20:962][  0]LogUObjectGlobals: Destroyed PersistentFrame Addr=0x000001fd6d028100, Size=1520
[2018.08.03-12.03.20:962][  0]LogUObjectGlobals: Created PersistentFrame Addr=0x000001fd6d333200, Size=1520, Default__TopDownCharacter_C Function /Engine/Transient.REINST_TopDownCharacter_C_16:ExecuteUbergraph_TopDownCharacter
[2018.08.03-12.03.20:963][  0]LogUObjectGlobals: Destroyed PersistentFrame Addr=0x000001fd6d2142e0, Size=4
[2018.08.03-12.03.20:963][  0]LogUObjectGlobals: Created PersistentFrame Addr=0x000001fd6d42e988, Size=4, Default__메인위젯UI_C Function /Engine/Transient.REINST_메인위젯UI_C_3:ExecuteUbergraph_메인위젯UI
[2018.08.03-12.03.20:963][  0]LogUObjectGlobals: Destroyed PersistentFrame Addr=0x000001fd6d9e58a0, Size=12
[2018.08.03-12.03.20:963][  0]LogUObjectGlobals: Created PersistentFrame Addr=0x000001fd6d445d90, Size=12, Default__액션메뉴UI_C Function /Engine/Transient.REINST_액션메뉴UI_C_4:ExecuteUbergraph_액션메뉴UI
[2018.08.03-12.03.20:963][  0]LogUObjectGlobals: Destroyed PersistentFrame Addr=0x000001fd6d931b80, Size=64
[2018.08.03-12.03.20:963][  0]LogUObjectGlobals: Created PersistentFrame Addr=0x000001fd6d9cf840, Size=64, Default__인벤토리UI_C Function /Engine/Transient.REINST_인벤토리UI_C_5:ExecuteUbergraph_인벤토리UI
[2018.08.03-12.03.20:963][  0]LogUObjectGlobals: Destroyed PersistentFrame Addr=0x000001fd6d9c3b00, Size=288
[2018.08.03-12.03.20:963][  0]LogUObjectGlobals: Created PersistentFrame Addr=0x000001fd6d35f380, Size=288, Default__인벤토리슬롯UI_C Function /Engine/Transient.REINST_인벤토리슬롯UI_C_6:ExecuteUbergraph_인벤토리슬롯UI
[2018.08.03-12.03.20:964][  0]LogUObjectGlobals: Destroyed PersistentFrame Addr=0x000001fd45b09c20, Size=104
[2018.08.03-12.03.20:964][  0]LogUObjectGlobals: Created PersistentFrame Addr=0x000001fd6d3d9210, Size=104, Default__임시UI_C Function /Engine/Transient.REINST_임시UI_C_7:ExecuteUbergraph_임시UI
[2018.08.03-12.03.21:020][  0]LogUObjectGlobals: Created PersistentFrame Addr=0x000001fd6deba200, Size=264, Default__BuildingGhost_C Function /Game/TopDownBP/Blueprints/BuildingGhost.BuildingGhost_C:ExecuteUbergraph_BuildingGhost
[2018.08.03-12.03.21:020][  0]LogUObjectGlobals: Created PersistentFrame Addr=0x000001fd6ee4b8e0, Size=48, Default__아이템마스터_C Function /Game/TopDownBP/인벤토리시스템/아이템/아이템마스터.아이템마스터_C:ExecuteUbergraph_아이템마스터
[2018.08.03-12.03.21:027][  0]LogUObjectGlobals: Created PersistentFrame Addr=0x000001fd6edeaca0, Size=144, Default__인벤토리BP_C Function /Game/TopDownBP/인벤토리시스템/인벤토리BP.인벤토리BP_C:ExecuteUbergraph_인벤토리BP
[2018.08.03-12.03.21:029][  0]LogUObjectGlobals: Created PersistentFrame Addr=0x000001fd6ed3bf60, Size=4, Default__DetailWidget_C Function /Game/TopDownBP/인벤토리시스템/위젯/DetailWidget.DetailWidget_C:ExecuteUbergraph_DetailWidget
[2018.08.03-12.03.21:030][  0]LogUObjectGlobals: Created PersistentFrame Addr=0x000001fd6ed1fd80, Size=136, Default__DraggedItem_C Function /Game/TopDownBP/인벤토리시스템/위젯/DraggedItem.DraggedItem_C:ExecuteUbergraph_DraggedItem
[2018.08.03-12.03.21:032][  0]LogUObjectGlobals: Created PersistentFrame Addr=0x000001fd6ee38800, Size=416, Default__ThrowWidget_C Function /Game/TopDownBP/인벤토리시스템/위젯/ThrowWidget.ThrowWidget_C:ExecuteUbergraph_ThrowWidget
[2018.08.03-12.03.21:036][  0]LogUObjectGlobals: Created PersistentFrame Addr=0x000001fd6eca3200, Size=1760, Default__TopDownCharacter_C Function /Game/TopDownBP/Character/TopDownCharacter.TopDownCharacter_C:ExecuteUbergraph_TopDownCharacter
[2018.08.03-12.03.21:038][  0]LogUObjectGlobals: Created PersistentFrame Addr=0x000001fd6ed3b990, Size=4, Default__메인위젯UI_C Function /Game/TopDownBP/인벤토리시스템/위젯/메인위젯UI.메인위젯UI_C:ExecuteUbergraph_메인위젯UI
[2018.08.03-12.03.21:039][  0]LogUObjectGlobals: Created PersistentFrame Addr=0x000001fd6ec63d60, Size=12, Default__액션메뉴UI_C Function /Game/TopDownBP/인벤토리시스템/위젯/액션메뉴UI.액션메뉴UI_C:ExecuteUbergraph_액션메뉴UI
[2018.08.03-12.03.21:041][  0]LogUObjectGlobals: Created PersistentFrame Addr=0x000001fd6ec17a40, Size=64, Default__인벤토리UI_C Function /Game/TopDownBP/인벤토리시스템/위젯/인벤토리UI.인벤토리UI_C:ExecuteUbergraph_인벤토리UI
[2018.08.03-12.03.21:043][  0]LogUObjectGlobals: Created PersistentFrame Addr=0x000001fd6deb9a80, Size=288, Default__인벤토리슬롯UI_C Function /Game/TopDownBP/인벤토리시스템/위젯/인벤토리슬롯UI.인벤토리슬롯UI_C:ExecuteUbergraph_인벤토리슬롯UI
[2018.08.03-12.03.21:045][  0]LogUObjectGlobals: Created PersistentFrame Addr=0x000001fd6eb9a320, Size=104, Default__임시UI_C Function /Game/TopDownBP/Blueprints/임시UI.임시UI_C:ExecuteUbergraph_임시UI
[2018.08.03-12.03.21:144][  0]LogUObjectGlobals: Created PersistentFrame Addr=0x000001fd6ebcda80, Size=384, Default__나무_C Function /Game/TopDownBP/Blueprints/나무.나무_C:ExecuteUbergraph_나무
[2018.08.03-12.03.21:148][  0]LogUObjectGlobals: Destroyed PersistentFrame Addr=0x000001fd6ebcda80, Size=384
[2018.08.03-12.03.21:148][  0]LogUObjectGlobals: Created PersistentFrame Addr=0x000001fd6d711d80, Size=384, Default__나무_C Function /Engine/Transient.REINST_나무_C_36:ExecuteUbergraph_나무
[2018.08.03-12.03.21:152][  0]LogUObjectGlobals: Created PersistentFrame Addr=0x000001fd6d736800, Size=384, Default__나무_C Function /Game/TopDownBP/Blueprints/나무.나무_C:ExecuteUbergraph_나무
[2018.08.03-12.03.21:164][  0]LogUObjectGlobals: Created PersistentFrame Addr=0x000001fd6d97e680, Size=384, Default__바위_C Function /Game/TopDownBP/Blueprints/바위.바위_C:ExecuteUbergraph_바위
[2018.08.03-12.03.21:168][  0]LogUObjectGlobals: Destroyed PersistentFrame Addr=0x000001fd6d97e680, Size=384
[2018.08.03-12.03.21:168][  0]LogUObjectGlobals: Created PersistentFrame Addr=0x000001fd6edaae00, Size=384, Default__바위_C Function /Engine/Transient.REINST_바위_C_38:ExecuteUbergraph_바위
[2018.08.03-12.03.21:172][  0]LogUObjectGlobals: Created PersistentFrame Addr=0x000001fd6d743b80, Size=384, Default__바위_C Function /Game/TopDownBP/Blueprints/바위.바위_C:ExecuteUbergraph_바위
[2018.08.03-12.03.21:183][  0]LogUObjectGlobals: Created PersistentFrame Addr=0x000001fd6ebd2bf0, Size=48, Default__아이템_맵_C Function /Game/TopDownBP/인벤토리시스템/아이템/아이템마스터.아이템마스터_C:ExecuteUbergraph_아이템마스터
[2018.08.03-12.03.21:185][  0]LogUObjectGlobals: Destroyed PersistentFrame Addr=0x000001fd6ebd2bf0, Size=48
[2018.08.03-12.03.21:185][  0]LogUObjectGlobals: Created PersistentFrame Addr=0x000001fd6ebd2bf0, Size=48, Default__아이템_맵_C Function /Game/TopDownBP/인벤토리시스템/아이템/아이템마스터.아이템마스터_C:ExecuteUbergraph_아이템마스터
[2018.08.03-12.03.21:185][  0]LogUObjectGlobals: Created PersistentFrame Addr=0x000001fd6ebd3460, Size=48, Default__아이템_맵_C Function /Game/TopDownBP/인벤토리시스템/아이템/아이템마스터.아이템마스터_C:ExecuteUbergraph_아이템마스터
[2018.08.03-12.03.21:188][  0]LogUObjectGlobals: Created PersistentFrame Addr=0x000001fd6ebd39d0, Size=48, Default__아이템_반지_C Function /Game/TopDownBP/인벤토리시스템/아이템/아이템마스터.아이템마스터_C:ExecuteUbergraph_아이템마스터
[2018.08.03-12.03.21:189][  0]LogUObjectGlobals: Destroyed PersistentFrame Addr=0x000001fd6ebd39d0, Size=48
[2018.08.03-12.03.21:189][  0]LogUObjectGlobals: Created PersistentFrame Addr=0x000001fd6ebd39d0, Size=48, Default__아이템_반지_C Function /Game/TopDownBP/인벤토리시스템/아이템/아이템마스터.아이템마스터_C:ExecuteUbergraph_아이템마스터
[2018.08.03-12.03.21:189][  0]LogUObjectGlobals: Created PersistentFrame Addr=0x000001fd6ebd2fe0, Size=48, Default__아이템_반지_C Function /Game/TopDownBP/인벤토리시스템/아이템/아이템마스터.아이템마스터_C:ExecuteUbergraph_아이템마스터
[2018.08.03-12.03.21:192][  0]LogUObjectGlobals: Created PersistentFrame Addr=0x000001fd6ebd19c0, Size=48, Default__아이템_체력포션_C Function /Game/TopDownBP/인벤토리시스템/아이템/아이템마스터.아이템마스터_C:ExecuteUbergraph_아이템마스터
[2018.08.03-12.03.21:193][  0]LogUObjectGlobals: Destroyed PersistentFrame Addr=0x000001fd6ebd19c0, Size=48
[2018.08.03-12.03.21:193][  0]LogUObjectGlobals: Created PersistentFrame Addr=0x000001fd6ebd19c0, Size=48, Default__아이템_체력포션_C Function /Game/TopDownBP/인벤토리시스템/아이템/아이템마스터.아이템마스터_C:ExecuteUbergraph_아이템마스터
[2018.08.03-12.03.21:193][  0]LogUObjectGlobals: Created PersistentFrame Addr=0x000001fd6ebd1000, Size=48, Default__아이템_체력포션_C Function /Game/TopDownBP/인벤토리시스템/아이템/아이템마스터.아이템마스터_C:ExecuteUbergraph_아이템마스터
[2018.08.03-12.03.21:197][  0]LogUObjectGlobals: Created PersistentFrame Addr=0x000001fd6d7b8800, Size=208, Default__아이템줍기_C Function /Game/TopDownBP/인벤토리시스템/아이템/아이템줍기.아이템줍기_C:ExecuteUbergraph_아이템줍기
[2018.08.03-12.03.21:199][  0]LogUObjectGlobals: Destroyed PersistentFrame Addr=0x000001fd6d7b8800, Size=208
[2018.08.03-12.03.21:199][  0]LogUObjectGlobals: Created PersistentFrame Addr=0x000001fd6e63bac0, Size=208, Default__아이템줍기_C Function /Engine/Transient.REINST_아이템줍기_C_47:ExecuteUbergraph_아이템줍기
[2018.08.03-12.03.21:201][  0]LogUObjectGlobals: Created PersistentFrame Addr=0x000001fd6e63a940, Size=208, Default__아이템줍기_C Function /Game/TopDownBP/인벤토리시스템/아이템/아이템줍기.아이템줍기_C:ExecuteUbergraph_아이템줍기
[2018.08.03-12.03.21:345][  0]LogSkeletalMesh: Skeletal Mesh found in DDC [4.390565ms] /Game/AnimStarterPack/UE4_Mannequin/Mesh/SK_Mannequin.SK_Mannequin
[2018.08.03-12.03.21:644][  0]LogAIModule: Creating AISystem for world TopDownExampleMap
[2018.08.03-12.03.21:654][  0]LogEditorServer: Finished looking for orphan Actors (0.000 secs)
[2018.08.03-12.03.21:668][  0]LogUObjectGlobals: Destroyed PersistentFrame Addr=0x000001fd6d15fe20, Size=144
[2018.08.03-12.03.21:668][  0]LogUObjectGlobals: Destroyed PersistentFrame Addr=0x000001fd6d19b780, Size=120
[2018.08.03-12.03.21:668][  0]LogUObjectGlobals: Destroyed PersistentFrame Addr=0x000001fd6d333200, Size=1520
[2018.08.03-12.03.21:668][  0]LogUObjectGlobals: Destroyed PersistentFrame Addr=0x000001fd6d918180, Size=264
[2018.08.03-12.03.21:668][  0]LogUObjectGlobals: Destroyed PersistentFrame Addr=0x000001fd6d347880, Size=144
[2018.08.03-12.03.21:668][  0]LogUObjectGlobals: Destroyed PersistentFrame Addr=0x000001fd6d106410, Size=48
[2018.08.03-12.03.21:668][  0]LogUObjectGlobals: Destroyed PersistentFrame Addr=0x000001fd6d35f380, Size=288
[2018.08.03-12.03.21:668][  0]LogUObjectGlobals: Destroyed PersistentFrame Addr=0x000001fd6d42e9c0, Size=4
[2018.08.03-12.03.21:668][  0]LogUObjectGlobals: Destroyed PersistentFrame Addr=0x000001fd6d345940, Size=136
[2018.08.03-12.03.21:668][  0]LogUObjectGlobals: Destroyed PersistentFrame Addr=0x000001fd6d3d9210, Size=104
[2018.08.03-12.03.21:668][  0]LogUObjectGlobals: Destroyed PersistentFrame Addr=0x000001fd6d42e988, Size=4
[2018.08.03-12.03.21:668][  0]LogUObjectGlobals: Destroyed PersistentFrame Addr=0x000001fd6d35fb00, Size=304
[2018.08.03-12.03.21:668][  0]LogUObjectGlobals: Destroyed PersistentFrame Addr=0x000001fd6d9cf840, Size=64
[2018.08.03-12.03.21:668][  0]LogUObjectGlobals: Destroyed PersistentFrame Addr=0x000001fd6d445d90, Size=12
[2018.08.03-12.03.21:669][  0]LogUObjectGlobals: Destroyed PersistentFrame Addr=0x000001fd6d711d80, Size=384
[2018.08.03-12.03.21:669][  0]LogUObjectGlobals: Destroyed PersistentFrame Addr=0x000001fd6edaae00, Size=384
[2018.08.03-12.03.21:669][  0]LogUObjectGlobals: Destroyed PersistentFrame Addr=0x000001fd6ebd2bf0, Size=48
[2018.08.03-12.03.21:669][  0]LogUObjectGlobals: Destroyed PersistentFrame Addr=0x000001fd6ebd39d0, Size=48
[2018.08.03-12.03.21:669][  0]LogUObjectGlobals: Destroyed PersistentFrame Addr=0x000001fd6ebd19c0, Size=48
[2018.08.03-12.03.21:669][  0]LogUObjectGlobals: Destroyed PersistentFrame Addr=0x000001fd6e63bac0, Size=208
[2018.08.03-12.03.21:671][  0]Cmd: MAP CHECKDEP NOCLEARLOG
[2018.08.03-12.03.21:735][  0]MapCheck: 맵 체크 완료: 오류 0 회, 경고 0 회, 소요 시간 63.476ms.
[2018.08.03-12.03.21:735][  0]LogFileHelpers: Loading map 'TopDownExampleMap' took 1.112
[2018.08.03-12.03.21:857][  0]LogCollectionManager: Loaded 0 collections in 0.001029 seconds
[2018.08.03-12.03.21:904][  0]LogFileCache: Scanning file cache for directory 'D:/GitHub/DefOffGame/DefenseSurvival/Saved/Collections/' took 0.01s
[2018.08.03-12.03.21:904][  0]LogFileCache: Scanning file cache for directory 'D:/GitHub/DefOffGame/DefenseSurvival/Content/Developers/user/Collections/' took 0.01s
[2018.08.03-12.03.21:904][  0]LogFileCache: Scanning file cache for directory 'D:/GitHub/DefOffGame/DefenseSurvival/Content/Collections/' took 0.01s
[2018.08.03-12.03.21:904][  0]LogCollectionManager: Rebuilt the GUID cache for 0 collections in 0.000000 seconds
[2018.08.03-12.03.21:911][  0]LogContentBrowser: Native class hierarchy populated in 0.0070 seconds. Added 2452 classes and 558 folders.
[2018.08.03-12.03.21:915][  0]LogContentBrowser: Native class hierarchy updated for 'WidgetCarousel' in 0.0002 seconds. Added 0 classes and 0 folders.
[2018.08.03-12.03.21:970][  0]LogContentBrowser: Native class hierarchy updated for 'AddContentDialog' in 0.0002 seconds. Added 0 classes and 0 folders.
[2018.08.03-12.03.21:974][  0]LogContentBrowser: Native class hierarchy updated for 'SceneOutliner' in 0.0002 seconds. Added 1 classes and 2 folders.
[2018.08.03-12.03.22:034][  0]LogSlate: Took 0.000217 seconds to synchronously load lazily loaded font '../../../Engine/Content/Slate/Fonts/Roboto-Regular.ttf' (155K)
[2018.08.03-12.03.22:037][  0]LogSlate: Took 0.002119 seconds to synchronously load lazily loaded font '../../../Engine/Content/Editor/Slate/Fonts/NanumGothic.ttf' (4243K)
[2018.08.03-12.03.22:040][  0]LogSlate: Took 0.001960 seconds to synchronously load lazily loaded font '../../../Engine/Content/Editor/Slate/Fonts/NanumGothicBold.ttf' (4188K)
[2018.08.03-12.03.22:040][  0]LogSlate: Took 0.000197 seconds to synchronously load lazily loaded font '../../../Engine/Content/Slate/Fonts/Roboto-Bold.ttf' (160K)
[2018.08.03-12.03.22:044][  0]LogSlate: Took 0.000186 seconds to synchronously load lazily loaded font '../../../Engine/Content/Editor/Slate/Fonts/FontAwesome.ttf' (139K)
[2018.08.03-12.03.22:121][  0]LogRenderer: Reallocating scene render targets to support 1312x604 Format 10 NumSamples 1 (Frame:1).
[2018.08.03-12.03.22:282][  0]LogContentBrowser: Native class hierarchy updated for 'HierarchicalLODOutliner' in 0.0002 seconds. Added 0 classes and 0 folders.
[2018.08.03-12.03.22:283][  0]LogLoad: (Engine Initialization) Total time: 10.63 seconds
[2018.08.03-12.03.22:283][  0]LogLoad: (Engine Initialization) Total Blueprint compile time: 0.00 seconds
[2018.08.03-12.03.22:645][  0]LogContentStreaming: Texture pool size now 1000 MB
[2018.08.03-12.03.22:682][  0]LogSlate: Took 0.000169 seconds to synchronously load lazily loaded font '../../../Engine/Content/Slate/Fonts/Roboto-Light.ttf' (167K)
[2018.08.03-12.03.22:976][  1]LogAssetRegistry: Asset discovery search completed in 6.8060 seconds
[2018.08.03-12.03.22:977][  1]LogCollectionManager: Rebuilt the object cache for 0 collections in 0.000000 seconds (found 0 objects)
[2018.08.03-12.03.22:977][  1]LogCollectionManager: Fixed up redirectors for 0 collections in 0.000035 seconds (updated 0 objects)
[2018.08.03-12.03.27:953][ 16]LogEditorViewport: Clicking on Actor (LMB): 바위_C (바위)
[2018.08.03-12.03.28:681][ 87]LogSlate: FSceneViewport::OnFocusLost() reason 0
[2018.08.03-12.04.13:697][485]LogEditorViewport: Clicking on Actor (LMB): 아이템줍기_C (체력포션3)
[2018.08.03-12.04.14:303][554]LogSlate: Took 0.000217 seconds to synchronously load lazily loaded font '../../../Engine/Content/Slate/Fonts/Roboto-Italic.ttf' (157K)
[2018.08.03-12.04.14:976][634]LogSlate: FSceneViewport::OnFocusLost() reason 0
[2018.08.03-12.04.15:103][648]LogSlate: Took 0.000215 seconds to synchronously load lazily loaded font '../../../Engine/Content/Slate/Fonts/Roboto-Light.ttf' (167K)
[2018.08.03-12.04.15:334][648]LogContentBrowser: Native class hierarchy updated for 'BlueprintGraph' in 0.0005 seconds. Added 116 classes and 0 folders.
[2018.08.03-12.04.15:568][648]LogUObjectGlobals: Created PersistentFrame Addr=0x000001fd0e849918, Size=4, Default__SKEL_PROTO_BP_AnimBlueprint_0_C Function /Engine/Transient.SKEL_PROTO_BP_AnimBlueprint_0_C:ExecuteUbergraph_PROTO_BP_AnimBlueprint_0
[2018.08.03-12.04.15:568][648]LogUObjectGlobals: Created PersistentFrame Addr=0x000001fd0e8498e0, Size=4, Default__PROTO_BP_AnimBlueprint_0_C Function /Engine/Transient.PROTO_BP_AnimBlueprint_0_C:ExecuteUbergraph_PROTO_BP_AnimBlueprint_0
[2018.08.03-12.04.15:890][648]LogSlate: Took 0.000215 seconds to synchronously load lazily loaded font '../../../Engine/Content/Slate/Fonts/Roboto-BoldCondensed.ttf' (158K)
[2018.08.03-12.04.23:933][437]LogSlate: Window '아이템줍기' being destroyed
[2018.08.03-12.05.01:671][563]LogEditorViewport: Clicking on Actor (LMB): 바위_C (바위)
[2018.08.03-12.05.04:604][855]LogSlate: FSceneViewport::OnFocusLost() reason 0
[2018.08.03-12.05.17:407][ 84]LogSlate: Window '아이템줍기' being destroyed
[2018.08.03-12.08.06:859][ 10]LogEditorViewport: Clicking on Actor (LMB): 아이템줍기_C (체력포션1)
[2018.08.03-12.08.10:181][343]LogEditorViewport: Clicking on Actor (LMB): 아이템줍기_C (체력포션2)
[2018.08.03-12.08.10:872][411]LogEditorViewport: Clicking on Actor (LMB): 아이템줍기_C (체력포션1)
[2018.08.03-12.08.15:408][856]LogSlate: FSceneViewport::OnFocusLost() reason 0
[2018.08.03-12.08.18:256][124]LogSlate: FSceneViewport::OnFocusLost() reason 2
[2018.08.03-12.08.21:005][409]LogEditorViewport: Clicking on Actor (LMB): 아이템줍기_C (체력포션1)
[2018.08.03-12.08.21:766][484]LogEditorViewport: Clicking on Actor (LMB): 아이템줍기_C (아이템줍기)
[2018.08.03-12.08.22:970][607]Cmd: DELETE
[2018.08.03-12.08.22:970][607]Cmd: ACTOR DELETE
[2018.08.03-12.08.22:972][607]LogEditorActor: Deleted Actor: 아이템줍기_C
[2018.08.03-12.08.22:996][607]LogEditorActor: Deleted 1 Actors (0.026 secs)
[2018.08.03-12.08.24:587][782]LogSlate: FSceneViewport::OnFocusLost() reason 0
[2018.08.03-12.08.31:342][492]LogActorComponent: UnregisterComponent: (/Engine/Transient.EditorFloorComp) Not registered. Aborting.
[2018.08.03-12.08.33:916][650]LogSlate: Window '콘텐츠 저장' being destroyed
[2018.08.03-12.08.33:932][650]LogSlate: FSceneViewport::OnFocusLost() reason 2
[2018.08.03-12.08.34:181][650]LogSavePackage: Save=113.50ms
[2018.08.03-12.08.34:181][650]LogSavePackage: Moving '../../../../../GitHub/DefOffGame/DefenseSurvival/Saved/TopDownExampleMapCE9D52704794E7AD9B0E4980DC290BFC.tmp' to '../../../../../GitHub/DefOffGame/DefenseSurvival/Content/TopDownBP/Maps/TopDownExampleMap.umap'
[2018.08.03-12.08.34:185][650]LogSavePackage: Display: Finished SavePackage ../../../../../GitHub/DefOffGame/DefenseSurvival/Content/TopDownBP/Maps/TopDownExampleMap.umap
[2018.08.03-12.08.34:222][650]LogFileHelpers: Saving map 'TopDownExampleMap' took 0.284
[2018.08.03-12.08.34:225][650]Cmd: OBJ SAVEPACKAGE PACKAGE="/Game/TopDownBP/인벤토리시스템/아이템/아이템_체력포션" FILE="../../../../../GitHub/DefOffGame/DefenseSurvival/Content/TopDownBP/인벤토리시스템/아이템/아이템_체력포션.uasset" SILENT=true
[2018.08.03-12.08.34:245][650]LogSavePackage: Save=9.53ms
[2018.08.03-12.08.34:245][650]LogSavePackage: Moving '../../../../../GitHub/DefOffGame/DefenseSurvival/Saved/아이템_체력포션7BD95D954C14028364B78C88C38917B1.tmp' to '../../../../../GitHub/DefOffGame/DefenseSurvival/Content/TopDownBP/인벤토리시스템/아이템/아이템_체력포션.uasset'
[2018.08.03-12.08.34:248][650]LogSavePackage: Display: Finished SavePackage ../../../../../GitHub/DefOffGame/DefenseSurvival/Content/TopDownBP/인벤토리시스템/아이템/아이템_체력포션.uasset
[2018.08.03-12.08.34:262][651]LogSlate: FSceneViewport::OnFocusLost() reason 0
[2018.08.03-12.08.49:898][308]LogSlate: Window '아이템줍기' being destroyed
[2018.08.03-12.08.50:840][421]LogSlate: FSceneViewport::OnFocusLost() reason 0
[2018.08.03-12.09.00:193][465]LogActorComponent: UnregisterComponent: (/Engine/Transient.EditorFloorComp) Not registered. Aborting.
[2018.08.03-12.09.11:422][801]LogEditorViewport: Clicking on Actor (LMB): 바위_C (바위)
[2018.08.03-12.09.12:776][960]LogSlate: FSceneViewport::OnFocusLost() reason 0
[2018.08.03-12.09.34:561][526]LogSlate: FSceneViewport::OnFocusLost() reason 0
[2018.08.03-12.10.00:055][455]LogActorComponent: UnregisterComponent: (/Engine/Transient.EditorFloorComp) Not registered. Aborting.
[2018.08.03-12.10.00:649][519]LogActorComponent: UnregisterComponent: (/Engine/Transient.EditorFloorComp) Not registered. Aborting.
[2018.08.03-12.10.15:575][218]LogEditorViewport: Clicking on Actor (LMB): 아이템줍기_C (체력포션1)
[2018.08.03-12.10.16:128][279]LogSlate: FSceneViewport::OnFocusLost() reason 0
[2018.08.03-12.11.28:495][127]LogSlate: Window 'DefenseSurvival - 언리얼 에디터' being destroyed
[2018.08.03-12.11.28:670][128]Cmd: QUIT_EDITOR
[2018.08.03-12.11.28:690][128]LogWindowsTextInputMethodSystem: Display: IME system now activated using TSF (Microsoft 입력기).
[2018.08.03-12.11.28:700][128]LogSlate: Slate User Destroyed.  User Index 0, Is Virtual User: 0
[2018.08.03-12.11.28:700][128]LogExit: Preparing to exit.
[2018.08.03-12.11.29:713][128]LogDirectoryWatcher: A directory notification for 'D:/GitHub/DefOffGame/DefenseSurvival/Content/' was aborted.
[2018.08.03-12.11.29:741][128]LogExit: Editor shut down
[2018.08.03-12.11.29:744][128]LogExit: Transaction tracking system shut down
[2018.08.03-12.11.29:745][128]LogUObjectGlobals: Destroyed PersistentFrame Addr=0x000001fd6d03a980, Size=144
[2018.08.03-12.11.29:745][128]LogUObjectGlobals: Destroyed PersistentFrame Addr=0x000001fd6d095d00, Size=320
[2018.08.03-12.11.29:745][128]LogUObjectGlobals: Destroyed PersistentFrame Addr=0x000001fd6deba200, Size=264
[2018.08.03-12.11.29:745][128]LogUObjectGlobals: Destroyed PersistentFrame Addr=0x000001fd6ee4b8e0, Size=48
[2018.08.03-12.11.29:745][128]LogUObjectGlobals: Destroyed PersistentFrame Addr=0x000001fd6edeaca0, Size=144
[2018.08.03-12.11.29:745][128]LogUObjectGlobals: Destroyed PersistentFrame Addr=0x000001fd6ed3bf60, Size=4
[2018.08.03-12.11.29:745][128]LogUObjectGlobals: Destroyed PersistentFrame Addr=0x000001fd6ed1fd80, Size=136
[2018.08.03-12.11.29:745][128]LogUObjectGlobals: Destroyed PersistentFrame Addr=0x000001fd6ee38800, Size=416
[2018.08.03-12.11.29:745][128]LogUObjectGlobals: Destroyed PersistentFrame Addr=0x000001fd6eca3200, Size=1760
[2018.08.03-12.11.29:745][128]LogUObjectGlobals: Destroyed PersistentFrame Addr=0x000001fd6ed3b990, Size=4
[2018.08.03-12.11.29:745][128]LogUObjectGlobals: Destroyed PersistentFrame Addr=0x000001fd6ec63d60, Size=12
[2018.08.03-12.11.29:745][128]LogUObjectGlobals: Destroyed PersistentFrame Addr=0x000001fd6ec17a40, Size=64
[2018.08.03-12.11.29:745][128]LogUObjectGlobals: Destroyed PersistentFrame Addr=0x000001fd6deb9a80, Size=288
[2018.08.03-12.11.29:745][128]LogUObjectGlobals: Destroyed PersistentFrame Addr=0x000001fd6eb9a320, Size=104
[2018.08.03-12.11.29:746][128]LogUObjectGlobals: Destroyed PersistentFrame Addr=0x000001fd6d736800, Size=384
[2018.08.03-12.11.29:746][128]LogUObjectGlobals: Destroyed PersistentFrame Addr=0x000001fd6d743b80, Size=384
[2018.08.03-12.11.29:746][128]LogUObjectGlobals: Destroyed PersistentFrame Addr=0x000001fd6ebd3460, Size=48
[2018.08.03-12.11.29:746][128]LogUObjectGlobals: Destroyed PersistentFrame Addr=0x000001fd6ebd2fe0, Size=48
[2018.08.03-12.11.29:746][128]LogUObjectGlobals: Destroyed PersistentFrame Addr=0x000001fd6ebd1000, Size=48
[2018.08.03-12.11.29:746][128]LogUObjectGlobals: Destroyed PersistentFrame Addr=0x000001fd6e63a940, Size=208
[2018.08.03-12.11.29:747][128]LogUObjectGlobals: Destroyed PersistentFrame Addr=0x000001fd0e849918, Size=4
[2018.08.03-12.11.29:747][128]LogUObjectGlobals: Destroyed PersistentFrame Addr=0x000001fd0e8498e0, Size=4
[2018.08.03-12.11.29:936][128]LogDirectoryWatcher: A directory notification for '../../../Engine/Content/' was aborted.
[2018.08.03-12.11.29:936][128]LogDirectoryWatcher: A directory notification for '../../../../../GitHub/DefOffGame/DefenseSurvival/Content/' was aborted.
[2018.08.03-12.11.29:936][128]LogDirectoryWatcher: A directory notification for '../../Plugins/2D/Paper2D/Content/' was aborted.
[2018.08.03-12.11.29:936][128]LogDirectoryWatcher: A directory notification for '../../Plugins/Enterprise/DatasmithContent/Content/' was aborted.
[2018.08.03-12.11.29:936][128]LogDirectoryWatcher: A directory notification for '../../Plugins/Media/MediaCompositing/Content/' was aborted.
[2018.08.03-12.11.29:936][128]LogDirectoryWatcher: A directory notification for '../../Plugins/Runtime/AppleARKit/Content/' was aborted.
[2018.08.03-12.11.29:936][128]LogDirectoryWatcher: A directory notification for '../../Plugins/Runtime/Oculus/OculusVR/Content/' was aborted.
[2018.08.03-12.11.29:936][128]LogDirectoryWatcher: A directory notification for '../../Plugins/Runtime/Steam/SteamVR/Content/' was aborted.
[2018.08.03-12.11.30:009][128]LogExit: Object subsystem successfully closed.
[2018.08.03-12.11.30:022][128]LogShaderCompilers: Display: Shaders left to compile 0
[2018.08.03-12.11.30:025][128]LogD3D11RHI: Shutdown
[2018.08.03-12.11.30:025][128]LogD3D11RHI: CleanupD3DDevice
[2018.08.03-12.11.30:026][128]LogD3D11RHI: ~FD3D11DynamicRHI
[2018.08.03-12.11.30:035][128]LogModuleManager: Shutting down and abandoning module BlueprintGraph (576)
[2018.08.03-12.11.30:035][128]LogModuleManager: Shutting down and abandoning module HierarchicalLODOutliner (574)
[2018.08.03-12.11.30:035][128]LogModuleManager: Shutting down and abandoning module SceneOutliner (572)
[2018.08.03-12.11.30:035][128]LogModuleManager: Shutting down and abandoning module AddContentDialog (570)
[2018.08.03-12.11.30:035][128]LogDirectoryWatcher: A directory notification for 'D:/EpicGames/UE_4.19/FeaturePacks/' was aborted.
[2018.08.03-12.11.30:036][128]LogModuleManager: Shutting down and abandoning module WidgetCarousel (569)
[2018.08.03-12.11.30:036][128]LogModuleManager: Shutting down and abandoning module EditorWidgets (566)
[2018.08.03-12.11.30:036][128]LogModuleManager: Shutting down and abandoning module CollectionManager (564)
[2018.08.03-12.11.30:036][128]LogDirectoryWatcher: A directory notification for 'D:/GitHub/DefOffGame/DefenseSurvival/Content/Collections/' was aborted.
[2018.08.03-12.11.30:036][128]LogDirectoryWatcher: A directory notification for 'D:/GitHub/DefOffGame/DefenseSurvival/Content/Developers/user/Collections/' was aborted.
[2018.08.03-12.11.30:036][128]LogDirectoryWatcher: A directory notification for 'D:/GitHub/DefOffGame/DefenseSurvival/Saved/Collections/' was aborted.
[2018.08.03-12.11.30:036][128]LogModuleManager: Shutting down and abandoning module StatsViewer (562)
[2018.08.03-12.11.30:036][128]LogModuleManager: Shutting down and abandoning module FoliageEdit (560)
[2018.08.03-12.11.30:036][128]LogModuleManager: Shutting down and abandoning module LandscapeEditor (558)
[2018.08.03-12.11.30:036][128]LogModuleManager: Shutting down and abandoning module MeshPaintMode (556)
[2018.08.03-12.11.30:036][128]LogModuleManager: Shutting down and abandoning module SceneDepthPickerMode (554)
[2018.08.03-12.11.30:036][128]LogModuleManager: Shutting down and abandoning module ActorPickerMode (552)
[2018.08.03-12.11.30:036][128]LogModuleManager: Shutting down and abandoning module GeometryMode (550)
[2018.08.03-12.11.30:036][128]LogModuleManager: Shutting down and abandoning module TextureAlignMode (548)
[2018.08.03-12.11.30:036][128]LogModuleManager: Shutting down and abandoning module BspMode (546)
[2018.08.03-12.11.30:036][128]LogModuleManager: Shutting down and abandoning module PIEPreviewDeviceProfileSelector (544)
[2018.08.03-12.11.30:036][128]LogModuleManager: Shutting down and abandoning module HardwareSurvey (542)
[2018.08.03-12.11.30:036][128]LogModuleManager: Shutting down and abandoning module SequenceRecorderSections (540)
[2018.08.03-12.11.30:036][128]LogModuleManager: Shutting down and abandoning module AutomationWorker (538)
[2018.08.03-12.11.30:036][128]LogModuleManager: Shutting down and abandoning module AudioCaptureEditor (536)
[2018.08.03-12.11.30:036][128]LogModuleManager: Shutting down and abandoning module SequenceRecorder (535)
[2018.08.03-12.11.30:036][128]LogModuleManager: Shutting down and abandoning module MatineeToLevelSequence (532)
[2018.08.03-12.11.30:036][128]LogModuleManager: Shutting down and abandoning module LevelSequenceEditor (530)
[2018.08.03-12.11.30:036][128]LogModuleManager: Shutting down and abandoning module PlacementMode (529)
[2018.08.03-12.11.30:036][128]LogModuleManager: Shutting down and abandoning module MaterialEditor (528)
[2018.08.03-12.11.30:036][128]LogModuleManager: Shutting down and abandoning module WmfMediaFactory (524)
[2018.08.03-12.11.30:036][128]LogModuleManager: Shutting down and abandoning module WmfMediaEditor (522)
[2018.08.03-12.11.30:036][128]LogModuleManager: Shutting down and abandoning module MediaPlayerEditor (520)
[2018.08.03-12.11.30:036][128]LogModuleManager: Shutting down and abandoning module OpenExrWrapper (518)
[2018.08.03-12.11.30:036][128]LogModuleManager: Shutting down and abandoning module ImgMediaFactory (516)
[2018.08.03-12.11.30:036][128]LogModuleManager: Shutting down and abandoning module ImgMediaEditor (514)
[2018.08.03-12.11.30:036][128]LogModuleManager: Shutting down and abandoning module AvfMediaFactory (512)
[2018.08.03-12.11.30:036][128]LogModuleManager: Shutting down and abandoning module AvfMediaEditor (510)
[2018.08.03-12.11.30:037][128]LogModuleManager: Shutting down and abandoning module AndroidMediaFactory (508)
[2018.08.03-12.11.30:037][128]LogModuleManager: Shutting down and abandoning module AndroidMediaEditor (506)
[2018.08.03-12.11.30:037][128]LogModuleManager: Shutting down and abandoning module CharacterAI (504)
[2018.08.03-12.11.30:037][128]LogModuleManager: Shutting down and abandoning module SmartSnapping (502)
[2018.08.03-12.11.30:037][128]LogModuleManager: Shutting down and abandoning module SessionServices (500)
[2018.08.03-12.11.30:037][128]LogModuleManager: Shutting down and abandoning module ViewportSnapping (498)
[2018.08.03-12.11.30:037][128]LogModuleManager: Shutting down and abandoning module ViewportInteraction (496)
[2018.08.03-12.11.30:037][128]LogModuleManager: Shutting down and abandoning module ClothPainter (494)
[2018.08.03-12.11.30:037][128]LogModuleManager: Shutting down and abandoning module SkeletalMeshEditor (493)
[2018.08.03-12.11.30:037][128]LogModuleManager: Shutting down and abandoning module LogVisualizer (490)
[2018.08.03-12.11.30:037][128]LogModuleManager: Shutting down and abandoning module IntroTutorials (488)
[2018.08.03-12.11.30:037][128]LogModuleManager: Shutting down and abandoning module GameProjectGeneration (487)
[2018.08.03-12.11.30:037][128]LogModuleManager: Shutting down and abandoning module IOSPlatformEditor (484)
[2018.08.03-12.11.30:037][128]LogModuleManager: Shutting down and abandoning module HTML5PlatformEditor (482)
[2018.08.03-12.11.30:037][128]LogModuleManager: Shutting down and abandoning module AndroidPlatformEditor (480)
[2018.08.03-12.11.30:037][128]LogModuleManager: Shutting down and abandoning module AndroidDeviceDetection (479)
[2018.08.03-12.11.30:354][128]LogModuleManager: Shutting down and abandoning module WindowsPlatformEditor (476)
[2018.08.03-12.11.30:354][128]LogModuleManager: Shutting down and abandoning module IOSRuntimeSettings (474)
[2018.08.03-12.11.30:354][128]LogModuleManager: Shutting down and abandoning module AndroidRuntimeSettings (472)
[2018.08.03-12.11.30:354][128]LogModuleManager: Shutting down and abandoning module InputBindingEditor (470)
[2018.08.03-12.11.30:354][128]LogModuleManager: Shutting down and abandoning module MergeActors (468)
[2018.08.03-12.11.30:354][128]LogModuleManager: Shutting down and abandoning module LocalizationDashboard (466)
[2018.08.03-12.11.30:354][128]LogModuleManager: Shutting down and abandoning module LocalizationService (465)
[2018.08.03-12.11.30:354][128]LogModuleManager: Shutting down and abandoning module HardwareTargeting (462)
[2018.08.03-12.11.30:354][128]LogModuleManager: Shutting down and abandoning module DeviceProfileEditor (460)
[2018.08.03-12.11.30:354][128]LogModuleManager: Shutting down and abandoning module UndoHistory (458)
[2018.08.03-12.11.30:354][128]LogModuleManager: Shutting down and abandoning module XmlParser (456)
[2018.08.03-12.11.30:354][128]LogModuleManager: Shutting down and abandoning module Blutility (454)
[2018.08.03-12.11.30:354][128]LogModuleManager: Shutting down and abandoning module ProjectSettingsViewer (452)
[2018.08.03-12.11.30:354][128]LogModuleManager: Shutting down and abandoning module ProjectTargetPlatformEditor (451)
[2018.08.03-12.11.30:354][128]LogModuleManager: Shutting down and abandoning module EditorSettingsViewer (448)
[2018.08.03-12.11.30:354][128]LogModuleManager: Shutting down and abandoning module SettingsEditor (446)
[2018.08.03-12.11.30:354][128]LogModuleManager: Shutting down and abandoning module ProjectLauncher (444)
[2018.08.03-12.11.30:354][128]LogModuleManager: Shutting down and abandoning module SessionFrontend (442)
[2018.08.03-12.11.30:354][128]LogModuleManager: Shutting down and abandoning module ProfilerClient (440)
[2018.08.03-12.11.30:354][128]LogModuleManager: Shutting down and abandoning module DeviceManager (438)
[2018.08.03-12.11.30:354][128]LogModuleManager: Shutting down and abandoning module TargetDeviceServices (437)
[2018.08.03-12.11.30:410][128]LogModuleManager: Shutting down and abandoning module AutomationController (434)
[2018.08.03-12.11.30:410][128]LogModuleManager: Shutting down and abandoning module AutomationWindow (432)
[2018.08.03-12.11.30:410][128]LogModuleManager: Shutting down and abandoning module Layers (430)
[2018.08.03-12.11.30:410][128]LogModuleManager: Shutting down and abandoning module ComponentVisualizers (428)
[2018.08.03-12.11.30:410][128]LogModuleManager: Shutting down and abandoning module DetailCustomizations (426)
[2018.08.03-12.11.30:410][128]LogModuleManager: Shutting down and abandoning module PackagesDialog (424)
[2018.08.03-12.11.30:410][128]LogModuleManager: Shutting down and abandoning module Persona (422)
[2018.08.03-12.11.30:411][128]LogModuleManager: Shutting down and abandoning module AdvancedPreviewScene (421)
[2018.08.03-12.11.30:411][128]LogModuleManager: Shutting down and abandoning module AnimGraph (419)
[2018.08.03-12.11.30:411][128]LogModuleManager: Shutting down and abandoning module Kismet (416)
[2018.08.03-12.11.30:418][128]LogModuleManager: Shutting down and abandoning module GraphEditor (414)
[2018.08.03-12.11.30:418][128]LogModuleManager: Shutting down and abandoning module ClassViewer (412)
[2018.08.03-12.11.30:418][128]LogModuleManager: Shutting down and abandoning module Toolbox (410)
[2018.08.03-12.11.30:418][128]LogModuleManager: Shutting down and abandoning module ModuleUI (408)
[2018.08.03-12.11.30:418][128]LogModuleManager: Shutting down and abandoning module MovieSceneTools (406)
[2018.08.03-12.11.30:418][128]LogModuleManager: Shutting down and abandoning module OutputLog (404)
[2018.08.03-12.11.30:418][128]LogModuleManager: Shutting down and abandoning module GammaUI (402)
[2018.08.03-12.11.30:418][128]LogModuleManager: Shutting down and abandoning module Documentation (400)
[2018.08.03-12.11.30:418][128]LogModuleManager: Shutting down and abandoning module MovieSceneTracks (398)
[2018.08.03-12.11.30:418][128]LogModuleManager: Shutting down and abandoning module MovieScene (396)
[2018.08.03-12.11.30:418][128]LogModuleManager: Shutting down and abandoning module StreamingPauseRendering (394)
[2018.08.03-12.11.30:418][128]LogModuleManager: Shutting down and abandoning module LauncherPlatform (392)
[2018.08.03-12.11.30:418][128]LogModuleManager: Shutting down and abandoning module AnalyticsET (390)
[2018.08.03-12.11.30:419][128]LogModuleManager: Shutting down and abandoning module PortalServices (388)
[2018.08.03-12.11.30:419][128]LogModuleManager: Shutting down and abandoning module PortalRpc (386)
[2018.08.03-12.11.30:419][128]LogModuleManager: Shutting down and abandoning module MessagingRpc (384)
[2018.08.03-12.11.30:419][128]LogModuleManager: Shutting down and abandoning module AIModule (382)
[2018.08.03-12.11.30:419][128]LogModuleManager: Shutting down and abandoning module GameplayDebugger (381)
[2018.08.03-12.11.30:419][128]LogModuleManager: Shutting down and abandoning module AITestSuite (379)
[2018.08.03-12.11.30:419][128]LogModuleManager: Shutting down and abandoning module DesktopPlatform (376)
[2018.08.03-12.11.30:419][128]LogModuleManager: Shutting down and abandoning module ProfilerService (374)
[2018.08.03-12.11.30:549][128]LogModuleManager: Shutting down and abandoning module TaskGraph (372)
[2018.08.03-12.11.30:549][128]LogModuleManager: Shutting down and abandoning module SteamVRController (370)
[2018.08.03-12.11.30:549][128]LogModuleManager: Shutting down and abandoning module ProceduralMeshComponentEditor (368)
[2018.08.03-12.11.30:549][128]LogModuleManager: Shutting down and abandoning module ProceduralMeshComponent (366)
[2018.08.03-12.11.30:549][128]LogModuleManager: Shutting down and abandoning module OculusInput (364)
[2018.08.03-12.11.30:549][128]LogModuleManager: Shutting down and abandoning module MobilePatchingUtils (362)
[2018.08.03-12.11.30:549][128]LogModuleManager: Shutting down and abandoning module CustomMeshComponent (360)
[2018.08.03-12.11.30:549][128]LogModuleManager: Shutting down and abandoning module CableComponent (358)
[2018.08.03-12.11.30:549][128]LogModuleManager: Shutting down and abandoning module AudioCapture (356)
[2018.08.03-12.11.30:549][128]LogModuleManager: Shutting down and abandoning module ArchVisCharacter (354)
[2018.08.03-12.11.30:549][128]LogModuleManager: Shutting down and abandoning module AndroidPermission (352)
[2018.08.03-12.11.30:549][128]LogModuleManager: Shutting down and abandoning module NUTUnrealEngine4 (348)
[2018.08.03-12.11.30:549][128]LogModuleManager: Shutting down and abandoning module NetcodeUnitTest (346)
[2018.08.03-12.11.30:549][128]LogModuleManager: Shutting down and abandoning module MediaCompositingEditor (344)
[2018.08.03-12.11.30:549][128]LogModuleManager: Shutting down and abandoning module MediaCompositing (342)
[2018.08.03-12.11.30:549][128]LogModuleManager: Shutting down and abandoning module LinearTimecode (340)
[2018.08.03-12.11.30:549][128]LogModuleManager: Shutting down and abandoning module ImgMedia (338)
[2018.08.03-12.11.30:552][128]LogModuleManager: Shutting down and abandoning module HTML5Networking (336)
[2018.08.03-12.11.30:552][128]LogModuleManager: Shutting down and abandoning module AlembicImporter (334)
[2018.08.03-12.11.30:552][128]LogModuleManager: Shutting down and abandoning module AlembicLibrary (333)
[2018.08.03-12.11.30:552][128]LogModuleManager: Shutting down and abandoning module GeometryCache (332)
[2018.08.03-12.11.30:552][128]LogModuleManager: Shutting down and abandoning module GeometryCacheEd (331)
[2018.08.03-12.11.30:552][128]LogModuleManager: Shutting down and abandoning module DatasmithContent (326)
[2018.08.03-12.11.30:552][128]LogModuleManager: Shutting down and abandoning module SpeedTreeImporter (324)
[2018.08.03-12.11.30:552][128]LogModuleManager: Shutting down and abandoning module PluginBrowser (322)
[2018.08.03-12.11.30:552][128]LogModuleManager: Shutting down and abandoning module MobileLauncherProfileWizard (320)
[2018.08.03-12.11.30:552][128]LogModuleManager: Shutting down and abandoning module CryptoKeysOpenSSL (318)
[2018.08.03-12.11.30:552][128]LogModuleManager: Shutting down and abandoning module CryptoKeys (316)
[2018.08.03-12.11.30:552][128]LogModuleManager: Shutting down and abandoning module VisualStudioSourceCodeAccess (314)
[2018.08.03-12.11.30:552][128]LogModuleManager: Shutting down and abandoning module VisualStudioCodeSourceCodeAccess (312)
[2018.08.03-12.11.30:552][128]LogModuleManager: Shutting down and abandoning module UObjectPlugin (310)
[2018.08.03-12.11.30:552][128]LogModuleManager: Shutting down and abandoning module SubversionSourceControl (308)
[2018.08.03-12.11.30:553][128]LogModuleManager: Shutting down and abandoning module PerforceSourceControl (306)
[2018.08.03-12.11.30:553][128]LogModuleManager: Shutting down and abandoning module GitSourceControl (304)
[2018.08.03-12.11.30:553][128]LogModuleManager: Shutting down and abandoning module SourceControl (303)
[2018.08.03-12.11.30:553][128]LogModuleManager: Shutting down and abandoning module CLionSourceCodeAccess (300)
[2018.08.03-12.11.30:553][128]LogModuleManager: Shutting down and abandoning module LightPropagationVolumeEditor (298)
[2018.08.03-12.11.30:553][128]LogModuleManager: Shutting down and abandoning module PaperTiledImporter (296)
[2018.08.03-12.11.30:553][128]LogModuleManager: Shutting down and abandoning module PaperSpriteSheetImporter (294)
[2018.08.03-12.11.30:553][128]LogModuleManager: Shutting down and abandoning module Paper2DEditor (292)
[2018.08.03-12.11.30:553][128]LogModuleManager: Shutting down and abandoning module MeshPaint (291)
[2018.08.03-12.11.30:553][128]LogModuleManager: Shutting down and abandoning module RuntimePhysXCooking (288)
[2018.08.03-12.11.30:553][128]LogModuleManager: Shutting down and abandoning module PhysXVehiclesEditor (286)
[2018.08.03-12.11.30:553][128]LogModuleManager: Shutting down and abandoning module PhysXVehicles (284)
[2018.08.03-12.11.30:553][128]LogModuleManager: Shutting down and abandoning module OculusEditor (282)
[2018.08.03-12.11.30:553][128]LogModuleManager: Shutting down and abandoning module LocationServicesBPLibrary (280)
[2018.08.03-12.11.30:553][128]LogModuleManager: Shutting down and abandoning module ImmediatePhysicsEditor (278)
[2018.08.03-12.11.30:553][128]LogModuleManager: Shutting down and abandoning module ImmediatePhysics (276)
[2018.08.03-12.11.30:553][128]LogModuleManager: Shutting down and abandoning module ActorSequence (274)
[2018.08.03-12.11.30:553][128]LogModuleManager: Shutting down and abandoning module UdpMessaging (272)
[2018.08.03-12.11.30:654][128]LogModuleManager: Shutting down and abandoning module TcpMessaging (270)
[2018.08.03-12.11.30:755][128]LogModuleManager: Shutting down and abandoning module GameplayTagsEditor (268)
[2018.08.03-12.11.30:755][128]LogModuleManager: Shutting down and abandoning module FacialAnimationEditor (266)
[2018.08.03-12.11.30:755][128]LogModuleManager: Shutting down and abandoning module FacialAnimation (264)
[2018.08.03-12.11.30:755][128]LogModuleManager: Shutting down and abandoning module DataValidation (262)
[2018.08.03-12.11.30:755][128]LogModuleManager: Shutting down and abandoning module AssetManagerEditor (260)
[2018.08.03-12.11.30:755][128]LogModuleManager: Shutting down and abandoning module LevelEditor (259)
[2018.08.03-12.11.30:755][128]LogModuleManager: Shutting down and abandoning module PixelInspectorModule (258)
[2018.08.03-12.11.30:755][128]LogModuleManager: Shutting down and abandoning module CommonMenuExtensions (256)
[2018.08.03-12.11.30:756][128]LogModuleManager: Shutting down and abandoning module MainFrame (254)
[2018.08.03-12.11.30:756][128]LogModuleManager: Shutting down and abandoning module HotReload (253)
[2018.08.03-12.11.30:756][128]LogModuleManager: Shutting down and abandoning module ContentBrowser (249)
[2018.08.03-12.11.30:757][128]LogModuleManager: Shutting down and abandoning module TreeMap (247)
[2018.08.03-12.11.30:757][128]LogModuleManager: Shutting down and abandoning module LightPropagationVolumeRuntime (244)
[2018.08.03-12.11.30:757][128]LogModuleManager: Shutting down and abandoning module LiveLinkEditor (242)
[2018.08.03-12.11.30:757][128]LogModuleManager: Shutting down and abandoning module LiveLink (240)
[2018.08.03-12.11.31:386][128]LogModuleManager: Shutting down and abandoning module Paper2D (238)
[2018.08.03-12.11.31:386][128]LogModuleManager: Shutting down and abandoning module WindowsMoviePlayer (236)
[2018.08.03-12.11.31:386][128]LogModuleManager: Shutting down and abandoning module WmfMedia (234)
[2018.08.03-12.11.31:387][128]LogModuleManager: Shutting down and abandoning module Media (233)
[2018.08.03-12.11.31:393][128]LogModuleManager: Shutting down and abandoning module PacketHandler (230)
[2018.08.03-12.11.31:393][128]LogModuleManager: Shutting down and abandoning module ClothingSystemEditor (228)
[2018.08.03-12.11.31:393][128]LogModuleManager: Shutting down and abandoning module ClothingSystemRuntime (226)
[2018.08.03-12.11.31:393][128]LogModuleManager: Shutting down and abandoning module MediaAssets (224)
[2018.08.03-12.11.31:393][128]LogModuleManager: Shutting down and abandoning module Overlay (222)
[2018.08.03-12.11.31:393][128]LogModuleManager: Shutting down and abandoning module OverlayEditor (221)
[2018.08.03-12.11.31:393][128]LogModuleManager: Shutting down and abandoning module VREditor (218)
[2018.08.03-12.11.31:393][128]LogModuleManager: Shutting down and abandoning module StringTableEditor (216)
[2018.08.03-12.11.31:393][128]LogModuleManager: Shutting down and abandoning module GameplayTasksEditor (214)
[2018.08.03-12.11.31:393][128]LogModuleManager: Shutting down and abandoning module BehaviorTreeEditor (212)
[2018.08.03-12.11.31:393][128]LogModuleManager: Shutting down and abandoning module FunctionalTesting (210)
[2018.08.03-12.11.31:393][128]LogModuleManager: Shutting down and abandoning module CollisionAnalyzer (208)
[2018.08.03-12.11.31:393][128]LogModuleManager: Shutting down and abandoning module WorkspaceMenuStructure (207)
[2018.08.03-12.11.31:393][128]LogModuleManager: Shutting down and abandoning module UMG (204)
[2018.08.03-12.11.31:393][128]LogModuleManager: Shutting down and abandoning module UMGEditor (203)
[2018.08.03-12.11.31:393][128]LogModuleManager: Shutting down and abandoning module Sequencer (202)
[2018.08.03-12.11.31:393][128]LogModuleManager: Shutting down and abandoning module MessageLog (199)
[2018.08.03-12.11.31:393][128]LogModuleManager: Shutting down and abandoning module SlateReflector (194)
[2018.08.03-12.11.31:393][128]LogModuleManager: Shutting down and abandoning module Slate (192)
[2018.08.03-12.11.31:393][128]LogModuleManager: Shutting down and abandoning module EditorStyle (190)
[2018.08.03-12.11.31:395][128]LogModuleManager: Shutting down and abandoning module MRMesh (188)
[2018.08.03-12.11.31:395][128]LogModuleManager: Shutting down and abandoning module SourceCodeAccess (186)
[2018.08.03-12.11.31:395][128]LogModuleManager: Shutting down and abandoning module HeadMountedDisplay (184)
[2018.08.03-12.11.31:395][128]LogModuleManager: Shutting down and abandoning module XAudio2 (182)
[2018.08.03-12.11.31:395][128]LogModuleManager: Shutting down and abandoning module Networking (180)
[2018.08.03-12.11.31:395][128]LogModuleManager: Shutting down and abandoning module Core (178)
[2018.08.03-12.11.31:395][128]LogModuleManager: Shutting down and abandoning module LevelSequence (176)
[2018.08.03-12.11.31:395][128]LogModuleManager: Shutting down and abandoning module KismetCompiler (174)
[2018.08.03-12.11.31:395][128]LogModuleManager: Shutting down and abandoning module MeshUtilities (172)
[2018.08.03-12.11.31:395][128]LogModuleManager: Shutting down and abandoning module MeshMergeUtilities (171)
[2018.08.03-12.11.31:395][128]LogModuleManager: Shutting down and abandoning module MeshReductionInterface (170)
[2018.08.03-12.11.31:395][128]LogModuleManager: Shutting down and abandoning module SimplygonSwarm (169)
[2018.08.03-12.11.31:395][128]LogModuleManager: Shutting down and abandoning module SimplygonMeshReduction (167)
[2018.08.03-12.11.31:395][128]LogModuleManager: Shutting down and abandoning module QuadricMeshReduction (165)
[2018.08.03-12.11.31:395][128]LogModuleManager: Shutting down and abandoning module MaterialBaking (161)
[2018.08.03-12.11.31:395][128]LogModuleManager: Shutting down and abandoning module DirectoryWatcher (157)
[2018.08.03-12.11.31:396][128]LogModuleManager: Shutting down and abandoning module DerivedDataCache (154)
[2018.08.03-12.11.31:456][128]LogDerivedDataCache: Shutdown
[2018.08.03-12.11.31:456][128]LogModuleManager: Shutting down and abandoning module XGEController (152)
[2018.08.03-12.11.31:456][128]LogXGEController: Cleaning working directory: C:/Users/user/AppData/Local/Temp/UnrealXGEWorkingDir/
[2018.08.03-12.11.31:456][128]LogModuleManager: Shutting down and abandoning module TargetPlatform (150)
[2018.08.03-12.11.31:456][128]LogModuleManager: Shutting down and abandoning module VulkanShaderFormat (149)
[2018.08.03-12.11.31:456][128]LogModuleManager: Shutting down and abandoning module ShaderFormatVectorVM (147)
[2018.08.03-12.11.31:456][128]LogModuleManager: Shutting down and abandoning module ShaderFormatOpenGL (145)
[2018.08.03-12.11.31:456][128]LogModuleManager: Shutting down and abandoning module ShaderFormatD3D (143)
[2018.08.03-12.11.31:456][128]LogModuleManager: Shutting down and abandoning module MetalShaderFormat (141)
[2018.08.03-12.11.31:456][128]LogModuleManager: Shutting down and abandoning module TextureFormatUncompressed (139)
[2018.08.03-12.11.31:456][128]LogModuleManager: Shutting down and abandoning module TextureFormatPVR (137)
[2018.08.03-12.11.31:456][128]LogModuleManager: Shutting down and abandoning module TextureFormatDXT (135)
[2018.08.03-12.11.31:456][128]LogModuleManager: Shutting down and abandoning module TextureFormatIntelISPCTexComp (133)
[2018.08.03-12.11.31:456][128]LogModuleManager: Shutting down and abandoning module TextureFormatASTC (131)
[2018.08.03-12.11.31:456][128]LogModuleManager: Shutting down and abandoning module ImageWrapper (130)
[2018.08.03-12.11.31:456][128]LogModuleManager: Shutting down and abandoning module TextureFormatAndroid (127)
[2018.08.03-12.11.31:456][128]LogModuleManager: Shutting down and abandoning module AudioFormatOpus (125)
[2018.08.03-12.11.31:457][128]LogModuleManager: Shutting down and abandoning module AudioFormatOgg (123)
[2018.08.03-12.11.31:457][128]LogModuleManager: Shutting down and abandoning module AudioFormatADPCM (121)
[2018.08.03-12.11.31:457][128]LogModuleManager: Shutting down and abandoning module LinuxTargetPlatform (119)
[2018.08.03-12.11.31:457][128]LogModuleManager: Shutting down and abandoning module LinuxServerTargetPlatform (117)
[2018.08.03-12.11.31:457][128]LogModuleManager: Shutting down and abandoning module LinuxNoEditorTargetPlatform (115)
[2018.08.03-12.11.31:457][128]LogModuleManager: Shutting down and abandoning module LinuxClientTargetPlatform (113)
[2018.08.03-12.11.31:457][128]LogModuleManager: Shutting down and abandoning module TVOSTargetPlatform (111)
[2018.08.03-12.11.31:457][128]LogModuleManager: Shutting down and abandoning module Messaging (109)
[2018.08.03-12.11.31:457][128]LogModuleManager: Shutting down and abandoning module IOSTargetPlatform (107)
[2018.08.03-12.11.31:457][128]LogModuleManager: Shutting down and abandoning module HTML5TargetPlatform (105)
[2018.08.03-12.11.31:457][128]LogModuleManager: Shutting down and abandoning module AndroidTargetPlatform (103)
[2018.08.03-12.11.31:457][128]LogModuleManager: Shutting down and abandoning module Android_PVRTCTargetPlatform (101)
[2018.08.03-12.11.31:457][128]LogModuleManager: Shutting down and abandoning module Android_MultiTargetPlatform (99)
[2018.08.03-12.11.31:457][128]LogModuleManager: Shutting down and abandoning module Android_ETC2TargetPlatform (97)
[2018.08.03-12.11.31:457][128]LogModuleManager: Shutting down and abandoning module Android_ETC1TargetPlatform (95)
[2018.08.03-12.11.31:457][128]LogModuleManager: Shutting down and abandoning module Android_ETC1aTargetPlatform (93)
[2018.08.03-12.11.31:457][128]LogModuleManager: Shutting down and abandoning module Android_DXTTargetPlatform (91)
[2018.08.03-12.11.31:457][128]LogModuleManager: Shutting down and abandoning module Android_ATCTargetPlatform (89)
[2018.08.03-12.11.31:457][128]LogModuleManager: Shutting down and abandoning module Android_ASTCTargetPlatform (87)
[2018.08.03-12.11.31:457][128]LogModuleManager: Shutting down and abandoning module WindowsTargetPlatform (85)
[2018.08.03-12.11.31:457][128]LogModuleManager: Shutting down and abandoning module WindowsServerTargetPlatform (83)
[2018.08.03-12.11.31:457][128]LogModuleManager: Shutting down and abandoning module WindowsNoEditorTargetPlatform (81)
[2018.08.03-12.11.31:457][128]LogModuleManager: Shutting down and abandoning module WindowsClientTargetPlatform (79)
[2018.08.03-12.11.31:457][128]LogModuleManager: Shutting down and abandoning module MacTargetPlatform (77)
[2018.08.03-12.11.31:457][128]LogModuleManager: Shutting down and abandoning module MacServerTargetPlatform (75)
[2018.08.03-12.11.31:457][128]LogModuleManager: Shutting down and abandoning module MacNoEditorTargetPlatform (73)
[2018.08.03-12.11.31:457][128]LogModuleManager: Shutting down and abandoning module MacClientTargetPlatform (71)
[2018.08.03-12.11.31:457][128]LogModuleManager: Shutting down and abandoning module AllDesktopTargetPlatform (69)
[2018.08.03-12.11.31:457][128]LogModuleManager: Shutting down and abandoning module InputCore (66)
[2018.08.03-12.11.31:457][128]LogModuleManager: Shutting down and abandoning module Settings (64)
[2018.08.03-12.11.31:457][128]LogModuleManager: Shutting down and abandoning module PhysXCooking (62)
[2018.08.03-12.11.31:457][128]LogModuleManager: Shutting down and abandoning module SteamVR (60)
[2018.08.03-12.11.31:457][128]LogModuleManager: Shutting down and abandoning module OculusHMD (58)
[2018.08.03-12.11.31:457][128]LogModuleManager: Shutting down and abandoning module ExampleDeviceProfileSelector (56)
[2018.08.03-12.11.31:457][128]LogModuleManager: Shutting down and abandoning module AppleARKit (54)
[2018.08.03-12.11.31:457][128]LogModuleManager: Shutting down and abandoning module AugmentedReality (51)
[2018.08.03-12.11.31:457][128]LogModuleManager: Shutting down and abandoning module OnlineBlueprintSupport (48)
[2018.08.03-12.11.31:457][128]LogModuleManager: Shutting down and abandoning module OnlineSubsystem (44)
[2018.08.03-12.11.31:457][128]LogModuleManager: Shutting down and abandoning module XMPP (43)
[2018.08.03-12.11.31:457][128]LogModuleManager: Shutting down and abandoning module HTTP (41)
[2018.08.03-12.11.31:457][128]LogHttp: Display: Http module shutting down, but needs to wait on 1 outstanding Http requests:
[2018.08.03-12.11.31:457][128]LogHttp: Display: 	verb=[POST] url=[https://datarouter.ol.epicgames.com/datarouter/api/v1/public/data?SessionID=%7B1CC03845-4DE8-786A-FBD1-348421BBFE56%7D&AppID=UEEditor.Rocket.Release&AppVersion=4.19.2-4033788%2B%2B%2BUE4%2BRelease-4.19&UserID=b5a2aad048c5dd91a640ef9c48d8cb5d%7C92e601156b18439c8aaf9522ba7a0171%7C35688319-27be-4d42-a38e-675d2b994995&AppEnvironment=datacollector-binary&UploadType=eteventstream] status=Processing
[2018.08.03-12.11.31:488][128]LogModuleManager: Shutting down and abandoning module SSL (40)
[2018.08.03-12.11.31:489][128]LogModuleManager: Shutting down and abandoning module AnimationModifiers (36)
[2018.08.03-12.11.31:489][128]LogModuleManager: Shutting down and abandoning module PropertyEditor (35)
[2018.08.03-12.11.31:489][128]LogModuleManager: Shutting down and abandoning module AudioEditor (32)
[2018.08.03-12.11.31:489][128]LogModuleManager: Shutting down and abandoning module TextureCompressor (30)
[2018.08.03-12.11.31:489][128]LogModuleManager: Shutting down and abandoning module ShaderCore (28)
[2018.08.03-12.11.31:489][128]LogModuleManager: Shutting down and abandoning module Landscape (26)
[2018.08.03-12.11.31:489][128]LogModuleManager: Shutting down and abandoning module SlateRHIRenderer (24)
[2018.08.03-12.11.31:492][128]LogModuleManager: Shutting down and abandoning module OpenGLDrv (22)
[2018.08.03-12.11.31:492][128]LogModuleManager: Shutting down and abandoning module D3D11RHI (20)
[2018.08.03-12.11.31:492][128]LogModuleManager: Shutting down and abandoning module AnimGraphRuntime (18)
[2018.08.03-12.11.31:492][128]LogModuleManager: Shutting down and abandoning module Renderer (16)
[2018.08.03-12.11.31:492][128]LogModuleManager: Shutting down and abandoning module Engine (14)
[2018.08.03-12.11.31:492][128]LogModuleManager: Shutting down and abandoning module CoreUObject (12)
[2018.08.03-12.11.31:492][128]LogModuleManager: Shutting down and abandoning module NetworkFile (10)
[2018.08.03-12.11.31:492][128]LogModuleManager: Shutting down and abandoning module CookedIterativeFile (8)
[2018.08.03-12.11.31:492][128]LogModuleManager: Shutting down and abandoning module StreamingFile (6)
[2018.08.03-12.11.31:492][128]LogModuleManager: Shutting down and abandoning module SandboxFile (4)
[2018.08.03-12.11.31:492][128]LogModuleManager: Shutting down and abandoning module PakFile (2)
[2018.08.03-12.11.31:497][128]LogExit: Exiting.
[2018.08.03-12.11.31:516][128]Log file closed, 08/03/18 21:11:31
